2017.08.24 17:30 A C:\xampp\htdocs\projects\palmasettimiinc\wp-content\plugins\jetpack\json-endpoints\jetpack\class.jetpack-json-api-check-capabilities-endpoint.php <-- dev-palmasettimiinc /wp-content/plugins/jetpack/json-endpoints/jetpack class.jetpack-json-api-check-capabilities-endpoint.php
2017.08.24 17:30 A C:\xampp\htdocs\projects\palmasettimiinc\wp-content\plugins\jetpack\json-endpoints\jetpack\class.jetpack-json-api-core-endpoint.php <-- dev-palmasettimiinc /wp-content/plugins/jetpack/json-endpoints/jetpack class.jetpack-json-api-core-endpoint.php
2017.08.24 17:30 A C:\xampp\htdocs\projects\palmasettimiinc\wp-content\plugins\jetpack\json-endpoints\jetpack\class.jetpack-json-api-core-modify-endpoint.php <-- dev-palmasettimiinc /wp-content/plugins/jetpack/json-endpoints/jetpack class.jetpack-json-api-core-modify-endpoint.php
2017.08.24 17:30 A C:\xampp\htdocs\projects\palmasettimiinc\wp-content\plugins\jetpack\json-endpoints\jetpack\class.jetpack-json-api-cron-endpoint.php <-- dev-palmasettimiinc /wp-content/plugins/jetpack/json-endpoints/jetpack class.jetpack-json-api-cron-endpoint.php
2017.08.24 17:30 A C:\xampp\htdocs\projects\palmasettimiinc\wp-content\plugins\jetpack\json-endpoints\jetpack\class.jetpack-json-api-endpoint.php <-- dev-palmasettimiinc /wp-content/plugins/jetpack/json-endpoints/jetpack class.jetpack-json-api-endpoint.php
2017.08.24 17:30 A C:\xampp\htdocs\projects\palmasettimiinc\wp-content\plugins\jetpack\json-endpoints\jetpack\class.jetpack-json-api-get-comment-backup-endpoint.php <-- dev-palmasettimiinc /wp-content/plugins/jetpack/json-endpoints/jetpack class.jetpack-json-api-get-comment-backup-endpoint.php
2017.08.24 17:30 A C:\xampp\htdocs\projects\palmasettimiinc\wp-content\plugins\jetpack\json-endpoints\jetpack\class.jetpack-json-api-get-option-backup-endpoint.php <-- dev-palmasettimiinc /wp-content/plugins/jetpack/json-endpoints/jetpack class.jetpack-json-api-get-option-backup-endpoint.php
2017.08.24 17:30 A C:\xampp\htdocs\projects\palmasettimiinc\wp-content\plugins\jetpack\json-endpoints\jetpack\class.jetpack-json-api-get-post-backup-endpoint.php <-- dev-palmasettimiinc /wp-content/plugins/jetpack/json-endpoints/jetpack class.jetpack-json-api-get-post-backup-endpoint.php
2017.08.24 17:30 A C:\xampp\htdocs\projects\palmasettimiinc\wp-content\plugins\jetpack\json-endpoints\jetpack\class.jetpack-json-api-get-term-backup-endpoint.php <-- dev-palmasettimiinc /wp-content/plugins/jetpack/json-endpoints/jetpack class.jetpack-json-api-get-term-backup-endpoint.php
2017.08.24 17:30 A C:\xampp\htdocs\projects\palmasettimiinc\wp-content\plugins\jetpack\json-endpoints\jetpack\class.jetpack-json-api-get-user-backup-endpoint.php <-- dev-palmasettimiinc /wp-content/plugins/jetpack/json-endpoints/jetpack class.jetpack-json-api-get-user-backup-endpoint.php
2017.08.24 17:30 A C:\xampp\htdocs\projects\palmasettimiinc\wp-content\plugins\jetpack\json-endpoints\jetpack\class.jetpack-json-api-log-endpoint.php <-- dev-palmasettimiinc /wp-content/plugins/jetpack/json-endpoints/jetpack class.jetpack-json-api-log-endpoint.php
2017.08.24 17:30 A C:\xampp\htdocs\projects\palmasettimiinc\wp-content\plugins\jetpack\json-endpoints\jetpack\class.jetpack-json-api-maybe-auto-update-endpoint.php <-- dev-palmasettimiinc /wp-content/plugins/jetpack/json-endpoints/jetpack class.jetpack-json-api-maybe-auto-update-endpoint.php
2017.08.24 17:30 A C:\xampp\htdocs\projects\palmasettimiinc\wp-content\plugins\jetpack\json-endpoints\jetpack\class.jetpack-json-api-modules-endpoint.php <-- dev-palmasettimiinc /wp-content/plugins/jetpack/json-endpoints/jetpack class.jetpack-json-api-modules-endpoint.php
2017.08.24 17:30 A C:\xampp\htdocs\projects\palmasettimiinc\wp-content\plugins\jetpack\json-endpoints\jetpack\class.jetpack-json-api-modules-get-endpoint.php <-- dev-palmasettimiinc /wp-content/plugins/jetpack/json-endpoints/jetpack class.jetpack-json-api-modules-get-endpoint.php
2017.08.24 17:30 A C:\xampp\htdocs\projects\palmasettimiinc\wp-content\plugins\jetpack\json-endpoints\jetpack\class.jetpack-json-api-modules-list-endpoint.php <-- dev-palmasettimiinc /wp-content/plugins/jetpack/json-endpoints/jetpack class.jetpack-json-api-modules-list-endpoint.php
2017.08.24 17:30 A C:\xampp\htdocs\projects\palmasettimiinc\wp-content\plugins\jetpack\json-endpoints\jetpack\class.jetpack-json-api-modules-modify-endpoint.php <-- dev-palmasettimiinc /wp-content/plugins/jetpack/json-endpoints/jetpack class.jetpack-json-api-modules-modify-endpoint.php
2017.08.24 17:30 A C:\xampp\htdocs\projects\palmasettimiinc\wp-content\plugins\jetpack\json-endpoints\jetpack\class.jetpack-json-api-plugins-delete-endpoint.php <-- dev-palmasettimiinc /wp-content/plugins/jetpack/json-endpoints/jetpack class.jetpack-json-api-plugins-delete-endpoint.php
2017.08.24 17:30 A C:\xampp\htdocs\projects\palmasettimiinc\wp-content\plugins\jetpack\json-endpoints\jetpack\class.jetpack-json-api-plugins-endpoint.php <-- dev-palmasettimiinc /wp-content/plugins/jetpack/json-endpoints/jetpack class.jetpack-json-api-plugins-endpoint.php
2017.08.24 17:30 A C:\xampp\htdocs\projects\palmasettimiinc\wp-content\plugins\jetpack\json-endpoints\jetpack\class.jetpack-json-api-plugins-get-endpoint.php <-- dev-palmasettimiinc /wp-content/plugins/jetpack/json-endpoints/jetpack class.jetpack-json-api-plugins-get-endpoint.php
2017.08.24 17:30 A C:\xampp\htdocs\projects\palmasettimiinc\wp-content\plugins\jetpack\json-endpoints\jetpack\class.jetpack-json-api-plugins-install-endpoint.php <-- dev-palmasettimiinc /wp-content/plugins/jetpack/json-endpoints/jetpack class.jetpack-json-api-plugins-install-endpoint.php
2017.08.24 17:30 A C:\xampp\htdocs\projects\palmasettimiinc\wp-content\plugins\jetpack\json-endpoints\jetpack\class.jetpack-json-api-plugins-list-endpoint.php <-- dev-palmasettimiinc /wp-content/plugins/jetpack/json-endpoints/jetpack class.jetpack-json-api-plugins-list-endpoint.php
2017.08.24 17:30 A C:\xampp\htdocs\projects\palmasettimiinc\wp-content\plugins\jetpack\json-endpoints\jetpack\class.jetpack-json-api-plugins-modify-endpoint.php <-- dev-palmasettimiinc /wp-content/plugins/jetpack/json-endpoints/jetpack class.jetpack-json-api-plugins-modify-endpoint.php
2017.08.24 17:30 A C:\xampp\htdocs\projects\palmasettimiinc\wp-content\plugins\jetpack\json-endpoints\jetpack\class.jetpack-json-api-plugins-new-endpoint.php <-- dev-palmasettimiinc /wp-content/plugins/jetpack/json-endpoints/jetpack class.jetpack-json-api-plugins-new-endpoint.php
2017.08.24 17:30 A C:\xampp\htdocs\projects\palmasettimiinc\wp-content\plugins\jetpack\json-endpoints\jetpack\class.jetpack-json-api-sync-endpoint.php <-- dev-palmasettimiinc /wp-content/plugins/jetpack/json-endpoints/jetpack class.jetpack-json-api-sync-endpoint.php
2017.08.24 17:30 A C:\xampp\htdocs\projects\palmasettimiinc\wp-content\plugins\jetpack\json-endpoints\jetpack\class.jetpack-json-api-themes-active-endpoint.php <-- dev-palmasettimiinc /wp-content/plugins/jetpack/json-endpoints/jetpack class.jetpack-json-api-themes-active-endpoint.php
2017.08.24 17:30 A C:\xampp\htdocs\projects\palmasettimiinc\wp-content\plugins\jetpack\json-endpoints\jetpack\class.jetpack-json-api-themes-delete-endpoint.php <-- dev-palmasettimiinc /wp-content/plugins/jetpack/json-endpoints/jetpack class.jetpack-json-api-themes-delete-endpoint.php
2017.08.24 17:30 A C:\xampp\htdocs\projects\palmasettimiinc\wp-content\plugins\jetpack\json-endpoints\jetpack\class.jetpack-json-api-themes-endpoint.php <-- dev-palmasettimiinc /wp-content/plugins/jetpack/json-endpoints/jetpack class.jetpack-json-api-themes-endpoint.php
2017.08.24 17:30 A C:\xampp\htdocs\projects\palmasettimiinc\wp-content\plugins\jetpack\json-endpoints\jetpack\class.jetpack-json-api-themes-get-endpoint.php <-- dev-palmasettimiinc /wp-content/plugins/jetpack/json-endpoints/jetpack class.jetpack-json-api-themes-get-endpoint.php
2017.08.24 17:30 A C:\xampp\htdocs\projects\palmasettimiinc\wp-content\plugins\jetpack\json-endpoints\jetpack\class.jetpack-json-api-themes-install-endpoint.php <-- dev-palmasettimiinc /wp-content/plugins/jetpack/json-endpoints/jetpack class.jetpack-json-api-themes-install-endpoint.php
2017.08.24 17:30 A C:\xampp\htdocs\projects\palmasettimiinc\wp-content\plugins\jetpack\json-endpoints\jetpack\class.jetpack-json-api-themes-list-endpoint.php <-- dev-palmasettimiinc /wp-content/plugins/jetpack/json-endpoints/jetpack class.jetpack-json-api-themes-list-endpoint.php
2017.08.24 17:30 A C:\xampp\htdocs\projects\palmasettimiinc\wp-content\plugins\jetpack\json-endpoints\jetpack\class.jetpack-json-api-themes-modify-endpoint.php <-- dev-palmasettimiinc /wp-content/plugins/jetpack/json-endpoints/jetpack class.jetpack-json-api-themes-modify-endpoint.php
2017.08.24 17:30 A C:\xampp\htdocs\projects\palmasettimiinc\wp-content\plugins\jetpack\json-endpoints\jetpack\class.jetpack-json-api-themes-new-endpoint.php <-- dev-palmasettimiinc /wp-content/plugins/jetpack/json-endpoints/jetpack class.jetpack-json-api-themes-new-endpoint.php
2017.08.24 17:30 A C:\xampp\htdocs\projects\palmasettimiinc\wp-content\plugins\jetpack\json-endpoints\jetpack\class.jetpack-json-api-translations-endpoint.php <-- dev-palmasettimiinc /wp-content/plugins/jetpack/json-endpoints/jetpack class.jetpack-json-api-translations-endpoint.php
2017.08.24 17:30 A C:\xampp\htdocs\projects\palmasettimiinc\wp-content\plugins\jetpack\json-endpoints\jetpack\class.jetpack-json-api-translations-modify-endpoint.php <-- dev-palmasettimiinc /wp-content/plugins/jetpack/json-endpoints/jetpack class.jetpack-json-api-translations-modify-endpoint.php
2017.08.24 17:30 A C:\xampp\htdocs\projects\palmasettimiinc\wp-content\plugins\jetpack\json-endpoints\jetpack\class.jetpack-json-api-updates-status-endpoint.php <-- dev-palmasettimiinc /wp-content/plugins/jetpack/json-endpoints/jetpack class.jetpack-json-api-updates-status-endpoint.php
2017.08.24 17:30 A C:\xampp\htdocs\projects\palmasettimiinc\wp-content\plugins\jetpack\json-endpoints\jetpack\class.jetpack-json-api-user-connect-endpoint.php <-- dev-palmasettimiinc /wp-content/plugins/jetpack/json-endpoints/jetpack class.jetpack-json-api-user-connect-endpoint.php
2017.08.24 17:30 A C:\xampp\htdocs\projects\palmasettimiinc\wp-content\plugins\jetpack\json-endpoints\jetpack\class.jetpack-json-api-user-create-endpoint.php <-- dev-palmasettimiinc /wp-content/plugins/jetpack/json-endpoints/jetpack class.jetpack-json-api-user-create-endpoint.php
2017.08.24 17:30 A C:\xampp\htdocs\projects\palmasettimiinc\wp-content\plugins\jetpack\json-endpoints\jetpack\class.wpcom-json-api-get-option-endpoint.php <-- dev-palmasettimiinc /wp-content/plugins/jetpack/json-endpoints/jetpack class.wpcom-json-api-get-option-endpoint.php
2017.08.24 17:30 A C:\xampp\htdocs\projects\palmasettimiinc\wp-content\plugins\jetpack\json-endpoints\jetpack\class.wpcom-json-api-update-option-endpoint.php <-- dev-palmasettimiinc /wp-content/plugins/jetpack/json-endpoints/jetpack class.wpcom-json-api-update-option-endpoint.php
2017.08.24 17:30 A C:\xampp\htdocs\projects\palmasettimiinc\wp-content\plugins\jetpack\json-endpoints\jetpack\json-api-jetpack-endpoints.php <-- dev-palmasettimiinc /wp-content/plugins/jetpack/json-endpoints/jetpack json-api-jetpack-endpoints.php
