2017.08.24 17:27 B C:\xampp\htdocs\projects\palmasettimiinc\wp-admin\error_log <-- dev-palmasettimiinc /wp-admin error_log
2017.08.24 17:27 A C:\xampp\htdocs\projects\palmasettimiinc\wp-admin\about.php <-- dev-palmasettimiinc /wp-admin about.php
2017.08.24 17:27 A C:\xampp\htdocs\projects\palmasettimiinc\wp-admin\admin-ajax.php <-- dev-palmasettimiinc /wp-admin admin-ajax.php
2017.08.24 17:27 A C:\xampp\htdocs\projects\palmasettimiinc\wp-admin\admin-footer.php <-- dev-palmasettimiinc /wp-admin admin-footer.php
2017.08.24 17:27 A C:\xampp\htdocs\projects\palmasettimiinc\wp-admin\admin-functions.php <-- dev-palmasettimiinc /wp-admin admin-functions.php
2017.08.24 17:27 A C:\xampp\htdocs\projects\palmasettimiinc\wp-admin\admin-header.php <-- dev-palmasettimiinc /wp-admin admin-header.php
2017.08.24 17:27 A C:\xampp\htdocs\projects\palmasettimiinc\wp-admin\admin-post.php <-- dev-palmasettimiinc /wp-admin admin-post.php
2017.08.24 17:27 A C:\xampp\htdocs\projects\palmasettimiinc\wp-admin\admin.php <-- dev-palmasettimiinc /wp-admin admin.php
2017.08.24 17:27 A C:\xampp\htdocs\projects\palmasettimiinc\wp-admin\async-upload.php <-- dev-palmasettimiinc /wp-admin async-upload.php
2017.08.24 17:27 A C:\xampp\htdocs\projects\palmasettimiinc\wp-admin\comment.php <-- dev-palmasettimiinc /wp-admin comment.php
2017.08.24 17:27 A C:\xampp\htdocs\projects\palmasettimiinc\wp-admin\credits.php <-- dev-palmasettimiinc /wp-admin credits.php
2017.08.24 17:27 A C:\xampp\htdocs\projects\palmasettimiinc\wp-admin\custom-background.php <-- dev-palmasettimiinc /wp-admin custom-background.php
2017.08.24 17:27 A C:\xampp\htdocs\projects\palmasettimiinc\wp-admin\custom-header.php <-- dev-palmasettimiinc /wp-admin custom-header.php
2017.08.24 17:27 A C:\xampp\htdocs\projects\palmasettimiinc\wp-admin\customize.php <-- dev-palmasettimiinc /wp-admin customize.php
2017.08.24 17:27 A C:\xampp\htdocs\projects\palmasettimiinc\wp-admin\edit-comments.php <-- dev-palmasettimiinc /wp-admin edit-comments.php
2017.08.24 17:27 A C:\xampp\htdocs\projects\palmasettimiinc\wp-admin\edit-form-advanced.php <-- dev-palmasettimiinc /wp-admin edit-form-advanced.php
2017.08.24 17:27 A C:\xampp\htdocs\projects\palmasettimiinc\wp-admin\edit-form-comment.php <-- dev-palmasettimiinc /wp-admin edit-form-comment.php
2017.08.24 17:27 A C:\xampp\htdocs\projects\palmasettimiinc\wp-admin\edit-link-form.php <-- dev-palmasettimiinc /wp-admin edit-link-form.php
2017.08.24 17:27 A C:\xampp\htdocs\projects\palmasettimiinc\wp-admin\edit-tag-form.php <-- dev-palmasettimiinc /wp-admin edit-tag-form.php
2017.08.24 17:27 A C:\xampp\htdocs\projects\palmasettimiinc\wp-admin\edit-tags.php <-- dev-palmasettimiinc /wp-admin edit-tags.php
2017.08.24 17:27 A C:\xampp\htdocs\projects\palmasettimiinc\wp-admin\edit.php <-- dev-palmasettimiinc /wp-admin edit.php
2017.08.24 17:27 A C:\xampp\htdocs\projects\palmasettimiinc\wp-admin\export.php <-- dev-palmasettimiinc /wp-admin export.php
2017.08.24 17:27 A C:\xampp\htdocs\projects\palmasettimiinc\wp-admin\freedoms.php <-- dev-palmasettimiinc /wp-admin freedoms.php
2017.08.24 17:27 A C:\xampp\htdocs\projects\palmasettimiinc\wp-admin\import.php <-- dev-palmasettimiinc /wp-admin import.php
2017.08.24 17:27 A C:\xampp\htdocs\projects\palmasettimiinc\wp-admin\index.php <-- dev-palmasettimiinc /wp-admin index.php
2017.08.24 17:27 A C:\xampp\htdocs\projects\palmasettimiinc\wp-admin\install-helper.php <-- dev-palmasettimiinc /wp-admin install-helper.php
2017.08.24 17:27 A C:\xampp\htdocs\projects\palmasettimiinc\wp-admin\install.php <-- dev-palmasettimiinc /wp-admin install.php
2017.08.24 17:27 A C:\xampp\htdocs\projects\palmasettimiinc\wp-admin\link-add.php <-- dev-palmasettimiinc /wp-admin link-add.php
2017.08.24 17:27 A C:\xampp\htdocs\projects\palmasettimiinc\wp-admin\link-manager.php <-- dev-palmasettimiinc /wp-admin link-manager.php
2017.08.24 17:27 A C:\xampp\htdocs\projects\palmasettimiinc\wp-admin\link-parse-opml.php <-- dev-palmasettimiinc /wp-admin link-parse-opml.php
2017.08.24 17:28 A C:\xampp\htdocs\projects\palmasettimiinc\wp-admin\link.php <-- dev-palmasettimiinc /wp-admin link.php
2017.08.24 17:28 A C:\xampp\htdocs\projects\palmasettimiinc\wp-admin\load-scripts.php <-- dev-palmasettimiinc /wp-admin load-scripts.php
2017.08.24 17:28 A C:\xampp\htdocs\projects\palmasettimiinc\wp-admin\load-styles.php <-- dev-palmasettimiinc /wp-admin load-styles.php
2017.08.24 17:28 A C:\xampp\htdocs\projects\palmasettimiinc\wp-admin\media-new.php <-- dev-palmasettimiinc /wp-admin media-new.php
2017.08.24 17:28 A C:\xampp\htdocs\projects\palmasettimiinc\wp-admin\media-upload.php <-- dev-palmasettimiinc /wp-admin media-upload.php
2017.08.24 17:28 A C:\xampp\htdocs\projects\palmasettimiinc\wp-admin\media.php <-- dev-palmasettimiinc /wp-admin media.php
2017.08.24 17:28 A C:\xampp\htdocs\projects\palmasettimiinc\wp-admin\menu-header.php <-- dev-palmasettimiinc /wp-admin menu-header.php
2017.08.24 17:28 A C:\xampp\htdocs\projects\palmasettimiinc\wp-admin\menu.php <-- dev-palmasettimiinc /wp-admin menu.php
2017.08.24 17:28 A C:\xampp\htdocs\projects\palmasettimiinc\wp-admin\moderation.php <-- dev-palmasettimiinc /wp-admin moderation.php
2017.08.24 17:28 A C:\xampp\htdocs\projects\palmasettimiinc\wp-admin\ms-admin.php <-- dev-palmasettimiinc /wp-admin ms-admin.php
2017.08.24 17:28 A C:\xampp\htdocs\projects\palmasettimiinc\wp-admin\ms-delete-site.php <-- dev-palmasettimiinc /wp-admin ms-delete-site.php
2017.08.24 17:28 A C:\xampp\htdocs\projects\palmasettimiinc\wp-admin\ms-edit.php <-- dev-palmasettimiinc /wp-admin ms-edit.php
2017.08.24 17:28 A C:\xampp\htdocs\projects\palmasettimiinc\wp-admin\ms-options.php <-- dev-palmasettimiinc /wp-admin ms-options.php
2017.08.24 17:28 A C:\xampp\htdocs\projects\palmasettimiinc\wp-admin\ms-sites.php <-- dev-palmasettimiinc /wp-admin ms-sites.php
2017.08.24 17:28 A C:\xampp\htdocs\projects\palmasettimiinc\wp-admin\ms-themes.php <-- dev-palmasettimiinc /wp-admin ms-themes.php
2017.08.24 17:28 A C:\xampp\htdocs\projects\palmasettimiinc\wp-admin\ms-upgrade-network.php <-- dev-palmasettimiinc /wp-admin ms-upgrade-network.php
2017.08.24 17:28 A C:\xampp\htdocs\projects\palmasettimiinc\wp-admin\ms-users.php <-- dev-palmasettimiinc /wp-admin ms-users.php
2017.08.24 17:28 A C:\xampp\htdocs\projects\palmasettimiinc\wp-admin\my-sites.php <-- dev-palmasettimiinc /wp-admin my-sites.php
2017.08.24 17:28 A C:\xampp\htdocs\projects\palmasettimiinc\wp-admin\nav-menus.php <-- dev-palmasettimiinc /wp-admin nav-menus.php
2017.08.24 17:28 A C:\xampp\htdocs\projects\palmasettimiinc\wp-admin\network.php <-- dev-palmasettimiinc /wp-admin network.php
2017.08.24 17:28 A C:\xampp\htdocs\projects\palmasettimiinc\wp-admin\options-discussion.php <-- dev-palmasettimiinc /wp-admin options-discussion.php
2017.08.24 17:28 A C:\xampp\htdocs\projects\palmasettimiinc\wp-admin\options-general.php <-- dev-palmasettimiinc /wp-admin options-general.php
2017.08.24 17:28 A C:\xampp\htdocs\projects\palmasettimiinc\wp-admin\options-head.php <-- dev-palmasettimiinc /wp-admin options-head.php
2017.08.24 17:28 A C:\xampp\htdocs\projects\palmasettimiinc\wp-admin\options-media.php <-- dev-palmasettimiinc /wp-admin options-media.php
2017.08.24 17:28 A C:\xampp\htdocs\projects\palmasettimiinc\wp-admin\options-permalink.php <-- dev-palmasettimiinc /wp-admin options-permalink.php
2017.08.24 17:28 A C:\xampp\htdocs\projects\palmasettimiinc\wp-admin\options-reading.php <-- dev-palmasettimiinc /wp-admin options-reading.php
2017.08.24 17:28 A C:\xampp\htdocs\projects\palmasettimiinc\wp-admin\options-writing.php <-- dev-palmasettimiinc /wp-admin options-writing.php
2017.08.24 17:28 A C:\xampp\htdocs\projects\palmasettimiinc\wp-admin\options.php <-- dev-palmasettimiinc /wp-admin options.php
2017.08.24 17:28 A C:\xampp\htdocs\projects\palmasettimiinc\wp-admin\plugin-editor.php <-- dev-palmasettimiinc /wp-admin plugin-editor.php
2017.08.24 17:28 A C:\xampp\htdocs\projects\palmasettimiinc\wp-admin\plugin-install.php <-- dev-palmasettimiinc /wp-admin plugin-install.php
2017.08.24 17:28 A C:\xampp\htdocs\projects\palmasettimiinc\wp-admin\plugins.php <-- dev-palmasettimiinc /wp-admin plugins.php
2017.08.24 17:28 A C:\xampp\htdocs\projects\palmasettimiinc\wp-admin\post-new.php <-- dev-palmasettimiinc /wp-admin post-new.php
2017.08.24 17:28 A C:\xampp\htdocs\projects\palmasettimiinc\wp-admin\post.php <-- dev-palmasettimiinc /wp-admin post.php
2017.08.24 17:28 A C:\xampp\htdocs\projects\palmasettimiinc\wp-admin\press-this.php <-- dev-palmasettimiinc /wp-admin press-this.php
2017.08.24 17:28 A C:\xampp\htdocs\projects\palmasettimiinc\wp-admin\profile.php <-- dev-palmasettimiinc /wp-admin profile.php
2017.08.24 17:28 A C:\xampp\htdocs\projects\palmasettimiinc\wp-admin\revision.php <-- dev-palmasettimiinc /wp-admin revision.php
2017.08.24 17:28 A C:\xampp\htdocs\projects\palmasettimiinc\wp-admin\setup-config.php <-- dev-palmasettimiinc /wp-admin setup-config.php
2017.08.24 17:28 A C:\xampp\htdocs\projects\palmasettimiinc\wp-admin\term.php <-- dev-palmasettimiinc /wp-admin term.php
2017.08.24 17:28 A C:\xampp\htdocs\projects\palmasettimiinc\wp-admin\theme-editor.php <-- dev-palmasettimiinc /wp-admin theme-editor.php
2017.08.24 17:28 A C:\xampp\htdocs\projects\palmasettimiinc\wp-admin\theme-install.php <-- dev-palmasettimiinc /wp-admin theme-install.php
2017.08.24 17:28 A C:\xampp\htdocs\projects\palmasettimiinc\wp-admin\themes.php <-- dev-palmasettimiinc /wp-admin themes.php
2017.08.24 17:28 A C:\xampp\htdocs\projects\palmasettimiinc\wp-admin\tools.php <-- dev-palmasettimiinc /wp-admin tools.php
2017.08.24 17:28 A C:\xampp\htdocs\projects\palmasettimiinc\wp-admin\update-core.php <-- dev-palmasettimiinc /wp-admin update-core.php
2017.08.24 17:28 A C:\xampp\htdocs\projects\palmasettimiinc\wp-admin\update.php <-- dev-palmasettimiinc /wp-admin update.php
2017.08.24 17:28 A C:\xampp\htdocs\projects\palmasettimiinc\wp-admin\upgrade-functions.php <-- dev-palmasettimiinc /wp-admin upgrade-functions.php
2017.08.24 17:28 A C:\xampp\htdocs\projects\palmasettimiinc\wp-admin\upgrade.php <-- dev-palmasettimiinc /wp-admin upgrade.php
2017.08.24 17:28 A C:\xampp\htdocs\projects\palmasettimiinc\wp-admin\upload.php <-- dev-palmasettimiinc /wp-admin upload.php
2017.08.24 17:28 A C:\xampp\htdocs\projects\palmasettimiinc\wp-admin\user-edit.php <-- dev-palmasettimiinc /wp-admin user-edit.php
2017.08.24 17:28 A C:\xampp\htdocs\projects\palmasettimiinc\wp-admin\user-new.php <-- dev-palmasettimiinc /wp-admin user-new.php
2017.08.24 17:28 A C:\xampp\htdocs\projects\palmasettimiinc\wp-admin\users.php <-- dev-palmasettimiinc /wp-admin users.php
2017.08.24 17:28 A C:\xampp\htdocs\projects\palmasettimiinc\wp-admin\widgets.php <-- dev-palmasettimiinc /wp-admin widgets.php
