2017.08.24 17:29 B C:\xampp\htdocs\projects\palmasettimiinc\wp-content\plugins\jetpack\css\dashboard-widget-rtl.css <-- dev-palmasettimiinc /wp-content/plugins/jetpack/css dashboard-widget-rtl.css
2017.08.24 17:29 B C:\xampp\htdocs\projects\palmasettimiinc\wp-content\plugins\jetpack\css\dashboard-widget-rtl.min.css <-- dev-palmasettimiinc /wp-content/plugins/jetpack/css dashboard-widget-rtl.min.css
2017.08.24 17:29 B C:\xampp\htdocs\projects\palmasettimiinc\wp-content\plugins\jetpack\css\dashboard-widget.css <-- dev-palmasettimiinc /wp-content/plugins/jetpack/css dashboard-widget.css
2017.08.24 17:29 B C:\xampp\htdocs\projects\palmasettimiinc\wp-content\plugins\jetpack\css\dashboard-widget.min.css <-- dev-palmasettimiinc /wp-content/plugins/jetpack/css dashboard-widget.min.css
2017.08.24 17:29 B C:\xampp\htdocs\projects\palmasettimiinc\wp-content\plugins\jetpack\css\jetpack-admin-jitm-rtl.css <-- dev-palmasettimiinc /wp-content/plugins/jetpack/css jetpack-admin-jitm-rtl.css
2017.08.24 17:29 B C:\xampp\htdocs\projects\palmasettimiinc\wp-content\plugins\jetpack\css\jetpack-admin-jitm-rtl.min.css <-- dev-palmasettimiinc /wp-content/plugins/jetpack/css jetpack-admin-jitm-rtl.min.css
2017.08.24 17:29 B C:\xampp\htdocs\projects\palmasettimiinc\wp-content\plugins\jetpack\css\jetpack-admin-jitm.css <-- dev-palmasettimiinc /wp-content/plugins/jetpack/css jetpack-admin-jitm.css
2017.08.24 17:29 B C:\xampp\htdocs\projects\palmasettimiinc\wp-content\plugins\jetpack\css\jetpack-admin-jitm.min.css <-- dev-palmasettimiinc /wp-content/plugins/jetpack/css jetpack-admin-jitm.min.css
2017.08.24 17:29 B C:\xampp\htdocs\projects\palmasettimiinc\wp-content\plugins\jetpack\css\jetpack-admin-rtl.css <-- dev-palmasettimiinc /wp-content/plugins/jetpack/css jetpack-admin-rtl.css
2017.08.24 17:29 B C:\xampp\htdocs\projects\palmasettimiinc\wp-content\plugins\jetpack\css\jetpack-admin-rtl.min.css <-- dev-palmasettimiinc /wp-content/plugins/jetpack/css jetpack-admin-rtl.min.css
2017.08.24 17:29 B C:\xampp\htdocs\projects\palmasettimiinc\wp-content\plugins\jetpack\css\jetpack-admin.css <-- dev-palmasettimiinc /wp-content/plugins/jetpack/css jetpack-admin.css
2017.08.24 17:29 B C:\xampp\htdocs\projects\palmasettimiinc\wp-content\plugins\jetpack\css\jetpack-admin.min.css <-- dev-palmasettimiinc /wp-content/plugins/jetpack/css jetpack-admin.min.css
2017.08.24 17:29 B C:\xampp\htdocs\projects\palmasettimiinc\wp-content\plugins\jetpack\css\jetpack-banners-rtl.css <-- dev-palmasettimiinc /wp-content/plugins/jetpack/css jetpack-banners-rtl.css
2017.08.24 17:29 B C:\xampp\htdocs\projects\palmasettimiinc\wp-content\plugins\jetpack\css\jetpack-banners-rtl.min.css <-- dev-palmasettimiinc /wp-content/plugins/jetpack/css jetpack-banners-rtl.min.css
2017.08.24 17:29 B C:\xampp\htdocs\projects\palmasettimiinc\wp-content\plugins\jetpack\css\jetpack-banners.css <-- dev-palmasettimiinc /wp-content/plugins/jetpack/css jetpack-banners.css
2017.08.24 17:29 B C:\xampp\htdocs\projects\palmasettimiinc\wp-content\plugins\jetpack\css\jetpack-banners.min.css <-- dev-palmasettimiinc /wp-content/plugins/jetpack/css jetpack-banners.min.css
2017.08.24 17:29 B C:\xampp\htdocs\projects\palmasettimiinc\wp-content\plugins\jetpack\css\jetpack-icons-rtl.css <-- dev-palmasettimiinc /wp-content/plugins/jetpack/css jetpack-icons-rtl.css
2017.08.24 17:29 B C:\xampp\htdocs\projects\palmasettimiinc\wp-content\plugins\jetpack\css\jetpack-icons-rtl.min.css <-- dev-palmasettimiinc /wp-content/plugins/jetpack/css jetpack-icons-rtl.min.css
2017.08.24 17:29 B C:\xampp\htdocs\projects\palmasettimiinc\wp-content\plugins\jetpack\css\jetpack-icons.css <-- dev-palmasettimiinc /wp-content/plugins/jetpack/css jetpack-icons.css
2017.08.24 17:29 B C:\xampp\htdocs\projects\palmasettimiinc\wp-content\plugins\jetpack\css\jetpack-icons.min.css <-- dev-palmasettimiinc /wp-content/plugins/jetpack/css jetpack-icons.min.css
2017.08.24 17:29 B C:\xampp\htdocs\projects\palmasettimiinc\wp-content\plugins\jetpack\css\jetpack-idc-admin-bar-rtl.css <-- dev-palmasettimiinc /wp-content/plugins/jetpack/css jetpack-idc-admin-bar-rtl.css
2017.08.24 17:29 B C:\xampp\htdocs\projects\palmasettimiinc\wp-content\plugins\jetpack\css\jetpack-idc-admin-bar-rtl.min.css <-- dev-palmasettimiinc /wp-content/plugins/jetpack/css jetpack-idc-admin-bar-rtl.min.css
2017.08.24 17:29 B C:\xampp\htdocs\projects\palmasettimiinc\wp-content\plugins\jetpack\css\jetpack-idc-admin-bar.css <-- dev-palmasettimiinc /wp-content/plugins/jetpack/css jetpack-idc-admin-bar.css
2017.08.24 17:29 B C:\xampp\htdocs\projects\palmasettimiinc\wp-content\plugins\jetpack\css\jetpack-idc-admin-bar.min.css <-- dev-palmasettimiinc /wp-content/plugins/jetpack/css jetpack-idc-admin-bar.min.css
2017.08.24 17:29 B C:\xampp\htdocs\projects\palmasettimiinc\wp-content\plugins\jetpack\css\jetpack-idc-rtl.css <-- dev-palmasettimiinc /wp-content/plugins/jetpack/css jetpack-idc-rtl.css
2017.08.24 17:29 B C:\xampp\htdocs\projects\palmasettimiinc\wp-content\plugins\jetpack\css\jetpack-idc-rtl.min.css <-- dev-palmasettimiinc /wp-content/plugins/jetpack/css jetpack-idc-rtl.min.css
2017.08.24 17:29 B C:\xampp\htdocs\projects\palmasettimiinc\wp-content\plugins\jetpack\css\jetpack-idc.css <-- dev-palmasettimiinc /wp-content/plugins/jetpack/css jetpack-idc.css
2017.08.24 17:29 B C:\xampp\htdocs\projects\palmasettimiinc\wp-content\plugins\jetpack\css\jetpack-idc.min.css <-- dev-palmasettimiinc /wp-content/plugins/jetpack/css jetpack-idc.min.css
2017.08.24 17:29 B C:\xampp\htdocs\projects\palmasettimiinc\wp-content\plugins\jetpack\css\jetpack-rtl.css <-- dev-palmasettimiinc /wp-content/plugins/jetpack/css jetpack-rtl.css
2017.08.24 17:29 B C:\xampp\htdocs\projects\palmasettimiinc\wp-content\plugins\jetpack\css\jetpack.css <-- dev-palmasettimiinc /wp-content/plugins/jetpack/css jetpack.css
2017.08.24 17:29 B C:\xampp\htdocs\projects\palmasettimiinc\wp-content\plugins\jetpack\css\dashboard-widget-rtl.css.map <-- dev-palmasettimiinc /wp-content/plugins/jetpack/css dashboard-widget-rtl.css.map
2017.08.24 17:29 B C:\xampp\htdocs\projects\palmasettimiinc\wp-content\plugins\jetpack\css\dashboard-widget.css.map <-- dev-palmasettimiinc /wp-content/plugins/jetpack/css dashboard-widget.css.map
2017.08.24 17:29 B C:\xampp\htdocs\projects\palmasettimiinc\wp-content\plugins\jetpack\css\jetpack-admin-jitm-rtl.css.map <-- dev-palmasettimiinc /wp-content/plugins/jetpack/css jetpack-admin-jitm-rtl.css.map
2017.08.24 17:29 B C:\xampp\htdocs\projects\palmasettimiinc\wp-content\plugins\jetpack\css\jetpack-admin-jitm.css.map <-- dev-palmasettimiinc /wp-content/plugins/jetpack/css jetpack-admin-jitm.css.map
2017.08.24 17:30 B C:\xampp\htdocs\projects\palmasettimiinc\wp-content\plugins\jetpack\css\jetpack-admin-rtl.css.map <-- dev-palmasettimiinc /wp-content/plugins/jetpack/css jetpack-admin-rtl.css.map
2017.08.24 17:30 B C:\xampp\htdocs\projects\palmasettimiinc\wp-content\plugins\jetpack\css\jetpack-admin.css.map <-- dev-palmasettimiinc /wp-content/plugins/jetpack/css jetpack-admin.css.map
2017.08.24 17:30 B C:\xampp\htdocs\projects\palmasettimiinc\wp-content\plugins\jetpack\css\jetpack-banners-rtl.css.map <-- dev-palmasettimiinc /wp-content/plugins/jetpack/css jetpack-banners-rtl.css.map
2017.08.24 17:30 B C:\xampp\htdocs\projects\palmasettimiinc\wp-content\plugins\jetpack\css\jetpack-banners.css.map <-- dev-palmasettimiinc /wp-content/plugins/jetpack/css jetpack-banners.css.map
2017.08.24 17:30 B C:\xampp\htdocs\projects\palmasettimiinc\wp-content\plugins\jetpack\css\jetpack-icons-rtl.css.map <-- dev-palmasettimiinc /wp-content/plugins/jetpack/css jetpack-icons-rtl.css.map
2017.08.24 17:30 B C:\xampp\htdocs\projects\palmasettimiinc\wp-content\plugins\jetpack\css\jetpack-icons.css.map <-- dev-palmasettimiinc /wp-content/plugins/jetpack/css jetpack-icons.css.map
2017.08.24 17:30 B C:\xampp\htdocs\projects\palmasettimiinc\wp-content\plugins\jetpack\css\jetpack-idc-admin-bar-rtl.css.map <-- dev-palmasettimiinc /wp-content/plugins/jetpack/css jetpack-idc-admin-bar-rtl.css.map
2017.08.24 17:30 B C:\xampp\htdocs\projects\palmasettimiinc\wp-content\plugins\jetpack\css\jetpack-idc-admin-bar.css.map <-- dev-palmasettimiinc /wp-content/plugins/jetpack/css jetpack-idc-admin-bar.css.map
2017.08.24 17:30 B C:\xampp\htdocs\projects\palmasettimiinc\wp-content\plugins\jetpack\css\jetpack-idc-rtl.css.map <-- dev-palmasettimiinc /wp-content/plugins/jetpack/css jetpack-idc-rtl.css.map
2017.08.24 17:30 B C:\xampp\htdocs\projects\palmasettimiinc\wp-content\plugins\jetpack\css\jetpack-idc.css.map <-- dev-palmasettimiinc /wp-content/plugins/jetpack/css jetpack-idc.css.map
