2017.08.24 17:47 B C:\xampp\htdocs\projects\palmasettimiinc\wp-includes\images\smilies\icon_arrow.gif <-- dev-palmasettimiinc /wp-includes/images/smilies icon_arrow.gif
2017.08.24 17:47 B C:\xampp\htdocs\projects\palmasettimiinc\wp-includes\images\smilies\icon_biggrin.gif <-- dev-palmasettimiinc /wp-includes/images/smilies icon_biggrin.gif
2017.08.24 17:47 B C:\xampp\htdocs\projects\palmasettimiinc\wp-includes\images\smilies\icon_confused.gif <-- dev-palmasettimiinc /wp-includes/images/smilies icon_confused.gif
2017.08.24 17:47 B C:\xampp\htdocs\projects\palmasettimiinc\wp-includes\images\smilies\icon_cool.gif <-- dev-palmasettimiinc /wp-includes/images/smilies icon_cool.gif
2017.08.24 17:47 B C:\xampp\htdocs\projects\palmasettimiinc\wp-includes\images\smilies\icon_cry.gif <-- dev-palmasettimiinc /wp-includes/images/smilies icon_cry.gif
2017.08.24 17:47 B C:\xampp\htdocs\projects\palmasettimiinc\wp-includes\images\smilies\icon_eek.gif <-- dev-palmasettimiinc /wp-includes/images/smilies icon_eek.gif
2017.08.24 17:47 B C:\xampp\htdocs\projects\palmasettimiinc\wp-includes\images\smilies\icon_evil.gif <-- dev-palmasettimiinc /wp-includes/images/smilies icon_evil.gif
2017.08.24 17:47 B C:\xampp\htdocs\projects\palmasettimiinc\wp-includes\images\smilies\icon_exclaim.gif <-- dev-palmasettimiinc /wp-includes/images/smilies icon_exclaim.gif
2017.08.24 17:47 B C:\xampp\htdocs\projects\palmasettimiinc\wp-includes\images\smilies\icon_idea.gif <-- dev-palmasettimiinc /wp-includes/images/smilies icon_idea.gif
2017.08.24 17:47 B C:\xampp\htdocs\projects\palmasettimiinc\wp-includes\images\smilies\icon_lol.gif <-- dev-palmasettimiinc /wp-includes/images/smilies icon_lol.gif
2017.08.24 17:47 B C:\xampp\htdocs\projects\palmasettimiinc\wp-includes\images\smilies\icon_mad.gif <-- dev-palmasettimiinc /wp-includes/images/smilies icon_mad.gif
2017.08.24 17:47 B C:\xampp\htdocs\projects\palmasettimiinc\wp-includes\images\smilies\icon_mrgreen.gif <-- dev-palmasettimiinc /wp-includes/images/smilies icon_mrgreen.gif
2017.08.24 17:47 B C:\xampp\htdocs\projects\palmasettimiinc\wp-includes\images\smilies\icon_neutral.gif <-- dev-palmasettimiinc /wp-includes/images/smilies icon_neutral.gif
2017.08.24 17:47 B C:\xampp\htdocs\projects\palmasettimiinc\wp-includes\images\smilies\icon_question.gif <-- dev-palmasettimiinc /wp-includes/images/smilies icon_question.gif
2017.08.24 17:47 B C:\xampp\htdocs\projects\palmasettimiinc\wp-includes\images\smilies\icon_razz.gif <-- dev-palmasettimiinc /wp-includes/images/smilies icon_razz.gif
2017.08.24 17:47 B C:\xampp\htdocs\projects\palmasettimiinc\wp-includes\images\smilies\icon_redface.gif <-- dev-palmasettimiinc /wp-includes/images/smilies icon_redface.gif
2017.08.24 17:47 B C:\xampp\htdocs\projects\palmasettimiinc\wp-includes\images\smilies\icon_rolleyes.gif <-- dev-palmasettimiinc /wp-includes/images/smilies icon_rolleyes.gif
2017.08.24 17:47 B C:\xampp\htdocs\projects\palmasettimiinc\wp-includes\images\smilies\icon_sad.gif <-- dev-palmasettimiinc /wp-includes/images/smilies icon_sad.gif
2017.08.24 17:47 B C:\xampp\htdocs\projects\palmasettimiinc\wp-includes\images\smilies\icon_smile.gif <-- dev-palmasettimiinc /wp-includes/images/smilies icon_smile.gif
2017.08.24 17:47 B C:\xampp\htdocs\projects\palmasettimiinc\wp-includes\images\smilies\icon_surprised.gif <-- dev-palmasettimiinc /wp-includes/images/smilies icon_surprised.gif
2017.08.24 17:47 B C:\xampp\htdocs\projects\palmasettimiinc\wp-includes\images\smilies\icon_twisted.gif <-- dev-palmasettimiinc /wp-includes/images/smilies icon_twisted.gif
2017.08.24 17:47 B C:\xampp\htdocs\projects\palmasettimiinc\wp-includes\images\smilies\icon_wink.gif <-- dev-palmasettimiinc /wp-includes/images/smilies icon_wink.gif
2017.08.24 17:47 B C:\xampp\htdocs\projects\palmasettimiinc\wp-includes\images\smilies\frownie.png <-- dev-palmasettimiinc /wp-includes/images/smilies frownie.png
2017.08.24 17:47 B C:\xampp\htdocs\projects\palmasettimiinc\wp-includes\images\smilies\mrgreen.png <-- dev-palmasettimiinc /wp-includes/images/smilies mrgreen.png
2017.08.24 17:47 B C:\xampp\htdocs\projects\palmasettimiinc\wp-includes\images\smilies\rolleyes.png <-- dev-palmasettimiinc /wp-includes/images/smilies rolleyes.png
2017.08.24 17:47 B C:\xampp\htdocs\projects\palmasettimiinc\wp-includes\images\smilies\simple-smile.png <-- dev-palmasettimiinc /wp-includes/images/smilies simple-smile.png
