2017.08.24 17:26 B C:\xampp\htdocs\projects\palmasettimiinc\wp-admin\js\accordion.js <-- dev-palmasettimiinc /wp-admin/js accordion.js
2017.08.24 17:26 B C:\xampp\htdocs\projects\palmasettimiinc\wp-admin\js\accordion.min.js <-- dev-palmasettimiinc /wp-admin/js accordion.min.js
2017.08.24 17:26 B C:\xampp\htdocs\projects\palmasettimiinc\wp-admin\js\bookmarklet.js <-- dev-palmasettimiinc /wp-admin/js bookmarklet.js
2017.08.24 17:26 B C:\xampp\htdocs\projects\palmasettimiinc\wp-admin\js\bookmarklet.min.js <-- dev-palmasettimiinc /wp-admin/js bookmarklet.min.js
2017.08.24 17:26 B C:\xampp\htdocs\projects\palmasettimiinc\wp-admin\js\color-picker.js <-- dev-palmasettimiinc /wp-admin/js color-picker.js
2017.08.24 17:26 B C:\xampp\htdocs\projects\palmasettimiinc\wp-admin\js\color-picker.min.js <-- dev-palmasettimiinc /wp-admin/js color-picker.min.js
2017.08.24 17:26 B C:\xampp\htdocs\projects\palmasettimiinc\wp-admin\js\comment.js <-- dev-palmasettimiinc /wp-admin/js comment.js
2017.08.24 17:26 B C:\xampp\htdocs\projects\palmasettimiinc\wp-admin\js\comment.min.js <-- dev-palmasettimiinc /wp-admin/js comment.min.js
2017.08.24 17:26 B C:\xampp\htdocs\projects\palmasettimiinc\wp-admin\js\common.js <-- dev-palmasettimiinc /wp-admin/js common.js
2017.08.24 17:26 B C:\xampp\htdocs\projects\palmasettimiinc\wp-admin\js\common.min.js <-- dev-palmasettimiinc /wp-admin/js common.min.js
2017.08.24 17:26 B C:\xampp\htdocs\projects\palmasettimiinc\wp-admin\js\custom-background.js <-- dev-palmasettimiinc /wp-admin/js custom-background.js
2017.08.24 17:26 B C:\xampp\htdocs\projects\palmasettimiinc\wp-admin\js\custom-background.min.js <-- dev-palmasettimiinc /wp-admin/js custom-background.min.js
2017.08.24 17:26 B C:\xampp\htdocs\projects\palmasettimiinc\wp-admin\js\custom-header.js <-- dev-palmasettimiinc /wp-admin/js custom-header.js
2017.08.24 17:26 B C:\xampp\htdocs\projects\palmasettimiinc\wp-admin\js\customize-controls.js <-- dev-palmasettimiinc /wp-admin/js customize-controls.js
2017.08.24 17:26 B C:\xampp\htdocs\projects\palmasettimiinc\wp-admin\js\customize-controls.min.js <-- dev-palmasettimiinc /wp-admin/js customize-controls.min.js
2017.08.24 17:27 B C:\xampp\htdocs\projects\palmasettimiinc\wp-admin\js\customize-nav-menus.js <-- dev-palmasettimiinc /wp-admin/js customize-nav-menus.js
2017.08.24 17:27 B C:\xampp\htdocs\projects\palmasettimiinc\wp-admin\js\customize-nav-menus.min.js <-- dev-palmasettimiinc /wp-admin/js customize-nav-menus.min.js
2017.08.24 17:27 B C:\xampp\htdocs\projects\palmasettimiinc\wp-admin\js\customize-widgets.js <-- dev-palmasettimiinc /wp-admin/js customize-widgets.js
2017.08.24 17:27 B C:\xampp\htdocs\projects\palmasettimiinc\wp-admin\js\customize-widgets.min.js <-- dev-palmasettimiinc /wp-admin/js customize-widgets.min.js
2017.08.24 17:27 B C:\xampp\htdocs\projects\palmasettimiinc\wp-admin\js\dashboard.js <-- dev-palmasettimiinc /wp-admin/js dashboard.js
2017.08.24 17:27 B C:\xampp\htdocs\projects\palmasettimiinc\wp-admin\js\dashboard.min.js <-- dev-palmasettimiinc /wp-admin/js dashboard.min.js
2017.08.24 17:27 B C:\xampp\htdocs\projects\palmasettimiinc\wp-admin\js\edit-comments.js <-- dev-palmasettimiinc /wp-admin/js edit-comments.js
2017.08.24 17:27 B C:\xampp\htdocs\projects\palmasettimiinc\wp-admin\js\edit-comments.min.js <-- dev-palmasettimiinc /wp-admin/js edit-comments.min.js
2017.08.24 17:27 B C:\xampp\htdocs\projects\palmasettimiinc\wp-admin\js\editor-expand.js <-- dev-palmasettimiinc /wp-admin/js editor-expand.js
2017.08.24 17:27 B C:\xampp\htdocs\projects\palmasettimiinc\wp-admin\js\editor-expand.min.js <-- dev-palmasettimiinc /wp-admin/js editor-expand.min.js
2017.08.24 17:27 B C:\xampp\htdocs\projects\palmasettimiinc\wp-admin\js\editor.js <-- dev-palmasettimiinc /wp-admin/js editor.js
2017.08.24 17:27 B C:\xampp\htdocs\projects\palmasettimiinc\wp-admin\js\editor.min.js <-- dev-palmasettimiinc /wp-admin/js editor.min.js
2017.08.24 17:27 B C:\xampp\htdocs\projects\palmasettimiinc\wp-admin\js\farbtastic.js <-- dev-palmasettimiinc /wp-admin/js farbtastic.js
2017.08.24 17:27 B C:\xampp\htdocs\projects\palmasettimiinc\wp-admin\js\gallery.js <-- dev-palmasettimiinc /wp-admin/js gallery.js
2017.08.24 17:27 B C:\xampp\htdocs\projects\palmasettimiinc\wp-admin\js\gallery.min.js <-- dev-palmasettimiinc /wp-admin/js gallery.min.js
2017.08.24 17:27 B C:\xampp\htdocs\projects\palmasettimiinc\wp-admin\js\image-edit.js <-- dev-palmasettimiinc /wp-admin/js image-edit.js
2017.08.24 17:27 B C:\xampp\htdocs\projects\palmasettimiinc\wp-admin\js\image-edit.min.js <-- dev-palmasettimiinc /wp-admin/js image-edit.min.js
2017.08.24 17:27 B C:\xampp\htdocs\projects\palmasettimiinc\wp-admin\js\inline-edit-post.js <-- dev-palmasettimiinc /wp-admin/js inline-edit-post.js
2017.08.24 17:27 B C:\xampp\htdocs\projects\palmasettimiinc\wp-admin\js\inline-edit-post.min.js <-- dev-palmasettimiinc /wp-admin/js inline-edit-post.min.js
2017.08.24 17:27 B C:\xampp\htdocs\projects\palmasettimiinc\wp-admin\js\inline-edit-tax.js <-- dev-palmasettimiinc /wp-admin/js inline-edit-tax.js
2017.08.24 17:27 B C:\xampp\htdocs\projects\palmasettimiinc\wp-admin\js\inline-edit-tax.min.js <-- dev-palmasettimiinc /wp-admin/js inline-edit-tax.min.js
2017.08.24 17:27 B C:\xampp\htdocs\projects\palmasettimiinc\wp-admin\js\iris.min.js <-- dev-palmasettimiinc /wp-admin/js iris.min.js
2017.08.24 17:27 B C:\xampp\htdocs\projects\palmasettimiinc\wp-admin\js\language-chooser.js <-- dev-palmasettimiinc /wp-admin/js language-chooser.js
2017.08.24 17:27 B C:\xampp\htdocs\projects\palmasettimiinc\wp-admin\js\language-chooser.min.js <-- dev-palmasettimiinc /wp-admin/js language-chooser.min.js
2017.08.24 17:27 B C:\xampp\htdocs\projects\palmasettimiinc\wp-admin\js\link.js <-- dev-palmasettimiinc /wp-admin/js link.js
2017.08.24 17:27 B C:\xampp\htdocs\projects\palmasettimiinc\wp-admin\js\link.min.js <-- dev-palmasettimiinc /wp-admin/js link.min.js
2017.08.24 17:27 B C:\xampp\htdocs\projects\palmasettimiinc\wp-admin\js\media-gallery.js <-- dev-palmasettimiinc /wp-admin/js media-gallery.js
2017.08.24 17:27 B C:\xampp\htdocs\projects\palmasettimiinc\wp-admin\js\media-gallery.min.js <-- dev-palmasettimiinc /wp-admin/js media-gallery.min.js
2017.08.24 17:27 B C:\xampp\htdocs\projects\palmasettimiinc\wp-admin\js\media-upload.js <-- dev-palmasettimiinc /wp-admin/js media-upload.js
2017.08.24 17:27 B C:\xampp\htdocs\projects\palmasettimiinc\wp-admin\js\media-upload.min.js <-- dev-palmasettimiinc /wp-admin/js media-upload.min.js
2017.08.24 17:27 B C:\xampp\htdocs\projects\palmasettimiinc\wp-admin\js\media.js <-- dev-palmasettimiinc /wp-admin/js media.js
2017.08.24 17:27 B C:\xampp\htdocs\projects\palmasettimiinc\wp-admin\js\media.min.js <-- dev-palmasettimiinc /wp-admin/js media.min.js
2017.08.24 17:27 B C:\xampp\htdocs\projects\palmasettimiinc\wp-admin\js\nav-menu.js <-- dev-palmasettimiinc /wp-admin/js nav-menu.js
2017.08.24 17:27 B C:\xampp\htdocs\projects\palmasettimiinc\wp-admin\js\nav-menu.min.js <-- dev-palmasettimiinc /wp-admin/js nav-menu.min.js
2017.08.24 17:27 B C:\xampp\htdocs\projects\palmasettimiinc\wp-admin\js\password-strength-meter.js <-- dev-palmasettimiinc /wp-admin/js password-strength-meter.js
2017.08.24 17:27 B C:\xampp\htdocs\projects\palmasettimiinc\wp-admin\js\password-strength-meter.min.js <-- dev-palmasettimiinc /wp-admin/js password-strength-meter.min.js
2017.08.24 17:27 B C:\xampp\htdocs\projects\palmasettimiinc\wp-admin\js\plugin-install.js <-- dev-palmasettimiinc /wp-admin/js plugin-install.js
2017.08.24 17:27 B C:\xampp\htdocs\projects\palmasettimiinc\wp-admin\js\plugin-install.min.js <-- dev-palmasettimiinc /wp-admin/js plugin-install.min.js
2017.08.24 17:27 B C:\xampp\htdocs\projects\palmasettimiinc\wp-admin\js\post.js <-- dev-palmasettimiinc /wp-admin/js post.js
2017.08.24 17:27 B C:\xampp\htdocs\projects\palmasettimiinc\wp-admin\js\post.min.js <-- dev-palmasettimiinc /wp-admin/js post.min.js
2017.08.24 17:27 B C:\xampp\htdocs\projects\palmasettimiinc\wp-admin\js\postbox.js <-- dev-palmasettimiinc /wp-admin/js postbox.js
2017.08.24 17:27 B C:\xampp\htdocs\projects\palmasettimiinc\wp-admin\js\postbox.min.js <-- dev-palmasettimiinc /wp-admin/js postbox.min.js
2017.08.24 17:27 B C:\xampp\htdocs\projects\palmasettimiinc\wp-admin\js\press-this.js <-- dev-palmasettimiinc /wp-admin/js press-this.js
2017.08.24 17:27 B C:\xampp\htdocs\projects\palmasettimiinc\wp-admin\js\press-this.min.js <-- dev-palmasettimiinc /wp-admin/js press-this.min.js
2017.08.24 17:27 B C:\xampp\htdocs\projects\palmasettimiinc\wp-admin\js\revisions.js <-- dev-palmasettimiinc /wp-admin/js revisions.js
2017.08.24 17:27 B C:\xampp\htdocs\projects\palmasettimiinc\wp-admin\js\revisions.min.js <-- dev-palmasettimiinc /wp-admin/js revisions.min.js
2017.08.24 17:27 B C:\xampp\htdocs\projects\palmasettimiinc\wp-admin\js\set-post-thumbnail.js <-- dev-palmasettimiinc /wp-admin/js set-post-thumbnail.js
2017.08.24 17:27 B C:\xampp\htdocs\projects\palmasettimiinc\wp-admin\js\set-post-thumbnail.min.js <-- dev-palmasettimiinc /wp-admin/js set-post-thumbnail.min.js
2017.08.24 17:27 B C:\xampp\htdocs\projects\palmasettimiinc\wp-admin\js\svg-painter.js <-- dev-palmasettimiinc /wp-admin/js svg-painter.js
2017.08.24 17:27 B C:\xampp\htdocs\projects\palmasettimiinc\wp-admin\js\svg-painter.min.js <-- dev-palmasettimiinc /wp-admin/js svg-painter.min.js
2017.08.24 17:27 B C:\xampp\htdocs\projects\palmasettimiinc\wp-admin\js\tags-box.js <-- dev-palmasettimiinc /wp-admin/js tags-box.js
2017.08.24 17:27 B C:\xampp\htdocs\projects\palmasettimiinc\wp-admin\js\tags-box.min.js <-- dev-palmasettimiinc /wp-admin/js tags-box.min.js
2017.08.24 17:27 B C:\xampp\htdocs\projects\palmasettimiinc\wp-admin\js\tags-suggest.js <-- dev-palmasettimiinc /wp-admin/js tags-suggest.js
2017.08.24 17:27 B C:\xampp\htdocs\projects\palmasettimiinc\wp-admin\js\tags-suggest.min.js <-- dev-palmasettimiinc /wp-admin/js tags-suggest.min.js
2017.08.24 17:27 B C:\xampp\htdocs\projects\palmasettimiinc\wp-admin\js\tags.js <-- dev-palmasettimiinc /wp-admin/js tags.js
2017.08.24 17:27 B C:\xampp\htdocs\projects\palmasettimiinc\wp-admin\js\tags.min.js <-- dev-palmasettimiinc /wp-admin/js tags.min.js
2017.08.24 17:27 B C:\xampp\htdocs\projects\palmasettimiinc\wp-admin\js\theme.js <-- dev-palmasettimiinc /wp-admin/js theme.js
2017.08.24 17:27 B C:\xampp\htdocs\projects\palmasettimiinc\wp-admin\js\theme.min.js <-- dev-palmasettimiinc /wp-admin/js theme.min.js
2017.08.24 17:27 B C:\xampp\htdocs\projects\palmasettimiinc\wp-admin\js\updates.js <-- dev-palmasettimiinc /wp-admin/js updates.js
2017.08.24 17:27 B C:\xampp\htdocs\projects\palmasettimiinc\wp-admin\js\updates.min.js <-- dev-palmasettimiinc /wp-admin/js updates.min.js
2017.08.24 17:27 B C:\xampp\htdocs\projects\palmasettimiinc\wp-admin\js\user-profile.js <-- dev-palmasettimiinc /wp-admin/js user-profile.js
2017.08.24 17:27 B C:\xampp\htdocs\projects\palmasettimiinc\wp-admin\js\user-profile.min.js <-- dev-palmasettimiinc /wp-admin/js user-profile.min.js
2017.08.24 17:27 B C:\xampp\htdocs\projects\palmasettimiinc\wp-admin\js\user-suggest.js <-- dev-palmasettimiinc /wp-admin/js user-suggest.js
2017.08.24 17:27 B C:\xampp\htdocs\projects\palmasettimiinc\wp-admin\js\user-suggest.min.js <-- dev-palmasettimiinc /wp-admin/js user-suggest.min.js
2017.08.24 17:27 B C:\xampp\htdocs\projects\palmasettimiinc\wp-admin\js\widgets.js <-- dev-palmasettimiinc /wp-admin/js widgets.js
2017.08.24 17:27 B C:\xampp\htdocs\projects\palmasettimiinc\wp-admin\js\widgets.min.js <-- dev-palmasettimiinc /wp-admin/js widgets.min.js
2017.08.24 17:27 B C:\xampp\htdocs\projects\palmasettimiinc\wp-admin\js\word-count.js <-- dev-palmasettimiinc /wp-admin/js word-count.js
2017.08.24 17:27 B C:\xampp\htdocs\projects\palmasettimiinc\wp-admin\js\word-count.min.js <-- dev-palmasettimiinc /wp-admin/js word-count.min.js
2017.08.24 17:27 B C:\xampp\htdocs\projects\palmasettimiinc\wp-admin\js\wp-fullscreen-stub.js <-- dev-palmasettimiinc /wp-admin/js wp-fullscreen-stub.js
2017.08.24 17:27 B C:\xampp\htdocs\projects\palmasettimiinc\wp-admin\js\wp-fullscreen-stub.min.js <-- dev-palmasettimiinc /wp-admin/js wp-fullscreen-stub.min.js
2017.08.24 17:27 B C:\xampp\htdocs\projects\palmasettimiinc\wp-admin\js\xfn.js <-- dev-palmasettimiinc /wp-admin/js xfn.js
2017.08.24 17:27 B C:\xampp\htdocs\projects\palmasettimiinc\wp-admin\js\xfn.min.js <-- dev-palmasettimiinc /wp-admin/js xfn.min.js
