2017.08.24 17:40 B C:\xampp\htdocs\projects\palmasettimiinc\wp-content\plugins\jetpack\webpack.config.js <-- dev-palmasettimiinc /wp-content/plugins/jetpack webpack.config.js
2017.08.24 17:40 B C:\xampp\htdocs\projects\palmasettimiinc\wp-content\plugins\jetpack\composer.json <-- dev-palmasettimiinc /wp-content/plugins/jetpack composer.json
2017.08.24 17:40 B C:\xampp\htdocs\projects\palmasettimiinc\wp-content\plugins\jetpack\CODE-OF-CONDUCT.md <-- dev-palmasettimiinc /wp-content/plugins/jetpack CODE-OF-CONDUCT.md
2017.08.24 17:40 A C:\xampp\htdocs\projects\palmasettimiinc\wp-content\plugins\jetpack\class.frame-nonce-preview.php <-- dev-palmasettimiinc /wp-content/plugins/jetpack class.frame-nonce-preview.php
2017.08.24 17:40 A C:\xampp\htdocs\projects\palmasettimiinc\wp-content\plugins\jetpack\class.jetpack-admin.php <-- dev-palmasettimiinc /wp-content/plugins/jetpack class.jetpack-admin.php
2017.08.24 17:40 A C:\xampp\htdocs\projects\palmasettimiinc\wp-content\plugins\jetpack\class.jetpack-autoupdate.php <-- dev-palmasettimiinc /wp-content/plugins/jetpack class.jetpack-autoupdate.php
2017.08.24 17:40 A C:\xampp\htdocs\projects\palmasettimiinc\wp-content\plugins\jetpack\class.jetpack-bbpress-json-api-compat.php <-- dev-palmasettimiinc /wp-content/plugins/jetpack class.jetpack-bbpress-json-api-compat.php
2017.08.24 17:40 A C:\xampp\htdocs\projects\palmasettimiinc\wp-content\plugins\jetpack\class.jetpack-cli.php <-- dev-palmasettimiinc /wp-content/plugins/jetpack class.jetpack-cli.php
2017.08.24 17:40 A C:\xampp\htdocs\projects\palmasettimiinc\wp-content\plugins\jetpack\class.jetpack-client-server.php <-- dev-palmasettimiinc /wp-content/plugins/jetpack class.jetpack-client-server.php
2017.08.24 17:40 A C:\xampp\htdocs\projects\palmasettimiinc\wp-content\plugins\jetpack\class.jetpack-client.php <-- dev-palmasettimiinc /wp-content/plugins/jetpack class.jetpack-client.php
2017.08.24 17:40 A C:\xampp\htdocs\projects\palmasettimiinc\wp-content\plugins\jetpack\class.jetpack-connection-banner.php <-- dev-palmasettimiinc /wp-content/plugins/jetpack class.jetpack-connection-banner.php
2017.08.24 17:40 A C:\xampp\htdocs\projects\palmasettimiinc\wp-content\plugins\jetpack\class.jetpack-constants.php <-- dev-palmasettimiinc /wp-content/plugins/jetpack class.jetpack-constants.php
2017.08.24 17:40 A C:\xampp\htdocs\projects\palmasettimiinc\wp-content\plugins\jetpack\class.jetpack-data.php <-- dev-palmasettimiinc /wp-content/plugins/jetpack class.jetpack-data.php
2017.08.24 17:40 A C:\xampp\htdocs\projects\palmasettimiinc\wp-content\plugins\jetpack\class.jetpack-debugger.php <-- dev-palmasettimiinc /wp-content/plugins/jetpack class.jetpack-debugger.php
2017.08.24 17:40 A C:\xampp\htdocs\projects\palmasettimiinc\wp-content\plugins\jetpack\class.jetpack-error.php <-- dev-palmasettimiinc /wp-content/plugins/jetpack class.jetpack-error.php
2017.08.24 17:40 A C:\xampp\htdocs\projects\palmasettimiinc\wp-content\plugins\jetpack\class.jetpack-heartbeat.php <-- dev-palmasettimiinc /wp-content/plugins/jetpack class.jetpack-heartbeat.php
2017.08.24 17:40 A C:\xampp\htdocs\projects\palmasettimiinc\wp-content\plugins\jetpack\class.jetpack-idc.php <-- dev-palmasettimiinc /wp-content/plugins/jetpack class.jetpack-idc.php
2017.08.24 17:40 A C:\xampp\htdocs\projects\palmasettimiinc\wp-content\plugins\jetpack\class.jetpack-ixr-client.php <-- dev-palmasettimiinc /wp-content/plugins/jetpack class.jetpack-ixr-client.php
2017.08.24 17:40 A C:\xampp\htdocs\projects\palmasettimiinc\wp-content\plugins\jetpack\class.jetpack-jitm.php <-- dev-palmasettimiinc /wp-content/plugins/jetpack class.jetpack-jitm.php
2017.08.24 17:40 A C:\xampp\htdocs\projects\palmasettimiinc\wp-content\plugins\jetpack\class.jetpack-modules-list-table.php <-- dev-palmasettimiinc /wp-content/plugins/jetpack class.jetpack-modules-list-table.php
2017.08.24 17:40 A C:\xampp\htdocs\projects\palmasettimiinc\wp-content\plugins\jetpack\class.jetpack-network-sites-list-table.php <-- dev-palmasettimiinc /wp-content/plugins/jetpack class.jetpack-network-sites-list-table.php
2017.08.24 17:40 A C:\xampp\htdocs\projects\palmasettimiinc\wp-content\plugins\jetpack\class.jetpack-network.php <-- dev-palmasettimiinc /wp-content/plugins/jetpack class.jetpack-network.php
2017.08.24 17:40 A C:\xampp\htdocs\projects\palmasettimiinc\wp-content\plugins\jetpack\class.jetpack-options.php <-- dev-palmasettimiinc /wp-content/plugins/jetpack class.jetpack-options.php
2017.08.24 17:40 A C:\xampp\htdocs\projects\palmasettimiinc\wp-content\plugins\jetpack\class.jetpack-post-images.php <-- dev-palmasettimiinc /wp-content/plugins/jetpack class.jetpack-post-images.php
2017.08.24 17:40 A C:\xampp\htdocs\projects\palmasettimiinc\wp-content\plugins\jetpack\class.jetpack-signature.php <-- dev-palmasettimiinc /wp-content/plugins/jetpack class.jetpack-signature.php
2017.08.24 17:40 A C:\xampp\htdocs\projects\palmasettimiinc\wp-content\plugins\jetpack\class.jetpack-tracks.php <-- dev-palmasettimiinc /wp-content/plugins/jetpack class.jetpack-tracks.php
2017.08.24 17:40 A C:\xampp\htdocs\projects\palmasettimiinc\wp-content\plugins\jetpack\class.jetpack-twitter-cards.php <-- dev-palmasettimiinc /wp-content/plugins/jetpack class.jetpack-twitter-cards.php
2017.08.24 17:40 A C:\xampp\htdocs\projects\palmasettimiinc\wp-content\plugins\jetpack\class.jetpack-user-agent.php <-- dev-palmasettimiinc /wp-content/plugins/jetpack class.jetpack-user-agent.php
2017.08.24 17:40 A C:\xampp\htdocs\projects\palmasettimiinc\wp-content\plugins\jetpack\class.jetpack-xmlrpc-server.php <-- dev-palmasettimiinc /wp-content/plugins/jetpack class.jetpack-xmlrpc-server.php
2017.08.24 17:40 A C:\xampp\htdocs\projects\palmasettimiinc\wp-content\plugins\jetpack\class.jetpack.php <-- dev-palmasettimiinc /wp-content/plugins/jetpack class.jetpack.php
2017.08.24 17:40 A C:\xampp\htdocs\projects\palmasettimiinc\wp-content\plugins\jetpack\class.json-api-endpoints.php <-- dev-palmasettimiinc /wp-content/plugins/jetpack class.json-api-endpoints.php
2017.08.24 17:40 A C:\xampp\htdocs\projects\palmasettimiinc\wp-content\plugins\jetpack\class.json-api.php <-- dev-palmasettimiinc /wp-content/plugins/jetpack class.json-api.php
2017.08.24 17:40 A C:\xampp\htdocs\projects\palmasettimiinc\wp-content\plugins\jetpack\class.photon.php <-- dev-palmasettimiinc /wp-content/plugins/jetpack class.photon.php
2017.08.24 17:40 A C:\xampp\htdocs\projects\palmasettimiinc\wp-content\plugins\jetpack\functions.compat.php <-- dev-palmasettimiinc /wp-content/plugins/jetpack functions.compat.php
2017.08.24 17:40 A C:\xampp\htdocs\projects\palmasettimiinc\wp-content\plugins\jetpack\functions.gallery.php <-- dev-palmasettimiinc /wp-content/plugins/jetpack functions.gallery.php
2017.08.24 17:40 A C:\xampp\htdocs\projects\palmasettimiinc\wp-content\plugins\jetpack\functions.global.php <-- dev-palmasettimiinc /wp-content/plugins/jetpack functions.global.php
2017.08.24 17:40 A C:\xampp\htdocs\projects\palmasettimiinc\wp-content\plugins\jetpack\functions.opengraph.php <-- dev-palmasettimiinc /wp-content/plugins/jetpack functions.opengraph.php
2017.08.24 17:40 A C:\xampp\htdocs\projects\palmasettimiinc\wp-content\plugins\jetpack\functions.photon.php <-- dev-palmasettimiinc /wp-content/plugins/jetpack functions.photon.php
2017.08.24 17:40 A C:\xampp\htdocs\projects\palmasettimiinc\wp-content\plugins\jetpack\jetpack.php <-- dev-palmasettimiinc /wp-content/plugins/jetpack jetpack.php
2017.08.24 17:40 A C:\xampp\htdocs\projects\palmasettimiinc\wp-content\plugins\jetpack\json-api-config.php <-- dev-palmasettimiinc /wp-content/plugins/jetpack json-api-config.php
2017.08.24 17:40 A C:\xampp\htdocs\projects\palmasettimiinc\wp-content\plugins\jetpack\json-endpoints.php <-- dev-palmasettimiinc /wp-content/plugins/jetpack json-endpoints.php
2017.08.24 17:40 A C:\xampp\htdocs\projects\palmasettimiinc\wp-content\plugins\jetpack\locales.php <-- dev-palmasettimiinc /wp-content/plugins/jetpack locales.php
2017.08.24 17:40 A C:\xampp\htdocs\projects\palmasettimiinc\wp-content\plugins\jetpack\require-lib.php <-- dev-palmasettimiinc /wp-content/plugins/jetpack require-lib.php
2017.08.24 17:40 A C:\xampp\htdocs\projects\palmasettimiinc\wp-content\plugins\jetpack\uninstall.php <-- dev-palmasettimiinc /wp-content/plugins/jetpack uninstall.php
2017.08.24 17:40 B C:\xampp\htdocs\projects\palmasettimiinc\wp-content\plugins\jetpack\.svnignore <-- dev-palmasettimiinc /wp-content/plugins/jetpack .svnignore
2017.08.24 17:40 A C:\xampp\htdocs\projects\palmasettimiinc\wp-content\plugins\jetpack\changelog.txt <-- dev-palmasettimiinc /wp-content/plugins/jetpack changelog.txt
2017.08.24 17:40 A C:\xampp\htdocs\projects\palmasettimiinc\wp-content\plugins\jetpack\readme.txt <-- dev-palmasettimiinc /wp-content/plugins/jetpack readme.txt
2017.08.24 17:40 B C:\xampp\htdocs\projects\palmasettimiinc\wp-content\plugins\jetpack\wpml-config.xml <-- dev-palmasettimiinc /wp-content/plugins/jetpack wpml-config.xml
