2017.08.24 17:45 B C:\xampp\htdocs\projects\palmasettimiinc\wp-content\themes\twentyfifteen\rtl.css <-- dev-palmasettimiinc /wp-content/themes/twentyfifteen rtl.css
2017.08.24 17:45 B C:\xampp\htdocs\projects\palmasettimiinc\wp-content\themes\twentyfifteen\style.css <-- dev-palmasettimiinc /wp-content/themes/twentyfifteen style.css
2017.08.24 17:45 A C:\xampp\htdocs\projects\palmasettimiinc\wp-content\themes\twentyfifteen\404.php <-- dev-palmasettimiinc /wp-content/themes/twentyfifteen 404.php
2017.08.24 17:45 A C:\xampp\htdocs\projects\palmasettimiinc\wp-content\themes\twentyfifteen\archive.php <-- dev-palmasettimiinc /wp-content/themes/twentyfifteen archive.php
2017.08.24 17:45 A C:\xampp\htdocs\projects\palmasettimiinc\wp-content\themes\twentyfifteen\author-bio.php <-- dev-palmasettimiinc /wp-content/themes/twentyfifteen author-bio.php
2017.08.24 17:45 A C:\xampp\htdocs\projects\palmasettimiinc\wp-content\themes\twentyfifteen\comments.php <-- dev-palmasettimiinc /wp-content/themes/twentyfifteen comments.php
2017.08.24 17:45 A C:\xampp\htdocs\projects\palmasettimiinc\wp-content\themes\twentyfifteen\content-link.php <-- dev-palmasettimiinc /wp-content/themes/twentyfifteen content-link.php
2017.08.24 17:45 A C:\xampp\htdocs\projects\palmasettimiinc\wp-content\themes\twentyfifteen\content-none.php <-- dev-palmasettimiinc /wp-content/themes/twentyfifteen content-none.php
2017.08.24 17:45 A C:\xampp\htdocs\projects\palmasettimiinc\wp-content\themes\twentyfifteen\content-page.php <-- dev-palmasettimiinc /wp-content/themes/twentyfifteen content-page.php
2017.08.24 17:45 A C:\xampp\htdocs\projects\palmasettimiinc\wp-content\themes\twentyfifteen\content-search.php <-- dev-palmasettimiinc /wp-content/themes/twentyfifteen content-search.php
2017.08.24 17:45 A C:\xampp\htdocs\projects\palmasettimiinc\wp-content\themes\twentyfifteen\content.php <-- dev-palmasettimiinc /wp-content/themes/twentyfifteen content.php
2017.08.24 17:45 A C:\xampp\htdocs\projects\palmasettimiinc\wp-content\themes\twentyfifteen\footer.php <-- dev-palmasettimiinc /wp-content/themes/twentyfifteen footer.php
2017.08.24 17:45 A C:\xampp\htdocs\projects\palmasettimiinc\wp-content\themes\twentyfifteen\functions.php <-- dev-palmasettimiinc /wp-content/themes/twentyfifteen functions.php
2017.08.24 17:45 A C:\xampp\htdocs\projects\palmasettimiinc\wp-content\themes\twentyfifteen\header.php <-- dev-palmasettimiinc /wp-content/themes/twentyfifteen header.php
2017.08.24 17:45 A C:\xampp\htdocs\projects\palmasettimiinc\wp-content\themes\twentyfifteen\image.php <-- dev-palmasettimiinc /wp-content/themes/twentyfifteen image.php
2017.08.24 17:45 A C:\xampp\htdocs\projects\palmasettimiinc\wp-content\themes\twentyfifteen\index.php <-- dev-palmasettimiinc /wp-content/themes/twentyfifteen index.php
2017.08.24 17:45 A C:\xampp\htdocs\projects\palmasettimiinc\wp-content\themes\twentyfifteen\page.php <-- dev-palmasettimiinc /wp-content/themes/twentyfifteen page.php
2017.08.24 17:45 A C:\xampp\htdocs\projects\palmasettimiinc\wp-content\themes\twentyfifteen\search.php <-- dev-palmasettimiinc /wp-content/themes/twentyfifteen search.php
2017.08.24 17:45 A C:\xampp\htdocs\projects\palmasettimiinc\wp-content\themes\twentyfifteen\sidebar.php <-- dev-palmasettimiinc /wp-content/themes/twentyfifteen sidebar.php
2017.08.24 17:45 A C:\xampp\htdocs\projects\palmasettimiinc\wp-content\themes\twentyfifteen\single.php <-- dev-palmasettimiinc /wp-content/themes/twentyfifteen single.php
2017.08.24 17:45 B C:\xampp\htdocs\projects\palmasettimiinc\wp-content\themes\twentyfifteen\screenshot.png <-- dev-palmasettimiinc /wp-content/themes/twentyfifteen screenshot.png
2017.08.24 17:45 A C:\xampp\htdocs\projects\palmasettimiinc\wp-content\themes\twentyfifteen\readme.txt <-- dev-palmasettimiinc /wp-content/themes/twentyfifteen readme.txt
