2017.08.24 17:53 B C:\xampp\htdocs\projects\palmasettimiinc\error_log <-- dev-palmasettimiinc / error_log
2017.08.24 17:53 B C:\xampp\htdocs\projects\palmasettimiinc\.htaccess <-- dev-palmasettimiinc / .htaccess
2017.08.24 17:53 B C:\xampp\htdocs\projects\palmasettimiinc\readme.html <-- dev-palmasettimiinc / readme.html
2017.08.24 17:53 B C:\xampp\htdocs\projects\palmasettimiinc\favicon.ico <-- dev-palmasettimiinc / favicon.ico
2017.08.24 17:53 A C:\xampp\htdocs\projects\palmasettimiinc\500.php <-- dev-palmasettimiinc / 500.php
2017.08.24 17:53 A C:\xampp\htdocs\projects\palmasettimiinc\index.php <-- dev-palmasettimiinc / index.php
2017.08.24 17:53 A C:\xampp\htdocs\projects\palmasettimiinc\wp-activate.php <-- dev-palmasettimiinc / wp-activate.php
2017.08.24 17:53 A C:\xampp\htdocs\projects\palmasettimiinc\wp-blog-header.php <-- dev-palmasettimiinc / wp-blog-header.php
2017.08.24 17:53 A C:\xampp\htdocs\projects\palmasettimiinc\wp-comments-post.php <-- dev-palmasettimiinc / wp-comments-post.php
2017.08.24 17:53 A C:\xampp\htdocs\projects\palmasettimiinc\wp-config-sample.php <-- dev-palmasettimiinc / wp-config-sample.php
2017.08.24 17:53 A C:\xampp\htdocs\projects\palmasettimiinc\wp-config.php <-- dev-palmasettimiinc / wp-config.php
2017.08.24 17:53 A C:\xampp\htdocs\projects\palmasettimiinc\wp-cron.php <-- dev-palmasettimiinc / wp-cron.php
2017.08.24 17:53 A C:\xampp\htdocs\projects\palmasettimiinc\wp-links-opml.php <-- dev-palmasettimiinc / wp-links-opml.php
2017.08.24 17:53 A C:\xampp\htdocs\projects\palmasettimiinc\wp-load.php <-- dev-palmasettimiinc / wp-load.php
2017.08.24 17:53 A C:\xampp\htdocs\projects\palmasettimiinc\wp-login.php <-- dev-palmasettimiinc / wp-login.php
2017.08.24 17:53 A C:\xampp\htdocs\projects\palmasettimiinc\wp-mail.php <-- dev-palmasettimiinc / wp-mail.php
2017.08.24 17:53 A C:\xampp\htdocs\projects\palmasettimiinc\wp-settings.php <-- dev-palmasettimiinc / wp-settings.php
2017.08.24 17:53 A C:\xampp\htdocs\projects\palmasettimiinc\wp-signup.php <-- dev-palmasettimiinc / wp-signup.php
2017.08.24 17:53 A C:\xampp\htdocs\projects\palmasettimiinc\wp-trackback.php <-- dev-palmasettimiinc / wp-trackback.php
2017.08.24 17:53 A C:\xampp\htdocs\projects\palmasettimiinc\xmlrpc.php <-- dev-palmasettimiinc / xmlrpc.php
2017.08.24 17:53 B C:\xampp\htdocs\projects\palmasettimiinc\400.shtml <-- dev-palmasettimiinc / 400.shtml
2017.08.24 17:53 B C:\xampp\htdocs\projects\palmasettimiinc\401.shtml <-- dev-palmasettimiinc / 401.shtml
2017.08.24 17:53 B C:\xampp\htdocs\projects\palmasettimiinc\403.shtml <-- dev-palmasettimiinc / 403.shtml
2017.08.24 17:53 B C:\xampp\htdocs\projects\palmasettimiinc\404.shtml <-- dev-palmasettimiinc / 404.shtml
2017.08.24 17:53 B C:\xampp\htdocs\projects\palmasettimiinc\500.shtml <-- dev-palmasettimiinc / 500.shtml
2017.08.24 17:53 A C:\xampp\htdocs\projects\palmasettimiinc\license.txt <-- dev-palmasettimiinc / license.txt
2017.08.24 17:53 B C:\xampp\htdocs\projects\palmasettimiinc\wp-cli.yml <-- dev-palmasettimiinc / wp-cli.yml
