2017.08.24 17:51 A C:\xampp\htdocs\projects\palmasettimiinc\wp-includes\SimplePie\Author.php <-- dev-palmasettimiinc /wp-includes/SimplePie Author.php
2017.08.24 17:51 A C:\xampp\htdocs\projects\palmasettimiinc\wp-includes\SimplePie\Cache.php <-- dev-palmasettimiinc /wp-includes/SimplePie Cache.php
2017.08.24 17:51 A C:\xampp\htdocs\projects\palmasettimiinc\wp-includes\SimplePie\Caption.php <-- dev-palmasettimiinc /wp-includes/SimplePie Caption.php
2017.08.24 17:51 A C:\xampp\htdocs\projects\palmasettimiinc\wp-includes\SimplePie\Category.php <-- dev-palmasettimiinc /wp-includes/SimplePie Category.php
2017.08.24 17:51 A C:\xampp\htdocs\projects\palmasettimiinc\wp-includes\SimplePie\Copyright.php <-- dev-palmasettimiinc /wp-includes/SimplePie Copyright.php
2017.08.24 17:51 A C:\xampp\htdocs\projects\palmasettimiinc\wp-includes\SimplePie\Core.php <-- dev-palmasettimiinc /wp-includes/SimplePie Core.php
2017.08.24 17:51 A C:\xampp\htdocs\projects\palmasettimiinc\wp-includes\SimplePie\Credit.php <-- dev-palmasettimiinc /wp-includes/SimplePie Credit.php
2017.08.24 17:51 A C:\xampp\htdocs\projects\palmasettimiinc\wp-includes\SimplePie\Enclosure.php <-- dev-palmasettimiinc /wp-includes/SimplePie Enclosure.php
2017.08.24 17:51 A C:\xampp\htdocs\projects\palmasettimiinc\wp-includes\SimplePie\Exception.php <-- dev-palmasettimiinc /wp-includes/SimplePie Exception.php
2017.08.24 17:51 A C:\xampp\htdocs\projects\palmasettimiinc\wp-includes\SimplePie\File.php <-- dev-palmasettimiinc /wp-includes/SimplePie File.php
2017.08.24 17:51 A C:\xampp\htdocs\projects\palmasettimiinc\wp-includes\SimplePie\gzdecode.php <-- dev-palmasettimiinc /wp-includes/SimplePie gzdecode.php
2017.08.24 17:51 A C:\xampp\htdocs\projects\palmasettimiinc\wp-includes\SimplePie\IRI.php <-- dev-palmasettimiinc /wp-includes/SimplePie IRI.php
2017.08.24 17:51 A C:\xampp\htdocs\projects\palmasettimiinc\wp-includes\SimplePie\Item.php <-- dev-palmasettimiinc /wp-includes/SimplePie Item.php
2017.08.24 17:51 A C:\xampp\htdocs\projects\palmasettimiinc\wp-includes\SimplePie\Locator.php <-- dev-palmasettimiinc /wp-includes/SimplePie Locator.php
2017.08.24 17:51 A C:\xampp\htdocs\projects\palmasettimiinc\wp-includes\SimplePie\Misc.php <-- dev-palmasettimiinc /wp-includes/SimplePie Misc.php
2017.08.24 17:51 A C:\xampp\htdocs\projects\palmasettimiinc\wp-includes\SimplePie\Parser.php <-- dev-palmasettimiinc /wp-includes/SimplePie Parser.php
2017.08.24 17:51 A C:\xampp\htdocs\projects\palmasettimiinc\wp-includes\SimplePie\Rating.php <-- dev-palmasettimiinc /wp-includes/SimplePie Rating.php
2017.08.24 17:51 A C:\xampp\htdocs\projects\palmasettimiinc\wp-includes\SimplePie\Registry.php <-- dev-palmasettimiinc /wp-includes/SimplePie Registry.php
2017.08.24 17:51 A C:\xampp\htdocs\projects\palmasettimiinc\wp-includes\SimplePie\Restriction.php <-- dev-palmasettimiinc /wp-includes/SimplePie Restriction.php
2017.08.24 17:51 A C:\xampp\htdocs\projects\palmasettimiinc\wp-includes\SimplePie\Sanitize.php <-- dev-palmasettimiinc /wp-includes/SimplePie Sanitize.php
2017.08.24 17:51 A C:\xampp\htdocs\projects\palmasettimiinc\wp-includes\SimplePie\Source.php <-- dev-palmasettimiinc /wp-includes/SimplePie Source.php
