2017.08.24 17:39 B C:\xampp\htdocs\projects\palmasettimiinc\wp-content\plugins\jetpack\modules\wpgroho.js <-- dev-palmasettimiinc /wp-content/plugins/jetpack/modules wpgroho.js
2017.08.24 17:39 A C:\xampp\htdocs\projects\palmasettimiinc\wp-content\plugins\jetpack\modules\after-the-deadline.php <-- dev-palmasettimiinc /wp-content/plugins/jetpack/modules after-the-deadline.php
2017.08.24 17:39 A C:\xampp\htdocs\projects\palmasettimiinc\wp-content\plugins\jetpack\modules\carousel.php <-- dev-palmasettimiinc /wp-content/plugins/jetpack/modules carousel.php
2017.08.24 17:39 A C:\xampp\htdocs\projects\palmasettimiinc\wp-content\plugins\jetpack\modules\comment-likes.php <-- dev-palmasettimiinc /wp-content/plugins/jetpack/modules comment-likes.php
2017.08.24 17:39 A C:\xampp\htdocs\projects\palmasettimiinc\wp-content\plugins\jetpack\modules\comments.php <-- dev-palmasettimiinc /wp-content/plugins/jetpack/modules comments.php
2017.08.24 17:39 A C:\xampp\htdocs\projects\palmasettimiinc\wp-content\plugins\jetpack\modules\contact-form.php <-- dev-palmasettimiinc /wp-content/plugins/jetpack/modules contact-form.php
2017.08.24 17:39 A C:\xampp\htdocs\projects\palmasettimiinc\wp-content\plugins\jetpack\modules\custom-content-types.php <-- dev-palmasettimiinc /wp-content/plugins/jetpack/modules custom-content-types.php
2017.08.24 17:39 A C:\xampp\htdocs\projects\palmasettimiinc\wp-content\plugins\jetpack\modules\custom-css.php <-- dev-palmasettimiinc /wp-content/plugins/jetpack/modules custom-css.php
2017.08.24 17:39 A C:\xampp\htdocs\projects\palmasettimiinc\wp-content\plugins\jetpack\modules\debug.php <-- dev-palmasettimiinc /wp-content/plugins/jetpack/modules debug.php
2017.08.24 17:39 A C:\xampp\htdocs\projects\palmasettimiinc\wp-content\plugins\jetpack\modules\enhanced-distribution.php <-- dev-palmasettimiinc /wp-content/plugins/jetpack/modules enhanced-distribution.php
2017.08.24 17:39 A C:\xampp\htdocs\projects\palmasettimiinc\wp-content\plugins\jetpack\modules\google-analytics.php <-- dev-palmasettimiinc /wp-content/plugins/jetpack/modules google-analytics.php
2017.08.24 17:39 A C:\xampp\htdocs\projects\palmasettimiinc\wp-content\plugins\jetpack\modules\gplus-authorship.php <-- dev-palmasettimiinc /wp-content/plugins/jetpack/modules gplus-authorship.php
2017.08.24 17:39 A C:\xampp\htdocs\projects\palmasettimiinc\wp-content\plugins\jetpack\modules\gravatar-hovercards.php <-- dev-palmasettimiinc /wp-content/plugins/jetpack/modules gravatar-hovercards.php
2017.08.24 17:39 A C:\xampp\htdocs\projects\palmasettimiinc\wp-content\plugins\jetpack\modules\holiday-snow.php <-- dev-palmasettimiinc /wp-content/plugins/jetpack/modules holiday-snow.php
2017.08.24 17:39 A C:\xampp\htdocs\projects\palmasettimiinc\wp-content\plugins\jetpack\modules\infinite-scroll.php <-- dev-palmasettimiinc /wp-content/plugins/jetpack/modules infinite-scroll.php
2017.08.24 17:39 A C:\xampp\htdocs\projects\palmasettimiinc\wp-content\plugins\jetpack\modules\json-api.php <-- dev-palmasettimiinc /wp-content/plugins/jetpack/modules json-api.php
2017.08.24 17:39 A C:\xampp\htdocs\projects\palmasettimiinc\wp-content\plugins\jetpack\modules\latex.php <-- dev-palmasettimiinc /wp-content/plugins/jetpack/modules latex.php
2017.08.24 17:39 A C:\xampp\htdocs\projects\palmasettimiinc\wp-content\plugins\jetpack\modules\likes.php <-- dev-palmasettimiinc /wp-content/plugins/jetpack/modules likes.php
2017.08.24 17:39 A C:\xampp\htdocs\projects\palmasettimiinc\wp-content\plugins\jetpack\modules\manage.php <-- dev-palmasettimiinc /wp-content/plugins/jetpack/modules manage.php
2017.08.24 17:39 A C:\xampp\htdocs\projects\palmasettimiinc\wp-content\plugins\jetpack\modules\markdown.php <-- dev-palmasettimiinc /wp-content/plugins/jetpack/modules markdown.php
2017.08.24 17:39 A C:\xampp\htdocs\projects\palmasettimiinc\wp-content\plugins\jetpack\modules\masterbar.php <-- dev-palmasettimiinc /wp-content/plugins/jetpack/modules masterbar.php
2017.08.24 17:39 A C:\xampp\htdocs\projects\palmasettimiinc\wp-content\plugins\jetpack\modules\minileven.php <-- dev-palmasettimiinc /wp-content/plugins/jetpack/modules minileven.php
2017.08.24 17:39 A C:\xampp\htdocs\projects\palmasettimiinc\wp-content\plugins\jetpack\modules\mobile-push.php <-- dev-palmasettimiinc /wp-content/plugins/jetpack/modules mobile-push.php
2017.08.24 17:39 A C:\xampp\htdocs\projects\palmasettimiinc\wp-content\plugins\jetpack\modules\module-extras.php <-- dev-palmasettimiinc /wp-content/plugins/jetpack/modules module-extras.php
2017.08.24 17:39 A C:\xampp\htdocs\projects\palmasettimiinc\wp-content\plugins\jetpack\modules\module-headings.php <-- dev-palmasettimiinc /wp-content/plugins/jetpack/modules module-headings.php
2017.08.24 17:39 A C:\xampp\htdocs\projects\palmasettimiinc\wp-content\plugins\jetpack\modules\module-info.php <-- dev-palmasettimiinc /wp-content/plugins/jetpack/modules module-info.php
2017.08.24 17:39 A C:\xampp\htdocs\projects\palmasettimiinc\wp-content\plugins\jetpack\modules\monitor.php <-- dev-palmasettimiinc /wp-content/plugins/jetpack/modules monitor.php
2017.08.24 17:39 A C:\xampp\htdocs\projects\palmasettimiinc\wp-content\plugins\jetpack\modules\notes.php <-- dev-palmasettimiinc /wp-content/plugins/jetpack/modules notes.php
2017.08.24 17:39 A C:\xampp\htdocs\projects\palmasettimiinc\wp-content\plugins\jetpack\modules\omnisearch.php <-- dev-palmasettimiinc /wp-content/plugins/jetpack/modules omnisearch.php
2017.08.24 17:39 A C:\xampp\htdocs\projects\palmasettimiinc\wp-content\plugins\jetpack\modules\photon.php <-- dev-palmasettimiinc /wp-content/plugins/jetpack/modules photon.php
2017.08.24 17:39 A C:\xampp\htdocs\projects\palmasettimiinc\wp-content\plugins\jetpack\modules\post-by-email.php <-- dev-palmasettimiinc /wp-content/plugins/jetpack/modules post-by-email.php
2017.08.24 17:39 A C:\xampp\htdocs\projects\palmasettimiinc\wp-content\plugins\jetpack\modules\protect.php <-- dev-palmasettimiinc /wp-content/plugins/jetpack/modules protect.php
2017.08.24 17:39 A C:\xampp\htdocs\projects\palmasettimiinc\wp-content\plugins\jetpack\modules\publicize.php <-- dev-palmasettimiinc /wp-content/plugins/jetpack/modules publicize.php
2017.08.24 17:39 A C:\xampp\htdocs\projects\palmasettimiinc\wp-content\plugins\jetpack\modules\random-redirect.php <-- dev-palmasettimiinc /wp-content/plugins/jetpack/modules random-redirect.php
2017.08.24 17:39 A C:\xampp\htdocs\projects\palmasettimiinc\wp-content\plugins\jetpack\modules\related-posts.php <-- dev-palmasettimiinc /wp-content/plugins/jetpack/modules related-posts.php
2017.08.24 17:39 A C:\xampp\htdocs\projects\palmasettimiinc\wp-content\plugins\jetpack\modules\search.php <-- dev-palmasettimiinc /wp-content/plugins/jetpack/modules search.php
2017.08.24 17:39 A C:\xampp\htdocs\projects\palmasettimiinc\wp-content\plugins\jetpack\modules\seo-tools.php <-- dev-palmasettimiinc /wp-content/plugins/jetpack/modules seo-tools.php
2017.08.24 17:39 A C:\xampp\htdocs\projects\palmasettimiinc\wp-content\plugins\jetpack\modules\sharedaddy.php <-- dev-palmasettimiinc /wp-content/plugins/jetpack/modules sharedaddy.php
2017.08.24 17:39 A C:\xampp\htdocs\projects\palmasettimiinc\wp-content\plugins\jetpack\modules\shortcodes.php <-- dev-palmasettimiinc /wp-content/plugins/jetpack/modules shortcodes.php
2017.08.24 17:39 A C:\xampp\htdocs\projects\palmasettimiinc\wp-content\plugins\jetpack\modules\shortlinks.php <-- dev-palmasettimiinc /wp-content/plugins/jetpack/modules shortlinks.php
2017.08.24 17:39 A C:\xampp\htdocs\projects\palmasettimiinc\wp-content\plugins\jetpack\modules\site-icon.php <-- dev-palmasettimiinc /wp-content/plugins/jetpack/modules site-icon.php
2017.08.24 17:39 A C:\xampp\htdocs\projects\palmasettimiinc\wp-content\plugins\jetpack\modules\sitemaps.php <-- dev-palmasettimiinc /wp-content/plugins/jetpack/modules sitemaps.php
2017.08.24 17:39 A C:\xampp\htdocs\projects\palmasettimiinc\wp-content\plugins\jetpack\modules\social-links.php <-- dev-palmasettimiinc /wp-content/plugins/jetpack/modules social-links.php
2017.08.24 17:39 A C:\xampp\htdocs\projects\palmasettimiinc\wp-content\plugins\jetpack\modules\sso.php <-- dev-palmasettimiinc /wp-content/plugins/jetpack/modules sso.php
2017.08.24 17:39 A C:\xampp\htdocs\projects\palmasettimiinc\wp-content\plugins\jetpack\modules\stats.php <-- dev-palmasettimiinc /wp-content/plugins/jetpack/modules stats.php
2017.08.24 17:39 A C:\xampp\htdocs\projects\palmasettimiinc\wp-content\plugins\jetpack\modules\subscriptions.php <-- dev-palmasettimiinc /wp-content/plugins/jetpack/modules subscriptions.php
2017.08.24 17:39 A C:\xampp\htdocs\projects\palmasettimiinc\wp-content\plugins\jetpack\modules\theme-tools.php <-- dev-palmasettimiinc /wp-content/plugins/jetpack/modules theme-tools.php
2017.08.24 17:39 A C:\xampp\htdocs\projects\palmasettimiinc\wp-content\plugins\jetpack\modules\tiled-gallery.php <-- dev-palmasettimiinc /wp-content/plugins/jetpack/modules tiled-gallery.php
2017.08.24 17:39 A C:\xampp\htdocs\projects\palmasettimiinc\wp-content\plugins\jetpack\modules\tonesque.php <-- dev-palmasettimiinc /wp-content/plugins/jetpack/modules tonesque.php
2017.08.24 17:39 A C:\xampp\htdocs\projects\palmasettimiinc\wp-content\plugins\jetpack\modules\vaultpress.php <-- dev-palmasettimiinc /wp-content/plugins/jetpack/modules vaultpress.php
2017.08.24 17:39 A C:\xampp\htdocs\projects\palmasettimiinc\wp-content\plugins\jetpack\modules\verification-tools.php <-- dev-palmasettimiinc /wp-content/plugins/jetpack/modules verification-tools.php
2017.08.24 17:39 A C:\xampp\htdocs\projects\palmasettimiinc\wp-content\plugins\jetpack\modules\videopress.php <-- dev-palmasettimiinc /wp-content/plugins/jetpack/modules videopress.php
2017.08.24 17:39 A C:\xampp\htdocs\projects\palmasettimiinc\wp-content\plugins\jetpack\modules\widget-visibility.php <-- dev-palmasettimiinc /wp-content/plugins/jetpack/modules widget-visibility.php
2017.08.24 17:39 A C:\xampp\htdocs\projects\palmasettimiinc\wp-content\plugins\jetpack\modules\widgets.php <-- dev-palmasettimiinc /wp-content/plugins/jetpack/modules widgets.php
2017.08.24 17:39 A C:\xampp\htdocs\projects\palmasettimiinc\wp-content\plugins\jetpack\modules\wordads.php <-- dev-palmasettimiinc /wp-content/plugins/jetpack/modules wordads.php
2017.08.24 17:39 A C:\xampp\htdocs\projects\palmasettimiinc\wp-content\plugins\jetpack\modules\wpcc.php <-- dev-palmasettimiinc /wp-content/plugins/jetpack/modules wpcc.php
