2017.08.24 17:30 A C:\xampp\htdocs\projects\palmasettimiinc\wp-content\plugins\jetpack\json-endpoints\class.wpcom-json-api-autosave-post-v1-1-endpoint.php <-- dev-palmasettimiinc /wp-content/plugins/jetpack/json-endpoints class.wpcom-json-api-autosave-post-v1-1-endpoint.php
2017.08.24 17:30 A C:\xampp\htdocs\projects\palmasettimiinc\wp-content\plugins\jetpack\json-endpoints\class.wpcom-json-api-comment-endpoint.php <-- dev-palmasettimiinc /wp-content/plugins/jetpack/json-endpoints class.wpcom-json-api-comment-endpoint.php
2017.08.24 17:30 A C:\xampp\htdocs\projects\palmasettimiinc\wp-content\plugins\jetpack\json-endpoints\class.wpcom-json-api-delete-media-endpoint.php <-- dev-palmasettimiinc /wp-content/plugins/jetpack/json-endpoints class.wpcom-json-api-delete-media-endpoint.php
2017.08.24 17:30 A C:\xampp\htdocs\projects\palmasettimiinc\wp-content\plugins\jetpack\json-endpoints\class.wpcom-json-api-delete-media-v1-1-endpoint.php <-- dev-palmasettimiinc /wp-content/plugins/jetpack/json-endpoints class.wpcom-json-api-delete-media-v1-1-endpoint.php
2017.08.24 17:30 A C:\xampp\htdocs\projects\palmasettimiinc\wp-content\plugins\jetpack\json-endpoints\class.wpcom-json-api-edit-media-v1-2-endpoint.php <-- dev-palmasettimiinc /wp-content/plugins/jetpack/json-endpoints class.wpcom-json-api-edit-media-v1-2-endpoint.php
2017.08.24 17:30 A C:\xampp\htdocs\projects\palmasettimiinc\wp-content\plugins\jetpack\json-endpoints\class.wpcom-json-api-get-autosave-v1-1-endpoint.php <-- dev-palmasettimiinc /wp-content/plugins/jetpack/json-endpoints class.wpcom-json-api-get-autosave-v1-1-endpoint.php
2017.08.24 17:30 A C:\xampp\htdocs\projects\palmasettimiinc\wp-content\plugins\jetpack\json-endpoints\class.wpcom-json-api-get-comment-endpoint.php <-- dev-palmasettimiinc /wp-content/plugins/jetpack/json-endpoints class.wpcom-json-api-get-comment-endpoint.php
2017.08.24 17:31 A C:\xampp\htdocs\projects\palmasettimiinc\wp-content\plugins\jetpack\json-endpoints\class.wpcom-json-api-get-customcss.php <-- dev-palmasettimiinc /wp-content/plugins/jetpack/json-endpoints class.wpcom-json-api-get-customcss.php
2017.08.24 17:31 A C:\xampp\htdocs\projects\palmasettimiinc\wp-content\plugins\jetpack\json-endpoints\class.wpcom-json-api-get-media-endpoint.php <-- dev-palmasettimiinc /wp-content/plugins/jetpack/json-endpoints class.wpcom-json-api-get-media-endpoint.php
2017.08.24 17:31 A C:\xampp\htdocs\projects\palmasettimiinc\wp-content\plugins\jetpack\json-endpoints\class.wpcom-json-api-get-media-v1-1-endpoint.php <-- dev-palmasettimiinc /wp-content/plugins/jetpack/json-endpoints class.wpcom-json-api-get-media-v1-1-endpoint.php
2017.08.24 17:31 A C:\xampp\htdocs\projects\palmasettimiinc\wp-content\plugins\jetpack\json-endpoints\class.wpcom-json-api-get-media-v1-2-endpoint.php <-- dev-palmasettimiinc /wp-content/plugins/jetpack/json-endpoints class.wpcom-json-api-get-media-v1-2-endpoint.php
2017.08.24 17:31 A C:\xampp\htdocs\projects\palmasettimiinc\wp-content\plugins\jetpack\json-endpoints\class.wpcom-json-api-get-post-counts-v1-1-endpoint.php <-- dev-palmasettimiinc /wp-content/plugins/jetpack/json-endpoints class.wpcom-json-api-get-post-counts-v1-1-endpoint.php
2017.08.24 17:31 A C:\xampp\htdocs\projects\palmasettimiinc\wp-content\plugins\jetpack\json-endpoints\class.wpcom-json-api-get-post-endpoint.php <-- dev-palmasettimiinc /wp-content/plugins/jetpack/json-endpoints class.wpcom-json-api-get-post-endpoint.php
2017.08.24 17:31 A C:\xampp\htdocs\projects\palmasettimiinc\wp-content\plugins\jetpack\json-endpoints\class.wpcom-json-api-get-post-v1-1-endpoint.php <-- dev-palmasettimiinc /wp-content/plugins/jetpack/json-endpoints class.wpcom-json-api-get-post-v1-1-endpoint.php
2017.08.24 17:31 A C:\xampp\htdocs\projects\palmasettimiinc\wp-content\plugins\jetpack\json-endpoints\class.wpcom-json-api-get-site-endpoint.php <-- dev-palmasettimiinc /wp-content/plugins/jetpack/json-endpoints class.wpcom-json-api-get-site-endpoint.php
2017.08.24 17:31 A C:\xampp\htdocs\projects\palmasettimiinc\wp-content\plugins\jetpack\json-endpoints\class.wpcom-json-api-get-site-v1-2-endpoint.php <-- dev-palmasettimiinc /wp-content/plugins/jetpack/json-endpoints class.wpcom-json-api-get-site-v1-2-endpoint.php
2017.08.24 17:31 A C:\xampp\htdocs\projects\palmasettimiinc\wp-content\plugins\jetpack\json-endpoints\class.wpcom-json-api-get-taxonomies-endpoint.php <-- dev-palmasettimiinc /wp-content/plugins/jetpack/json-endpoints class.wpcom-json-api-get-taxonomies-endpoint.php
2017.08.24 17:31 A C:\xampp\htdocs\projects\palmasettimiinc\wp-content\plugins\jetpack\json-endpoints\class.wpcom-json-api-get-taxonomy-endpoint.php <-- dev-palmasettimiinc /wp-content/plugins/jetpack/json-endpoints class.wpcom-json-api-get-taxonomy-endpoint.php
2017.08.24 17:31 A C:\xampp\htdocs\projects\palmasettimiinc\wp-content\plugins\jetpack\json-endpoints\class.wpcom-json-api-get-term-endpoint.php <-- dev-palmasettimiinc /wp-content/plugins/jetpack/json-endpoints class.wpcom-json-api-get-term-endpoint.php
2017.08.24 17:31 A C:\xampp\htdocs\projects\palmasettimiinc\wp-content\plugins\jetpack\json-endpoints\class.wpcom-json-api-list-comments-endpoint.php <-- dev-palmasettimiinc /wp-content/plugins/jetpack/json-endpoints class.wpcom-json-api-list-comments-endpoint.php
2017.08.24 17:31 A C:\xampp\htdocs\projects\palmasettimiinc\wp-content\plugins\jetpack\json-endpoints\class.wpcom-json-api-list-embeds-endpoint.php <-- dev-palmasettimiinc /wp-content/plugins/jetpack/json-endpoints class.wpcom-json-api-list-embeds-endpoint.php
2017.08.24 17:31 A C:\xampp\htdocs\projects\palmasettimiinc\wp-content\plugins\jetpack\json-endpoints\class.wpcom-json-api-list-invites-endpoint.php <-- dev-palmasettimiinc /wp-content/plugins/jetpack/json-endpoints class.wpcom-json-api-list-invites-endpoint.php
2017.08.24 17:31 A C:\xampp\htdocs\projects\palmasettimiinc\wp-content\plugins\jetpack\json-endpoints\class.wpcom-json-api-list-media-endpoint.php <-- dev-palmasettimiinc /wp-content/plugins/jetpack/json-endpoints class.wpcom-json-api-list-media-endpoint.php
2017.08.24 17:31 A C:\xampp\htdocs\projects\palmasettimiinc\wp-content\plugins\jetpack\json-endpoints\class.wpcom-json-api-list-media-v1-1-endpoint.php <-- dev-palmasettimiinc /wp-content/plugins/jetpack/json-endpoints class.wpcom-json-api-list-media-v1-1-endpoint.php
2017.08.24 17:31 A C:\xampp\htdocs\projects\palmasettimiinc\wp-content\plugins\jetpack\json-endpoints\class.wpcom-json-api-list-media-v1-2-endpoint.php <-- dev-palmasettimiinc /wp-content/plugins/jetpack/json-endpoints class.wpcom-json-api-list-media-v1-2-endpoint.php
2017.08.24 17:31 A C:\xampp\htdocs\projects\palmasettimiinc\wp-content\plugins\jetpack\json-endpoints\class.wpcom-json-api-list-post-type-taxonomies-endpoint.php <-- dev-palmasettimiinc /wp-content/plugins/jetpack/json-endpoints class.wpcom-json-api-list-post-type-taxonomies-endpoint.php
2017.08.24 17:31 A C:\xampp\htdocs\projects\palmasettimiinc\wp-content\plugins\jetpack\json-endpoints\class.wpcom-json-api-list-post-types-endpoint.php <-- dev-palmasettimiinc /wp-content/plugins/jetpack/json-endpoints class.wpcom-json-api-list-post-types-endpoint.php
2017.08.24 17:31 A C:\xampp\htdocs\projects\palmasettimiinc\wp-content\plugins\jetpack\json-endpoints\class.wpcom-json-api-list-posts-endpoint.php <-- dev-palmasettimiinc /wp-content/plugins/jetpack/json-endpoints class.wpcom-json-api-list-posts-endpoint.php
2017.08.24 17:31 A C:\xampp\htdocs\projects\palmasettimiinc\wp-content\plugins\jetpack\json-endpoints\class.wpcom-json-api-list-posts-v1-1-endpoint.php <-- dev-palmasettimiinc /wp-content/plugins/jetpack/json-endpoints class.wpcom-json-api-list-posts-v1-1-endpoint.php
2017.08.24 17:31 A C:\xampp\htdocs\projects\palmasettimiinc\wp-content\plugins\jetpack\json-endpoints\class.wpcom-json-api-list-posts-v1-2-endpoint.php <-- dev-palmasettimiinc /wp-content/plugins/jetpack/json-endpoints class.wpcom-json-api-list-posts-v1-2-endpoint.php
2017.08.24 17:31 A C:\xampp\htdocs\projects\palmasettimiinc\wp-content\plugins\jetpack\json-endpoints\class.wpcom-json-api-list-roles-endpoint.php <-- dev-palmasettimiinc /wp-content/plugins/jetpack/json-endpoints class.wpcom-json-api-list-roles-endpoint.php
2017.08.24 17:31 A C:\xampp\htdocs\projects\palmasettimiinc\wp-content\plugins\jetpack\json-endpoints\class.wpcom-json-api-list-shortcodes-endpoint.php <-- dev-palmasettimiinc /wp-content/plugins/jetpack/json-endpoints class.wpcom-json-api-list-shortcodes-endpoint.php
2017.08.24 17:31 A C:\xampp\htdocs\projects\palmasettimiinc\wp-content\plugins\jetpack\json-endpoints\class.wpcom-json-api-list-terms-endpoint.php <-- dev-palmasettimiinc /wp-content/plugins/jetpack/json-endpoints class.wpcom-json-api-list-terms-endpoint.php
2017.08.24 17:31 A C:\xampp\htdocs\projects\palmasettimiinc\wp-content\plugins\jetpack\json-endpoints\class.wpcom-json-api-list-users-endpoint.php <-- dev-palmasettimiinc /wp-content/plugins/jetpack/json-endpoints class.wpcom-json-api-list-users-endpoint.php
2017.08.24 17:31 A C:\xampp\htdocs\projects\palmasettimiinc\wp-content\plugins\jetpack\json-endpoints\class.wpcom-json-api-menus-v1-1-endpoint.php <-- dev-palmasettimiinc /wp-content/plugins/jetpack/json-endpoints class.wpcom-json-api-menus-v1-1-endpoint.php
2017.08.24 17:31 A C:\xampp\htdocs\projects\palmasettimiinc\wp-content\plugins\jetpack\json-endpoints\class.wpcom-json-api-post-endpoint.php <-- dev-palmasettimiinc /wp-content/plugins/jetpack/json-endpoints class.wpcom-json-api-post-endpoint.php
2017.08.24 17:31 A C:\xampp\htdocs\projects\palmasettimiinc\wp-content\plugins\jetpack\json-endpoints\class.wpcom-json-api-post-v1-1-endpoint.php <-- dev-palmasettimiinc /wp-content/plugins/jetpack/json-endpoints class.wpcom-json-api-post-v1-1-endpoint.php
2017.08.24 17:31 A C:\xampp\htdocs\projects\palmasettimiinc\wp-content\plugins\jetpack\json-endpoints\class.wpcom-json-api-render-embed-endpoint.php <-- dev-palmasettimiinc /wp-content/plugins/jetpack/json-endpoints class.wpcom-json-api-render-embed-endpoint.php
2017.08.24 17:31 A C:\xampp\htdocs\projects\palmasettimiinc\wp-content\plugins\jetpack\json-endpoints\class.wpcom-json-api-render-embed-reversal-endpoint.php <-- dev-palmasettimiinc /wp-content/plugins/jetpack/json-endpoints class.wpcom-json-api-render-embed-reversal-endpoint.php
2017.08.24 17:31 A C:\xampp\htdocs\projects\palmasettimiinc\wp-content\plugins\jetpack\json-endpoints\class.wpcom-json-api-render-endpoint.php <-- dev-palmasettimiinc /wp-content/plugins/jetpack/json-endpoints class.wpcom-json-api-render-endpoint.php
2017.08.24 17:31 A C:\xampp\htdocs\projects\palmasettimiinc\wp-content\plugins\jetpack\json-endpoints\class.wpcom-json-api-render-shortcode-endpoint.php <-- dev-palmasettimiinc /wp-content/plugins/jetpack/json-endpoints class.wpcom-json-api-render-shortcode-endpoint.php
2017.08.24 17:31 A C:\xampp\htdocs\projects\palmasettimiinc\wp-content\plugins\jetpack\json-endpoints\class.wpcom-json-api-sharing-buttons-endpoint.php <-- dev-palmasettimiinc /wp-content/plugins/jetpack/json-endpoints class.wpcom-json-api-sharing-buttons-endpoint.php
2017.08.24 17:31 A C:\xampp\htdocs\projects\palmasettimiinc\wp-content\plugins\jetpack\json-endpoints\class.wpcom-json-api-site-settings-endpoint.php <-- dev-palmasettimiinc /wp-content/plugins/jetpack/json-endpoints class.wpcom-json-api-site-settings-endpoint.php
2017.08.24 17:31 A C:\xampp\htdocs\projects\palmasettimiinc\wp-content\plugins\jetpack\json-endpoints\class.wpcom-json-api-site-settings-v1-2-endpoint.php <-- dev-palmasettimiinc /wp-content/plugins/jetpack/json-endpoints class.wpcom-json-api-site-settings-v1-2-endpoint.php
2017.08.24 17:31 A C:\xampp\htdocs\projects\palmasettimiinc\wp-content\plugins\jetpack\json-endpoints\class.wpcom-json-api-site-user-endpoint.php <-- dev-palmasettimiinc /wp-content/plugins/jetpack/json-endpoints class.wpcom-json-api-site-user-endpoint.php
2017.08.24 17:31 A C:\xampp\htdocs\projects\palmasettimiinc\wp-content\plugins\jetpack\json-endpoints\class.wpcom-json-api-taxonomy-endpoint.php <-- dev-palmasettimiinc /wp-content/plugins/jetpack/json-endpoints class.wpcom-json-api-taxonomy-endpoint.php
2017.08.24 17:31 A C:\xampp\htdocs\projects\palmasettimiinc\wp-content\plugins\jetpack\json-endpoints\class.wpcom-json-api-update-comment-endpoint.php <-- dev-palmasettimiinc /wp-content/plugins/jetpack/json-endpoints class.wpcom-json-api-update-comment-endpoint.php
2017.08.24 17:31 A C:\xampp\htdocs\projects\palmasettimiinc\wp-content\plugins\jetpack\json-endpoints\class.wpcom-json-api-update-customcss.php <-- dev-palmasettimiinc /wp-content/plugins/jetpack/json-endpoints class.wpcom-json-api-update-customcss.php
2017.08.24 17:31 A C:\xampp\htdocs\projects\palmasettimiinc\wp-content\plugins\jetpack\json-endpoints\class.wpcom-json-api-update-invites-endpoint.php <-- dev-palmasettimiinc /wp-content/plugins/jetpack/json-endpoints class.wpcom-json-api-update-invites-endpoint.php
2017.08.24 17:31 A C:\xampp\htdocs\projects\palmasettimiinc\wp-content\plugins\jetpack\json-endpoints\class.wpcom-json-api-update-media-endpoint.php <-- dev-palmasettimiinc /wp-content/plugins/jetpack/json-endpoints class.wpcom-json-api-update-media-endpoint.php
2017.08.24 17:31 A C:\xampp\htdocs\projects\palmasettimiinc\wp-content\plugins\jetpack\json-endpoints\class.wpcom-json-api-update-media-v1-1-endpoint.php <-- dev-palmasettimiinc /wp-content/plugins/jetpack/json-endpoints class.wpcom-json-api-update-media-v1-1-endpoint.php
2017.08.24 17:31 A C:\xampp\htdocs\projects\palmasettimiinc\wp-content\plugins\jetpack\json-endpoints\class.wpcom-json-api-update-post-endpoint.php <-- dev-palmasettimiinc /wp-content/plugins/jetpack/json-endpoints class.wpcom-json-api-update-post-endpoint.php
2017.08.24 17:31 A C:\xampp\htdocs\projects\palmasettimiinc\wp-content\plugins\jetpack\json-endpoints\class.wpcom-json-api-update-post-v1-1-endpoint.php <-- dev-palmasettimiinc /wp-content/plugins/jetpack/json-endpoints class.wpcom-json-api-update-post-v1-1-endpoint.php
2017.08.24 17:31 A C:\xampp\htdocs\projects\palmasettimiinc\wp-content\plugins\jetpack\json-endpoints\class.wpcom-json-api-update-post-v1-2-endpoint.php <-- dev-palmasettimiinc /wp-content/plugins/jetpack/json-endpoints class.wpcom-json-api-update-post-v1-2-endpoint.php
2017.08.24 17:31 A C:\xampp\htdocs\projects\palmasettimiinc\wp-content\plugins\jetpack\json-endpoints\class.wpcom-json-api-update-site-homepage-endpoint.php <-- dev-palmasettimiinc /wp-content/plugins/jetpack/json-endpoints class.wpcom-json-api-update-site-homepage-endpoint.php
2017.08.24 17:31 A C:\xampp\htdocs\projects\palmasettimiinc\wp-content\plugins\jetpack\json-endpoints\class.wpcom-json-api-update-site-logo-endpoint.php <-- dev-palmasettimiinc /wp-content/plugins/jetpack/json-endpoints class.wpcom-json-api-update-site-logo-endpoint.php
2017.08.24 17:31 A C:\xampp\htdocs\projects\palmasettimiinc\wp-content\plugins\jetpack\json-endpoints\class.wpcom-json-api-update-taxonomy-endpoint.php <-- dev-palmasettimiinc /wp-content/plugins/jetpack/json-endpoints class.wpcom-json-api-update-taxonomy-endpoint.php
2017.08.24 17:31 A C:\xampp\htdocs\projects\palmasettimiinc\wp-content\plugins\jetpack\json-endpoints\class.wpcom-json-api-update-term-endpoint.php <-- dev-palmasettimiinc /wp-content/plugins/jetpack/json-endpoints class.wpcom-json-api-update-term-endpoint.php
2017.08.24 17:31 A C:\xampp\htdocs\projects\palmasettimiinc\wp-content\plugins\jetpack\json-endpoints\class.wpcom-json-api-update-user-endpoint.php <-- dev-palmasettimiinc /wp-content/plugins/jetpack/json-endpoints class.wpcom-json-api-update-user-endpoint.php
2017.08.24 17:31 A C:\xampp\htdocs\projects\palmasettimiinc\wp-content\plugins\jetpack\json-endpoints\class.wpcom-json-api-upload-media-endpoint.php <-- dev-palmasettimiinc /wp-content/plugins/jetpack/json-endpoints class.wpcom-json-api-upload-media-endpoint.php
2017.08.24 17:31 A C:\xampp\htdocs\projects\palmasettimiinc\wp-content\plugins\jetpack\json-endpoints\class.wpcom-json-api-upload-media-v1-1-endpoint.php <-- dev-palmasettimiinc /wp-content/plugins/jetpack/json-endpoints class.wpcom-json-api-upload-media-v1-1-endpoint.php
