2017.08.24 17:30 B C:\xampp\htdocs\projects\palmasettimiinc\wp-content\plugins\jetpack\images\stats-smiley.gif <-- dev-palmasettimiinc /wp-content/plugins/jetpack/images stats-smiley.gif
2017.08.24 17:30 B C:\xampp\htdocs\projects\palmasettimiinc\wp-content\plugins\jetpack\images\feature-photon-lrg.jpg <-- dev-palmasettimiinc /wp-content/plugins/jetpack/images feature-photon-lrg.jpg
2017.08.24 17:30 B C:\xampp\htdocs\projects\palmasettimiinc\wp-content\plugins\jetpack\images\feature-photon-med.jpg <-- dev-palmasettimiinc /wp-content/plugins/jetpack/images feature-photon-med.jpg
2017.08.24 17:30 B C:\xampp\htdocs\projects\palmasettimiinc\wp-content\plugins\jetpack\images\feature-photon-sm.jpg <-- dev-palmasettimiinc /wp-content/plugins/jetpack/images feature-photon-sm.jpg
2017.08.24 17:30 B C:\xampp\htdocs\projects\palmasettimiinc\wp-content\plugins\jetpack\images\jetpack-icon.jpg <-- dev-palmasettimiinc /wp-content/plugins/jetpack/images jetpack-icon.jpg
2017.08.24 17:30 B C:\xampp\htdocs\projects\palmasettimiinc\wp-content\plugins\jetpack\images\cf-ss.png <-- dev-palmasettimiinc /wp-content/plugins/jetpack/images cf-ss.png
2017.08.24 17:30 B C:\xampp\htdocs\projects\palmasettimiinc\wp-content\plugins\jetpack\images\jetpack-logo.png <-- dev-palmasettimiinc /wp-content/plugins/jetpack/images jetpack-logo.png
2017.08.24 17:30 B C:\xampp\htdocs\projects\palmasettimiinc\wp-content\plugins\jetpack\images\stats-example-lrg.png <-- dev-palmasettimiinc /wp-content/plugins/jetpack/images stats-example-lrg.png
2017.08.24 17:30 B C:\xampp\htdocs\projects\palmasettimiinc\wp-content\plugins\jetpack\images\stats-example-med.png <-- dev-palmasettimiinc /wp-content/plugins/jetpack/images stats-example-med.png
2017.08.24 17:30 B C:\xampp\htdocs\projects\palmasettimiinc\wp-content\plugins\jetpack\images\stats-example-sm.png <-- dev-palmasettimiinc /wp-content/plugins/jetpack/images stats-example-sm.png
2017.08.24 17:30 B C:\xampp\htdocs\projects\palmasettimiinc\wp-content\plugins\jetpack\images\connect-plug.svg <-- dev-palmasettimiinc /wp-content/plugins/jetpack/images connect-plug.svg
2017.08.24 17:30 B C:\xampp\htdocs\projects\palmasettimiinc\wp-content\plugins\jetpack\images\jetpack-logo.svg <-- dev-palmasettimiinc /wp-content/plugins/jetpack/images jetpack-logo.svg
2017.08.24 17:30 B C:\xampp\htdocs\projects\palmasettimiinc\wp-content\plugins\jetpack\images\jupiter.svg <-- dev-palmasettimiinc /wp-content/plugins/jetpack/images jupiter.svg
2017.08.24 17:30 B C:\xampp\htdocs\projects\palmasettimiinc\wp-content\plugins\jetpack\images\long-clouds.svg <-- dev-palmasettimiinc /wp-content/plugins/jetpack/images long-clouds.svg
2017.08.24 17:30 B C:\xampp\htdocs\projects\palmasettimiinc\wp-content\plugins\jetpack\images\man-and-laptop.svg <-- dev-palmasettimiinc /wp-content/plugins/jetpack/images man-and-laptop.svg
2017.08.24 17:30 B C:\xampp\htdocs\projects\palmasettimiinc\wp-content\plugins\jetpack\images\people-around-page.svg <-- dev-palmasettimiinc /wp-content/plugins/jetpack/images people-around-page.svg
2017.08.24 17:30 B C:\xampp\htdocs\projects\palmasettimiinc\wp-content\plugins\jetpack\images\stars-full.svg <-- dev-palmasettimiinc /wp-content/plugins/jetpack/images stars-full.svg
2017.08.24 17:30 B C:\xampp\htdocs\projects\palmasettimiinc\wp-content\plugins\jetpack\images\stars-left.svg <-- dev-palmasettimiinc /wp-content/plugins/jetpack/images stars-left.svg
2017.08.24 17:30 B C:\xampp\htdocs\projects\palmasettimiinc\wp-content\plugins\jetpack\images\stars-right.svg <-- dev-palmasettimiinc /wp-content/plugins/jetpack/images stars-right.svg
2017.08.24 17:30 B C:\xampp\htdocs\projects\palmasettimiinc\wp-content\plugins\jetpack\images\stat-bars.svg <-- dev-palmasettimiinc /wp-content/plugins/jetpack/images stat-bars.svg
2017.08.24 17:30 B C:\xampp\htdocs\projects\palmasettimiinc\wp-content\plugins\jetpack\images\stats.svg <-- dev-palmasettimiinc /wp-content/plugins/jetpack/images stats.svg
2017.08.24 17:30 B C:\xampp\htdocs\projects\palmasettimiinc\wp-content\plugins\jetpack\images\white-clouds-reverse.svg <-- dev-palmasettimiinc /wp-content/plugins/jetpack/images white-clouds-reverse.svg
2017.08.24 17:30 B C:\xampp\htdocs\projects\palmasettimiinc\wp-content\plugins\jetpack\images\white-clouds.svg <-- dev-palmasettimiinc /wp-content/plugins/jetpack/images white-clouds.svg
