2017.08.24 17:46 B C:\xampp\htdocs\projects\palmasettimiinc\wp-includes\css\admin-bar-rtl.css <-- dev-palmasettimiinc /wp-includes/css admin-bar-rtl.css
2017.08.24 17:46 B C:\xampp\htdocs\projects\palmasettimiinc\wp-includes\css\admin-bar-rtl.min.css <-- dev-palmasettimiinc /wp-includes/css admin-bar-rtl.min.css
2017.08.24 17:46 B C:\xampp\htdocs\projects\palmasettimiinc\wp-includes\css\admin-bar.css <-- dev-palmasettimiinc /wp-includes/css admin-bar.css
2017.08.24 17:46 B C:\xampp\htdocs\projects\palmasettimiinc\wp-includes\css\admin-bar.min.css <-- dev-palmasettimiinc /wp-includes/css admin-bar.min.css
2017.08.24 17:46 B C:\xampp\htdocs\projects\palmasettimiinc\wp-includes\css\buttons-rtl.css <-- dev-palmasettimiinc /wp-includes/css buttons-rtl.css
2017.08.24 17:46 B C:\xampp\htdocs\projects\palmasettimiinc\wp-includes\css\buttons-rtl.min.css <-- dev-palmasettimiinc /wp-includes/css buttons-rtl.min.css
2017.08.24 17:46 B C:\xampp\htdocs\projects\palmasettimiinc\wp-includes\css\buttons.css <-- dev-palmasettimiinc /wp-includes/css buttons.css
2017.08.24 17:46 B C:\xampp\htdocs\projects\palmasettimiinc\wp-includes\css\buttons.min.css <-- dev-palmasettimiinc /wp-includes/css buttons.min.css
2017.08.24 17:46 B C:\xampp\htdocs\projects\palmasettimiinc\wp-includes\css\customize-preview-rtl.css <-- dev-palmasettimiinc /wp-includes/css customize-preview-rtl.css
2017.08.24 17:46 B C:\xampp\htdocs\projects\palmasettimiinc\wp-includes\css\customize-preview-rtl.min.css <-- dev-palmasettimiinc /wp-includes/css customize-preview-rtl.min.css
2017.08.24 17:46 B C:\xampp\htdocs\projects\palmasettimiinc\wp-includes\css\customize-preview.css <-- dev-palmasettimiinc /wp-includes/css customize-preview.css
2017.08.24 17:46 B C:\xampp\htdocs\projects\palmasettimiinc\wp-includes\css\customize-preview.min.css <-- dev-palmasettimiinc /wp-includes/css customize-preview.min.css
2017.08.24 17:46 B C:\xampp\htdocs\projects\palmasettimiinc\wp-includes\css\dashicons.css <-- dev-palmasettimiinc /wp-includes/css dashicons.css
2017.08.24 17:46 B C:\xampp\htdocs\projects\palmasettimiinc\wp-includes\css\dashicons.min.css <-- dev-palmasettimiinc /wp-includes/css dashicons.min.css
2017.08.24 17:46 B C:\xampp\htdocs\projects\palmasettimiinc\wp-includes\css\editor-rtl.css <-- dev-palmasettimiinc /wp-includes/css editor-rtl.css
2017.08.24 17:46 B C:\xampp\htdocs\projects\palmasettimiinc\wp-includes\css\editor-rtl.min.css <-- dev-palmasettimiinc /wp-includes/css editor-rtl.min.css
2017.08.24 17:46 B C:\xampp\htdocs\projects\palmasettimiinc\wp-includes\css\editor.css <-- dev-palmasettimiinc /wp-includes/css editor.css
2017.08.24 17:46 B C:\xampp\htdocs\projects\palmasettimiinc\wp-includes\css\editor.min.css <-- dev-palmasettimiinc /wp-includes/css editor.min.css
2017.08.24 17:46 B C:\xampp\htdocs\projects\palmasettimiinc\wp-includes\css\jquery-ui-dialog-rtl.css <-- dev-palmasettimiinc /wp-includes/css jquery-ui-dialog-rtl.css
2017.08.24 17:46 B C:\xampp\htdocs\projects\palmasettimiinc\wp-includes\css\jquery-ui-dialog-rtl.min.css <-- dev-palmasettimiinc /wp-includes/css jquery-ui-dialog-rtl.min.css
2017.08.24 17:46 B C:\xampp\htdocs\projects\palmasettimiinc\wp-includes\css\jquery-ui-dialog.css <-- dev-palmasettimiinc /wp-includes/css jquery-ui-dialog.css
2017.08.24 17:46 B C:\xampp\htdocs\projects\palmasettimiinc\wp-includes\css\jquery-ui-dialog.min.css <-- dev-palmasettimiinc /wp-includes/css jquery-ui-dialog.min.css
2017.08.24 17:46 B C:\xampp\htdocs\projects\palmasettimiinc\wp-includes\css\media-views-rtl.css <-- dev-palmasettimiinc /wp-includes/css media-views-rtl.css
2017.08.24 17:46 B C:\xampp\htdocs\projects\palmasettimiinc\wp-includes\css\media-views-rtl.min.css <-- dev-palmasettimiinc /wp-includes/css media-views-rtl.min.css
2017.08.24 17:46 B C:\xampp\htdocs\projects\palmasettimiinc\wp-includes\css\media-views.css <-- dev-palmasettimiinc /wp-includes/css media-views.css
2017.08.24 17:46 B C:\xampp\htdocs\projects\palmasettimiinc\wp-includes\css\media-views.min.css <-- dev-palmasettimiinc /wp-includes/css media-views.min.css
2017.08.24 17:46 B C:\xampp\htdocs\projects\palmasettimiinc\wp-includes\css\wp-auth-check-rtl.css <-- dev-palmasettimiinc /wp-includes/css wp-auth-check-rtl.css
2017.08.24 17:46 B C:\xampp\htdocs\projects\palmasettimiinc\wp-includes\css\wp-auth-check-rtl.min.css <-- dev-palmasettimiinc /wp-includes/css wp-auth-check-rtl.min.css
2017.08.24 17:46 B C:\xampp\htdocs\projects\palmasettimiinc\wp-includes\css\wp-auth-check.css <-- dev-palmasettimiinc /wp-includes/css wp-auth-check.css
2017.08.24 17:46 B C:\xampp\htdocs\projects\palmasettimiinc\wp-includes\css\wp-auth-check.min.css <-- dev-palmasettimiinc /wp-includes/css wp-auth-check.min.css
2017.08.24 17:46 B C:\xampp\htdocs\projects\palmasettimiinc\wp-includes\css\wp-embed-template-ie.css <-- dev-palmasettimiinc /wp-includes/css wp-embed-template-ie.css
2017.08.24 17:46 B C:\xampp\htdocs\projects\palmasettimiinc\wp-includes\css\wp-embed-template-ie.min.css <-- dev-palmasettimiinc /wp-includes/css wp-embed-template-ie.min.css
2017.08.24 17:46 B C:\xampp\htdocs\projects\palmasettimiinc\wp-includes\css\wp-embed-template.css <-- dev-palmasettimiinc /wp-includes/css wp-embed-template.css
2017.08.24 17:46 B C:\xampp\htdocs\projects\palmasettimiinc\wp-includes\css\wp-embed-template.min.css <-- dev-palmasettimiinc /wp-includes/css wp-embed-template.min.css
2017.08.24 17:46 B C:\xampp\htdocs\projects\palmasettimiinc\wp-includes\css\wp-pointer-rtl.css <-- dev-palmasettimiinc /wp-includes/css wp-pointer-rtl.css
2017.08.24 17:46 B C:\xampp\htdocs\projects\palmasettimiinc\wp-includes\css\wp-pointer-rtl.min.css <-- dev-palmasettimiinc /wp-includes/css wp-pointer-rtl.min.css
2017.08.24 17:46 B C:\xampp\htdocs\projects\palmasettimiinc\wp-includes\css\wp-pointer.css <-- dev-palmasettimiinc /wp-includes/css wp-pointer.css
2017.08.24 17:46 B C:\xampp\htdocs\projects\palmasettimiinc\wp-includes\css\wp-pointer.min.css <-- dev-palmasettimiinc /wp-includes/css wp-pointer.min.css
