2017.08.24 17:41 A C:\xampp\htdocs\projects\palmasettimiinc\wp-content\plugins\mojo-marketplace-wp-plugin\inc\base.php <-- dev-palmasettimiinc /wp-content/plugins/mojo-marketplace-wp-plugin/inc base.php
2017.08.24 17:41 A C:\xampp\htdocs\projects\palmasettimiinc\wp-content\plugins\mojo-marketplace-wp-plugin\inc\branding.php <-- dev-palmasettimiinc /wp-content/plugins/mojo-marketplace-wp-plugin/inc branding.php
2017.08.24 17:41 A C:\xampp\htdocs\projects\palmasettimiinc\wp-content\plugins\mojo-marketplace-wp-plugin\inc\checkout.php <-- dev-palmasettimiinc /wp-content/plugins/mojo-marketplace-wp-plugin/inc checkout.php
2017.08.24 17:41 A C:\xampp\htdocs\projects\palmasettimiinc\wp-content\plugins\mojo-marketplace-wp-plugin\inc\churn.php <-- dev-palmasettimiinc /wp-content/plugins/mojo-marketplace-wp-plugin/inc churn.php
2017.08.24 17:41 A C:\xampp\htdocs\projects\palmasettimiinc\wp-content\plugins\mojo-marketplace-wp-plugin\inc\cli.php <-- dev-palmasettimiinc /wp-content/plugins/mojo-marketplace-wp-plugin/inc cli.php
2017.08.24 17:41 A C:\xampp\htdocs\projects\palmasettimiinc\wp-content\plugins\mojo-marketplace-wp-plugin\inc\coming-soon.php <-- dev-palmasettimiinc /wp-content/plugins/mojo-marketplace-wp-plugin/inc coming-soon.php
2017.08.24 17:41 A C:\xampp\htdocs\projects\palmasettimiinc\wp-content\plugins\mojo-marketplace-wp-plugin\inc\editor-prompt.php <-- dev-palmasettimiinc /wp-content/plugins/mojo-marketplace-wp-plugin/inc editor-prompt.php
2017.08.24 17:41 A C:\xampp\htdocs\projects\palmasettimiinc\wp-content\plugins\mojo-marketplace-wp-plugin\inc\jetpack.php <-- dev-palmasettimiinc /wp-content/plugins/mojo-marketplace-wp-plugin/inc jetpack.php
2017.08.24 17:41 A C:\xampp\htdocs\projects\palmasettimiinc\wp-content\plugins\mojo-marketplace-wp-plugin\inc\menu.php <-- dev-palmasettimiinc /wp-content/plugins/mojo-marketplace-wp-plugin/inc menu.php
2017.08.24 17:41 A C:\xampp\htdocs\projects\palmasettimiinc\wp-content\plugins\mojo-marketplace-wp-plugin\inc\mojo-themes.php <-- dev-palmasettimiinc /wp-content/plugins/mojo-marketplace-wp-plugin/inc mojo-themes.php
2017.08.24 17:41 A C:\xampp\htdocs\projects\palmasettimiinc\wp-content\plugins\mojo-marketplace-wp-plugin\inc\notifications.php <-- dev-palmasettimiinc /wp-content/plugins/mojo-marketplace-wp-plugin/inc notifications.php
2017.08.24 17:41 A C:\xampp\htdocs\projects\palmasettimiinc\wp-content\plugins\mojo-marketplace-wp-plugin\inc\performance.php <-- dev-palmasettimiinc /wp-content/plugins/mojo-marketplace-wp-plugin/inc performance.php
2017.08.24 17:41 A C:\xampp\htdocs\projects\palmasettimiinc\wp-content\plugins\mojo-marketplace-wp-plugin\inc\plugin-search.php <-- dev-palmasettimiinc /wp-content/plugins/mojo-marketplace-wp-plugin/inc plugin-search.php
2017.08.24 17:41 A C:\xampp\htdocs\projects\palmasettimiinc\wp-content\plugins\mojo-marketplace-wp-plugin\inc\shortcode-generator.php <-- dev-palmasettimiinc /wp-content/plugins/mojo-marketplace-wp-plugin/inc shortcode-generator.php
2017.08.24 17:41 A C:\xampp\htdocs\projects\palmasettimiinc\wp-content\plugins\mojo-marketplace-wp-plugin\inc\spam-prevention.php <-- dev-palmasettimiinc /wp-content/plugins/mojo-marketplace-wp-plugin/inc spam-prevention.php
2017.08.24 17:41 A C:\xampp\htdocs\projects\palmasettimiinc\wp-content\plugins\mojo-marketplace-wp-plugin\inc\sso.php <-- dev-palmasettimiinc /wp-content/plugins/mojo-marketplace-wp-plugin/inc sso.php
2017.08.24 17:41 A C:\xampp\htdocs\projects\palmasettimiinc\wp-content\plugins\mojo-marketplace-wp-plugin\inc\staging.php <-- dev-palmasettimiinc /wp-content/plugins/mojo-marketplace-wp-plugin/inc staging.php
2017.08.24 17:41 A C:\xampp\htdocs\projects\palmasettimiinc\wp-content\plugins\mojo-marketplace-wp-plugin\inc\styles.php <-- dev-palmasettimiinc /wp-content/plugins/mojo-marketplace-wp-plugin/inc styles.php
2017.08.24 17:41 A C:\xampp\htdocs\projects\palmasettimiinc\wp-content\plugins\mojo-marketplace-wp-plugin\inc\tests.php <-- dev-palmasettimiinc /wp-content/plugins/mojo-marketplace-wp-plugin/inc tests.php
2017.08.24 17:41 A C:\xampp\htdocs\projects\palmasettimiinc\wp-content\plugins\mojo-marketplace-wp-plugin\inc\themes-widget.php <-- dev-palmasettimiinc /wp-content/plugins/mojo-marketplace-wp-plugin/inc themes-widget.php
2017.08.24 17:41 A C:\xampp\htdocs\projects\palmasettimiinc\wp-content\plugins\mojo-marketplace-wp-plugin\inc\updates.php <-- dev-palmasettimiinc /wp-content/plugins/mojo-marketplace-wp-plugin/inc updates.php
2017.08.24 17:41 A C:\xampp\htdocs\projects\palmasettimiinc\wp-content\plugins\mojo-marketplace-wp-plugin\inc\user-experience-tracking.php <-- dev-palmasettimiinc /wp-content/plugins/mojo-marketplace-wp-plugin/inc user-experience-tracking.php
