2017.08.24 17:32 B C:\xampp\htdocs\projects\palmasettimiinc\wp-content\plugins\jetpack\languages\jetpack-af.mo <-- dev-palmasettimiinc /wp-content/plugins/jetpack/languages jetpack-af.mo
2017.08.24 17:32 B C:\xampp\htdocs\projects\palmasettimiinc\wp-content\plugins\jetpack\languages\jetpack-ary.mo <-- dev-palmasettimiinc /wp-content/plugins/jetpack/languages jetpack-ary.mo
2017.08.24 17:32 B C:\xampp\htdocs\projects\palmasettimiinc\wp-content\plugins\jetpack\languages\jetpack-az.mo <-- dev-palmasettimiinc /wp-content/plugins/jetpack/languages jetpack-az.mo
2017.08.24 17:32 B C:\xampp\htdocs\projects\palmasettimiinc\wp-content\plugins\jetpack\languages\jetpack-bg_BG.mo <-- dev-palmasettimiinc /wp-content/plugins/jetpack/languages jetpack-bg_BG.mo
2017.08.24 17:32 B C:\xampp\htdocs\projects\palmasettimiinc\wp-content\plugins\jetpack\languages\jetpack-bs_BA.mo <-- dev-palmasettimiinc /wp-content/plugins/jetpack/languages jetpack-bs_BA.mo
2017.08.24 17:32 B C:\xampp\htdocs\projects\palmasettimiinc\wp-content\plugins\jetpack\languages\jetpack-ca.mo <-- dev-palmasettimiinc /wp-content/plugins/jetpack/languages jetpack-ca.mo
2017.08.24 17:32 B C:\xampp\htdocs\projects\palmasettimiinc\wp-content\plugins\jetpack\languages\jetpack-ckb.mo <-- dev-palmasettimiinc /wp-content/plugins/jetpack/languages jetpack-ckb.mo
2017.08.24 17:32 B C:\xampp\htdocs\projects\palmasettimiinc\wp-content\plugins\jetpack\languages\jetpack-cs_CZ.mo <-- dev-palmasettimiinc /wp-content/plugins/jetpack/languages jetpack-cs_CZ.mo
2017.08.24 17:32 B C:\xampp\htdocs\projects\palmasettimiinc\wp-content\plugins\jetpack\languages\jetpack-cy.mo <-- dev-palmasettimiinc /wp-content/plugins/jetpack/languages jetpack-cy.mo
2017.08.24 17:32 B C:\xampp\htdocs\projects\palmasettimiinc\wp-content\plugins\jetpack\languages\jetpack-da_DK.mo <-- dev-palmasettimiinc /wp-content/plugins/jetpack/languages jetpack-da_DK.mo
2017.08.24 17:32 B C:\xampp\htdocs\projects\palmasettimiinc\wp-content\plugins\jetpack\languages\jetpack-gd.mo <-- dev-palmasettimiinc /wp-content/plugins/jetpack/languages jetpack-gd.mo
2017.08.24 17:32 B C:\xampp\htdocs\projects\palmasettimiinc\wp-content\plugins\jetpack\languages\jetpack-gl_ES.mo <-- dev-palmasettimiinc /wp-content/plugins/jetpack/languages jetpack-gl_ES.mo
2017.08.24 17:32 B C:\xampp\htdocs\projects\palmasettimiinc\wp-content\plugins\jetpack\languages\jetpack-hu_HU.mo <-- dev-palmasettimiinc /wp-content/plugins/jetpack/languages jetpack-hu_HU.mo
2017.08.24 17:32 B C:\xampp\htdocs\projects\palmasettimiinc\wp-content\plugins\jetpack\languages\jetpack-is_IS.mo <-- dev-palmasettimiinc /wp-content/plugins/jetpack/languages jetpack-is_IS.mo
2017.08.24 17:32 B C:\xampp\htdocs\projects\palmasettimiinc\wp-content\plugins\jetpack\languages\jetpack-ka_GE.mo <-- dev-palmasettimiinc /wp-content/plugins/jetpack/languages jetpack-ka_GE.mo
2017.08.24 17:32 B C:\xampp\htdocs\projects\palmasettimiinc\wp-content\plugins\jetpack\languages\jetpack-lt_LT.mo <-- dev-palmasettimiinc /wp-content/plugins/jetpack/languages jetpack-lt_LT.mo
2017.08.24 17:32 B C:\xampp\htdocs\projects\palmasettimiinc\wp-content\plugins\jetpack\languages\jetpack-lv.mo <-- dev-palmasettimiinc /wp-content/plugins/jetpack/languages jetpack-lv.mo
2017.08.24 17:32 B C:\xampp\htdocs\projects\palmasettimiinc\wp-content\plugins\jetpack\languages\jetpack-mk_MK.mo <-- dev-palmasettimiinc /wp-content/plugins/jetpack/languages jetpack-mk_MK.mo
2017.08.24 17:32 B C:\xampp\htdocs\projects\palmasettimiinc\wp-content\plugins\jetpack\languages\jetpack-ms_MY.mo <-- dev-palmasettimiinc /wp-content/plugins/jetpack/languages jetpack-ms_MY.mo
2017.08.24 17:32 B C:\xampp\htdocs\projects\palmasettimiinc\wp-content\plugins\jetpack\languages\jetpack-my_MM.mo <-- dev-palmasettimiinc /wp-content/plugins/jetpack/languages jetpack-my_MM.mo
2017.08.24 17:32 B C:\xampp\htdocs\projects\palmasettimiinc\wp-content\plugins\jetpack\languages\jetpack-nb_NO.mo <-- dev-palmasettimiinc /wp-content/plugins/jetpack/languages jetpack-nb_NO.mo
2017.08.24 17:32 B C:\xampp\htdocs\projects\palmasettimiinc\wp-content\plugins\jetpack\languages\jetpack-nn_NO.mo <-- dev-palmasettimiinc /wp-content/plugins/jetpack/languages jetpack-nn_NO.mo
2017.08.24 17:32 B C:\xampp\htdocs\projects\palmasettimiinc\wp-content\plugins\jetpack\languages\jetpack-pl_PL.mo <-- dev-palmasettimiinc /wp-content/plugins/jetpack/languages jetpack-pl_PL.mo
2017.08.24 17:32 B C:\xampp\htdocs\projects\palmasettimiinc\wp-content\plugins\jetpack\languages\jetpack-pt_PT.mo <-- dev-palmasettimiinc /wp-content/plugins/jetpack/languages jetpack-pt_PT.mo
2017.08.24 17:32 B C:\xampp\htdocs\projects\palmasettimiinc\wp-content\plugins\jetpack\languages\jetpack-sa_IN.mo <-- dev-palmasettimiinc /wp-content/plugins/jetpack/languages jetpack-sa_IN.mo
2017.08.24 17:32 B C:\xampp\htdocs\projects\palmasettimiinc\wp-content\plugins\jetpack\languages\jetpack-si_LK.mo <-- dev-palmasettimiinc /wp-content/plugins/jetpack/languages jetpack-si_LK.mo
2017.08.24 17:32 B C:\xampp\htdocs\projects\palmasettimiinc\wp-content\plugins\jetpack\languages\jetpack-sl_SI.mo <-- dev-palmasettimiinc /wp-content/plugins/jetpack/languages jetpack-sl_SI.mo
2017.08.24 17:32 B C:\xampp\htdocs\projects\palmasettimiinc\wp-content\plugins\jetpack\languages\jetpack-sr_RS.mo <-- dev-palmasettimiinc /wp-content/plugins/jetpack/languages jetpack-sr_RS.mo
2017.08.24 17:32 B C:\xampp\htdocs\projects\palmasettimiinc\wp-content\plugins\jetpack\languages\jetpack-te.mo <-- dev-palmasettimiinc /wp-content/plugins/jetpack/languages jetpack-te.mo
2017.08.24 17:32 B C:\xampp\htdocs\projects\palmasettimiinc\wp-content\plugins\jetpack\languages\jetpack-th.mo <-- dev-palmasettimiinc /wp-content/plugins/jetpack/languages jetpack-th.mo
2017.08.24 17:32 B C:\xampp\htdocs\projects\palmasettimiinc\wp-content\plugins\jetpack\languages\jetpack-uk.mo <-- dev-palmasettimiinc /wp-content/plugins/jetpack/languages jetpack-uk.mo
2017.08.24 17:32 B C:\xampp\htdocs\projects\palmasettimiinc\wp-content\plugins\jetpack\languages\jetpack-ur.mo <-- dev-palmasettimiinc /wp-content/plugins/jetpack/languages jetpack-ur.mo
2017.08.24 17:32 B C:\xampp\htdocs\projects\palmasettimiinc\wp-content\plugins\jetpack\languages\jetpack-vi.mo <-- dev-palmasettimiinc /wp-content/plugins/jetpack/languages jetpack-vi.mo
2017.08.24 17:32 B C:\xampp\htdocs\projects\palmasettimiinc\wp-content\plugins\jetpack\languages\jetpack-zh_HK.mo <-- dev-palmasettimiinc /wp-content/plugins/jetpack/languages jetpack-zh_HK.mo
2017.08.24 17:32 A C:\xampp\htdocs\projects\palmasettimiinc\wp-content\plugins\jetpack\languages\readme.txt <-- dev-palmasettimiinc /wp-content/plugins/jetpack/languages readme.txt
