2017.08.24 17:24 B C:\xampp\htdocs\projects\palmasettimiinc\wp-admin\css\about-rtl.css <-- dev-palmasettimiinc /wp-admin/css about-rtl.css
2017.08.24 17:24 B C:\xampp\htdocs\projects\palmasettimiinc\wp-admin\css\about-rtl.min.css <-- dev-palmasettimiinc /wp-admin/css about-rtl.min.css
2017.08.24 17:24 B C:\xampp\htdocs\projects\palmasettimiinc\wp-admin\css\about.css <-- dev-palmasettimiinc /wp-admin/css about.css
2017.08.24 17:24 B C:\xampp\htdocs\projects\palmasettimiinc\wp-admin\css\about.min.css <-- dev-palmasettimiinc /wp-admin/css about.min.css
2017.08.24 17:24 B C:\xampp\htdocs\projects\palmasettimiinc\wp-admin\css\admin-menu-rtl.css <-- dev-palmasettimiinc /wp-admin/css admin-menu-rtl.css
2017.08.24 17:24 B C:\xampp\htdocs\projects\palmasettimiinc\wp-admin\css\admin-menu-rtl.min.css <-- dev-palmasettimiinc /wp-admin/css admin-menu-rtl.min.css
2017.08.24 17:24 B C:\xampp\htdocs\projects\palmasettimiinc\wp-admin\css\admin-menu.css <-- dev-palmasettimiinc /wp-admin/css admin-menu.css
2017.08.24 17:24 B C:\xampp\htdocs\projects\palmasettimiinc\wp-admin\css\admin-menu.min.css <-- dev-palmasettimiinc /wp-admin/css admin-menu.min.css
2017.08.24 17:24 B C:\xampp\htdocs\projects\palmasettimiinc\wp-admin\css\color-picker-rtl.css <-- dev-palmasettimiinc /wp-admin/css color-picker-rtl.css
2017.08.24 17:24 B C:\xampp\htdocs\projects\palmasettimiinc\wp-admin\css\color-picker-rtl.min.css <-- dev-palmasettimiinc /wp-admin/css color-picker-rtl.min.css
2017.08.24 17:24 B C:\xampp\htdocs\projects\palmasettimiinc\wp-admin\css\color-picker.css <-- dev-palmasettimiinc /wp-admin/css color-picker.css
2017.08.24 17:24 B C:\xampp\htdocs\projects\palmasettimiinc\wp-admin\css\color-picker.min.css <-- dev-palmasettimiinc /wp-admin/css color-picker.min.css
2017.08.24 17:24 B C:\xampp\htdocs\projects\palmasettimiinc\wp-admin\css\common-rtl.css <-- dev-palmasettimiinc /wp-admin/css common-rtl.css
2017.08.24 17:24 B C:\xampp\htdocs\projects\palmasettimiinc\wp-admin\css\common-rtl.min.css <-- dev-palmasettimiinc /wp-admin/css common-rtl.min.css
2017.08.24 17:24 B C:\xampp\htdocs\projects\palmasettimiinc\wp-admin\css\common.css <-- dev-palmasettimiinc /wp-admin/css common.css
2017.08.24 17:24 B C:\xampp\htdocs\projects\palmasettimiinc\wp-admin\css\common.min.css <-- dev-palmasettimiinc /wp-admin/css common.min.css
2017.08.24 17:24 B C:\xampp\htdocs\projects\palmasettimiinc\wp-admin\css\customize-controls-rtl.css <-- dev-palmasettimiinc /wp-admin/css customize-controls-rtl.css
2017.08.24 17:24 B C:\xampp\htdocs\projects\palmasettimiinc\wp-admin\css\customize-controls-rtl.min.css <-- dev-palmasettimiinc /wp-admin/css customize-controls-rtl.min.css
2017.08.24 17:24 B C:\xampp\htdocs\projects\palmasettimiinc\wp-admin\css\customize-controls.css <-- dev-palmasettimiinc /wp-admin/css customize-controls.css
2017.08.24 17:24 B C:\xampp\htdocs\projects\palmasettimiinc\wp-admin\css\customize-controls.min.css <-- dev-palmasettimiinc /wp-admin/css customize-controls.min.css
2017.08.24 17:24 B C:\xampp\htdocs\projects\palmasettimiinc\wp-admin\css\customize-nav-menus-rtl.css <-- dev-palmasettimiinc /wp-admin/css customize-nav-menus-rtl.css
2017.08.24 17:24 B C:\xampp\htdocs\projects\palmasettimiinc\wp-admin\css\customize-nav-menus-rtl.min.css <-- dev-palmasettimiinc /wp-admin/css customize-nav-menus-rtl.min.css
2017.08.24 17:24 B C:\xampp\htdocs\projects\palmasettimiinc\wp-admin\css\customize-nav-menus.css <-- dev-palmasettimiinc /wp-admin/css customize-nav-menus.css
2017.08.24 17:24 B C:\xampp\htdocs\projects\palmasettimiinc\wp-admin\css\customize-nav-menus.min.css <-- dev-palmasettimiinc /wp-admin/css customize-nav-menus.min.css
2017.08.24 17:24 B C:\xampp\htdocs\projects\palmasettimiinc\wp-admin\css\customize-widgets-rtl.css <-- dev-palmasettimiinc /wp-admin/css customize-widgets-rtl.css
2017.08.24 17:24 B C:\xampp\htdocs\projects\palmasettimiinc\wp-admin\css\customize-widgets-rtl.min.css <-- dev-palmasettimiinc /wp-admin/css customize-widgets-rtl.min.css
2017.08.24 17:24 B C:\xampp\htdocs\projects\palmasettimiinc\wp-admin\css\customize-widgets.css <-- dev-palmasettimiinc /wp-admin/css customize-widgets.css
2017.08.24 17:24 B C:\xampp\htdocs\projects\palmasettimiinc\wp-admin\css\customize-widgets.min.css <-- dev-palmasettimiinc /wp-admin/css customize-widgets.min.css
2017.08.24 17:24 B C:\xampp\htdocs\projects\palmasettimiinc\wp-admin\css\dashboard-rtl.css <-- dev-palmasettimiinc /wp-admin/css dashboard-rtl.css
2017.08.24 17:25 B C:\xampp\htdocs\projects\palmasettimiinc\wp-admin\css\dashboard-rtl.min.css <-- dev-palmasettimiinc /wp-admin/css dashboard-rtl.min.css
2017.08.24 17:25 B C:\xampp\htdocs\projects\palmasettimiinc\wp-admin\css\dashboard.css <-- dev-palmasettimiinc /wp-admin/css dashboard.css
2017.08.24 17:25 B C:\xampp\htdocs\projects\palmasettimiinc\wp-admin\css\dashboard.min.css <-- dev-palmasettimiinc /wp-admin/css dashboard.min.css
2017.08.24 17:25 B C:\xampp\htdocs\projects\palmasettimiinc\wp-admin\css\deprecated-media-rtl.css <-- dev-palmasettimiinc /wp-admin/css deprecated-media-rtl.css
2017.08.24 17:25 B C:\xampp\htdocs\projects\palmasettimiinc\wp-admin\css\deprecated-media-rtl.min.css <-- dev-palmasettimiinc /wp-admin/css deprecated-media-rtl.min.css
2017.08.24 17:25 B C:\xampp\htdocs\projects\palmasettimiinc\wp-admin\css\deprecated-media.css <-- dev-palmasettimiinc /wp-admin/css deprecated-media.css
2017.08.24 17:25 B C:\xampp\htdocs\projects\palmasettimiinc\wp-admin\css\deprecated-media.min.css <-- dev-palmasettimiinc /wp-admin/css deprecated-media.min.css
2017.08.24 17:25 B C:\xampp\htdocs\projects\palmasettimiinc\wp-admin\css\edit-rtl.css <-- dev-palmasettimiinc /wp-admin/css edit-rtl.css
2017.08.24 17:25 B C:\xampp\htdocs\projects\palmasettimiinc\wp-admin\css\edit-rtl.min.css <-- dev-palmasettimiinc /wp-admin/css edit-rtl.min.css
2017.08.24 17:25 B C:\xampp\htdocs\projects\palmasettimiinc\wp-admin\css\edit.css <-- dev-palmasettimiinc /wp-admin/css edit.css
2017.08.24 17:25 B C:\xampp\htdocs\projects\palmasettimiinc\wp-admin\css\edit.min.css <-- dev-palmasettimiinc /wp-admin/css edit.min.css
2017.08.24 17:25 B C:\xampp\htdocs\projects\palmasettimiinc\wp-admin\css\farbtastic-rtl.css <-- dev-palmasettimiinc /wp-admin/css farbtastic-rtl.css
2017.08.24 17:25 B C:\xampp\htdocs\projects\palmasettimiinc\wp-admin\css\farbtastic-rtl.min.css <-- dev-palmasettimiinc /wp-admin/css farbtastic-rtl.min.css
2017.08.24 17:25 B C:\xampp\htdocs\projects\palmasettimiinc\wp-admin\css\farbtastic.css <-- dev-palmasettimiinc /wp-admin/css farbtastic.css
2017.08.24 17:25 B C:\xampp\htdocs\projects\palmasettimiinc\wp-admin\css\farbtastic.min.css <-- dev-palmasettimiinc /wp-admin/css farbtastic.min.css
2017.08.24 17:25 B C:\xampp\htdocs\projects\palmasettimiinc\wp-admin\css\forms-rtl.css <-- dev-palmasettimiinc /wp-admin/css forms-rtl.css
2017.08.24 17:25 B C:\xampp\htdocs\projects\palmasettimiinc\wp-admin\css\forms-rtl.min.css <-- dev-palmasettimiinc /wp-admin/css forms-rtl.min.css
2017.08.24 17:25 B C:\xampp\htdocs\projects\palmasettimiinc\wp-admin\css\forms.css <-- dev-palmasettimiinc /wp-admin/css forms.css
2017.08.24 17:25 B C:\xampp\htdocs\projects\palmasettimiinc\wp-admin\css\forms.min.css <-- dev-palmasettimiinc /wp-admin/css forms.min.css
2017.08.24 17:25 B C:\xampp\htdocs\projects\palmasettimiinc\wp-admin\css\ie-rtl.css <-- dev-palmasettimiinc /wp-admin/css ie-rtl.css
2017.08.24 17:25 B C:\xampp\htdocs\projects\palmasettimiinc\wp-admin\css\ie-rtl.min.css <-- dev-palmasettimiinc /wp-admin/css ie-rtl.min.css
2017.08.24 17:25 B C:\xampp\htdocs\projects\palmasettimiinc\wp-admin\css\ie.css <-- dev-palmasettimiinc /wp-admin/css ie.css
2017.08.24 17:25 B C:\xampp\htdocs\projects\palmasettimiinc\wp-admin\css\ie.min.css <-- dev-palmasettimiinc /wp-admin/css ie.min.css
2017.08.24 17:25 B C:\xampp\htdocs\projects\palmasettimiinc\wp-admin\css\install-rtl.css <-- dev-palmasettimiinc /wp-admin/css install-rtl.css
2017.08.24 17:25 B C:\xampp\htdocs\projects\palmasettimiinc\wp-admin\css\install-rtl.min.css <-- dev-palmasettimiinc /wp-admin/css install-rtl.min.css
2017.08.24 17:25 B C:\xampp\htdocs\projects\palmasettimiinc\wp-admin\css\install.css <-- dev-palmasettimiinc /wp-admin/css install.css
2017.08.24 17:25 B C:\xampp\htdocs\projects\palmasettimiinc\wp-admin\css\install.min.css <-- dev-palmasettimiinc /wp-admin/css install.min.css
2017.08.24 17:25 B C:\xampp\htdocs\projects\palmasettimiinc\wp-admin\css\l10n-rtl.css <-- dev-palmasettimiinc /wp-admin/css l10n-rtl.css
2017.08.24 17:25 B C:\xampp\htdocs\projects\palmasettimiinc\wp-admin\css\l10n-rtl.min.css <-- dev-palmasettimiinc /wp-admin/css l10n-rtl.min.css
2017.08.24 17:25 B C:\xampp\htdocs\projects\palmasettimiinc\wp-admin\css\l10n.css <-- dev-palmasettimiinc /wp-admin/css l10n.css
2017.08.24 17:25 B C:\xampp\htdocs\projects\palmasettimiinc\wp-admin\css\l10n.min.css <-- dev-palmasettimiinc /wp-admin/css l10n.min.css
2017.08.24 17:25 B C:\xampp\htdocs\projects\palmasettimiinc\wp-admin\css\list-tables-rtl.css <-- dev-palmasettimiinc /wp-admin/css list-tables-rtl.css
2017.08.24 17:25 B C:\xampp\htdocs\projects\palmasettimiinc\wp-admin\css\list-tables-rtl.min.css <-- dev-palmasettimiinc /wp-admin/css list-tables-rtl.min.css
2017.08.24 17:25 B C:\xampp\htdocs\projects\palmasettimiinc\wp-admin\css\list-tables.css <-- dev-palmasettimiinc /wp-admin/css list-tables.css
2017.08.24 17:25 B C:\xampp\htdocs\projects\palmasettimiinc\wp-admin\css\list-tables.min.css <-- dev-palmasettimiinc /wp-admin/css list-tables.min.css
2017.08.24 17:25 B C:\xampp\htdocs\projects\palmasettimiinc\wp-admin\css\login-rtl.css <-- dev-palmasettimiinc /wp-admin/css login-rtl.css
2017.08.24 17:25 B C:\xampp\htdocs\projects\palmasettimiinc\wp-admin\css\login-rtl.min.css <-- dev-palmasettimiinc /wp-admin/css login-rtl.min.css
2017.08.24 17:25 B C:\xampp\htdocs\projects\palmasettimiinc\wp-admin\css\login.css <-- dev-palmasettimiinc /wp-admin/css login.css
2017.08.24 17:25 B C:\xampp\htdocs\projects\palmasettimiinc\wp-admin\css\login.min.css <-- dev-palmasettimiinc /wp-admin/css login.min.css
2017.08.24 17:25 B C:\xampp\htdocs\projects\palmasettimiinc\wp-admin\css\media-rtl.css <-- dev-palmasettimiinc /wp-admin/css media-rtl.css
2017.08.24 17:25 B C:\xampp\htdocs\projects\palmasettimiinc\wp-admin\css\media-rtl.min.css <-- dev-palmasettimiinc /wp-admin/css media-rtl.min.css
2017.08.24 17:25 B C:\xampp\htdocs\projects\palmasettimiinc\wp-admin\css\media.css <-- dev-palmasettimiinc /wp-admin/css media.css
2017.08.24 17:25 B C:\xampp\htdocs\projects\palmasettimiinc\wp-admin\css\media.min.css <-- dev-palmasettimiinc /wp-admin/css media.min.css
2017.08.24 17:25 B C:\xampp\htdocs\projects\palmasettimiinc\wp-admin\css\nav-menus-rtl.css <-- dev-palmasettimiinc /wp-admin/css nav-menus-rtl.css
2017.08.24 17:25 B C:\xampp\htdocs\projects\palmasettimiinc\wp-admin\css\nav-menus-rtl.min.css <-- dev-palmasettimiinc /wp-admin/css nav-menus-rtl.min.css
2017.08.24 17:25 B C:\xampp\htdocs\projects\palmasettimiinc\wp-admin\css\nav-menus.css <-- dev-palmasettimiinc /wp-admin/css nav-menus.css
2017.08.24 17:25 B C:\xampp\htdocs\projects\palmasettimiinc\wp-admin\css\nav-menus.min.css <-- dev-palmasettimiinc /wp-admin/css nav-menus.min.css
2017.08.24 17:25 B C:\xampp\htdocs\projects\palmasettimiinc\wp-admin\css\press-this-editor-rtl.css <-- dev-palmasettimiinc /wp-admin/css press-this-editor-rtl.css
2017.08.24 17:25 B C:\xampp\htdocs\projects\palmasettimiinc\wp-admin\css\press-this-editor-rtl.min.css <-- dev-palmasettimiinc /wp-admin/css press-this-editor-rtl.min.css
2017.08.24 17:25 B C:\xampp\htdocs\projects\palmasettimiinc\wp-admin\css\press-this-editor.css <-- dev-palmasettimiinc /wp-admin/css press-this-editor.css
2017.08.24 17:25 B C:\xampp\htdocs\projects\palmasettimiinc\wp-admin\css\press-this-editor.min.css <-- dev-palmasettimiinc /wp-admin/css press-this-editor.min.css
2017.08.24 17:25 B C:\xampp\htdocs\projects\palmasettimiinc\wp-admin\css\press-this-rtl.css <-- dev-palmasettimiinc /wp-admin/css press-this-rtl.css
2017.08.24 17:25 B C:\xampp\htdocs\projects\palmasettimiinc\wp-admin\css\press-this-rtl.min.css <-- dev-palmasettimiinc /wp-admin/css press-this-rtl.min.css
2017.08.24 17:25 B C:\xampp\htdocs\projects\palmasettimiinc\wp-admin\css\press-this.css <-- dev-palmasettimiinc /wp-admin/css press-this.css
2017.08.24 17:25 B C:\xampp\htdocs\projects\palmasettimiinc\wp-admin\css\press-this.min.css <-- dev-palmasettimiinc /wp-admin/css press-this.min.css
2017.08.24 17:25 B C:\xampp\htdocs\projects\palmasettimiinc\wp-admin\css\revisions-rtl.css <-- dev-palmasettimiinc /wp-admin/css revisions-rtl.css
2017.08.24 17:25 B C:\xampp\htdocs\projects\palmasettimiinc\wp-admin\css\revisions-rtl.min.css <-- dev-palmasettimiinc /wp-admin/css revisions-rtl.min.css
2017.08.24 17:25 B C:\xampp\htdocs\projects\palmasettimiinc\wp-admin\css\revisions.css <-- dev-palmasettimiinc /wp-admin/css revisions.css
2017.08.24 17:25 B C:\xampp\htdocs\projects\palmasettimiinc\wp-admin\css\revisions.min.css <-- dev-palmasettimiinc /wp-admin/css revisions.min.css
2017.08.24 17:25 B C:\xampp\htdocs\projects\palmasettimiinc\wp-admin\css\site-icon-rtl.css <-- dev-palmasettimiinc /wp-admin/css site-icon-rtl.css
2017.08.24 17:25 B C:\xampp\htdocs\projects\palmasettimiinc\wp-admin\css\site-icon-rtl.min.css <-- dev-palmasettimiinc /wp-admin/css site-icon-rtl.min.css
2017.08.24 17:25 B C:\xampp\htdocs\projects\palmasettimiinc\wp-admin\css\site-icon.css <-- dev-palmasettimiinc /wp-admin/css site-icon.css
2017.08.24 17:25 B C:\xampp\htdocs\projects\palmasettimiinc\wp-admin\css\site-icon.min.css <-- dev-palmasettimiinc /wp-admin/css site-icon.min.css
2017.08.24 17:25 B C:\xampp\htdocs\projects\palmasettimiinc\wp-admin\css\themes-rtl.css <-- dev-palmasettimiinc /wp-admin/css themes-rtl.css
2017.08.24 17:25 B C:\xampp\htdocs\projects\palmasettimiinc\wp-admin\css\themes-rtl.min.css <-- dev-palmasettimiinc /wp-admin/css themes-rtl.min.css
2017.08.24 17:25 B C:\xampp\htdocs\projects\palmasettimiinc\wp-admin\css\themes.css <-- dev-palmasettimiinc /wp-admin/css themes.css
2017.08.24 17:25 B C:\xampp\htdocs\projects\palmasettimiinc\wp-admin\css\themes.min.css <-- dev-palmasettimiinc /wp-admin/css themes.min.css
2017.08.24 17:25 B C:\xampp\htdocs\projects\palmasettimiinc\wp-admin\css\widgets-rtl.css <-- dev-palmasettimiinc /wp-admin/css widgets-rtl.css
2017.08.24 17:25 B C:\xampp\htdocs\projects\palmasettimiinc\wp-admin\css\widgets-rtl.min.css <-- dev-palmasettimiinc /wp-admin/css widgets-rtl.min.css
2017.08.24 17:25 B C:\xampp\htdocs\projects\palmasettimiinc\wp-admin\css\widgets.css <-- dev-palmasettimiinc /wp-admin/css widgets.css
2017.08.24 17:25 B C:\xampp\htdocs\projects\palmasettimiinc\wp-admin\css\widgets.min.css <-- dev-palmasettimiinc /wp-admin/css widgets.min.css
2017.08.24 17:25 B C:\xampp\htdocs\projects\palmasettimiinc\wp-admin\css\wp-admin-rtl.css <-- dev-palmasettimiinc /wp-admin/css wp-admin-rtl.css
2017.08.24 17:25 B C:\xampp\htdocs\projects\palmasettimiinc\wp-admin\css\wp-admin-rtl.min.css <-- dev-palmasettimiinc /wp-admin/css wp-admin-rtl.min.css
2017.08.24 17:25 B C:\xampp\htdocs\projects\palmasettimiinc\wp-admin\css\wp-admin.css <-- dev-palmasettimiinc /wp-admin/css wp-admin.css
2017.08.24 17:25 B C:\xampp\htdocs\projects\palmasettimiinc\wp-admin\css\wp-admin.min.css <-- dev-palmasettimiinc /wp-admin/css wp-admin.min.css
