2017.08.24 17:43 B C:\xampp\htdocs\projects\palmasettimiinc\wp-content\plugins\wpforms-lite\assets\images\welcome-testimonial-bill.jpg <-- dev-palmasettimiinc /wp-content/plugins/wpforms-lite/assets/images welcome-testimonial-bill.jpg
2017.08.24 17:43 B C:\xampp\htdocs\projects\palmasettimiinc\wp-content\plugins\wpforms-lite\assets\images\welcome-testimonial-david.jpg <-- dev-palmasettimiinc /wp-content/plugins/wpforms-lite/assets/images welcome-testimonial-david.jpg
2017.08.24 17:43 B C:\xampp\htdocs\projects\palmasettimiinc\wp-content\plugins\wpforms-lite\assets\images\builder-default-arrow.png <-- dev-palmasettimiinc /wp-content/plugins/wpforms-lite/assets/images builder-default-arrow.png
2017.08.24 17:43 B C:\xampp\htdocs\projects\palmasettimiinc\wp-content\plugins\wpforms-lite\assets\images\cc-about-logo.png <-- dev-palmasettimiinc /wp-content/plugins/wpforms-lite/assets/images cc-about-logo.png
2017.08.24 17:43 B C:\xampp\htdocs\projects\palmasettimiinc\wp-content\plugins\wpforms-lite\assets\images\cc-about-step1.png <-- dev-palmasettimiinc /wp-content/plugins/wpforms-lite/assets/images cc-about-step1.png
2017.08.24 17:43 B C:\xampp\htdocs\projects\palmasettimiinc\wp-content\plugins\wpforms-lite\assets\images\cc-about-step2.png <-- dev-palmasettimiinc /wp-content/plugins/wpforms-lite/assets/images cc-about-step2.png
2017.08.24 17:43 B C:\xampp\htdocs\projects\palmasettimiinc\wp-content\plugins\wpforms-lite\assets\images\cc-about-step3.png <-- dev-palmasettimiinc /wp-content/plugins/wpforms-lite/assets/images cc-about-step3.png
2017.08.24 17:43 B C:\xampp\htdocs\projects\palmasettimiinc\wp-content\plugins\wpforms-lite\assets\images\cc-about-step4.png <-- dev-palmasettimiinc /wp-content/plugins/wpforms-lite/assets/images cc-about-step4.png
2017.08.24 17:43 B C:\xampp\htdocs\projects\palmasettimiinc\wp-content\plugins\wpforms-lite\assets\images\flags.png <-- dev-palmasettimiinc /wp-content/plugins/wpforms-lite/assets/images flags.png
2017.08.24 17:43 B C:\xampp\htdocs\projects\palmasettimiinc\wp-content\plugins\wpforms-lite\assets\images\icon-dollar.png <-- dev-palmasettimiinc /wp-content/plugins/wpforms-lite/assets/images icon-dollar.png
2017.08.24 17:43 B C:\xampp\htdocs\projects\palmasettimiinc\wp-content\plugins\wpforms-lite\assets\images\icon-provider-constant-contact.png <-- dev-palmasettimiinc /wp-content/plugins/wpforms-lite/assets/images icon-provider-constant-contact.png
2017.08.24 17:43 B C:\xampp\htdocs\projects\palmasettimiinc\wp-content\plugins\wpforms-lite\assets\images\jquery.minicolors.png <-- dev-palmasettimiinc /wp-content/plugins/wpforms-lite/assets/images jquery.minicolors.png
2017.08.24 17:43 B C:\xampp\htdocs\projects\palmasettimiinc\wp-content\plugins\wpforms-lite\assets\images\logo.png <-- dev-palmasettimiinc /wp-content/plugins/wpforms-lite/assets/images logo.png
2017.08.24 17:43 B C:\xampp\htdocs\projects\palmasettimiinc\wp-content\plugins\wpforms-lite\assets\images\recaptcha-placeholder.png <-- dev-palmasettimiinc /wp-content/plugins/wpforms-lite/assets/images recaptcha-placeholder.png
2017.08.24 17:43 B C:\xampp\htdocs\projects\palmasettimiinc\wp-content\plugins\wpforms-lite\assets\images\settings-captcha-addon.png <-- dev-palmasettimiinc /wp-content/plugins/wpforms-lite/assets/images settings-captcha-addon.png
2017.08.24 17:43 B C:\xampp\htdocs\projects\palmasettimiinc\wp-content\plugins\wpforms-lite\assets\images\settings-email-html.png <-- dev-palmasettimiinc /wp-content/plugins/wpforms-lite/assets/images settings-email-html.png
2017.08.24 17:43 B C:\xampp\htdocs\projects\palmasettimiinc\wp-content\plugins\wpforms-lite\assets\images\settings-email-plaintext.png <-- dev-palmasettimiinc /wp-content/plugins/wpforms-lite/assets/images settings-email-plaintext.png
2017.08.24 17:43 B C:\xampp\htdocs\projects\palmasettimiinc\wp-content\plugins\wpforms-lite\assets\images\sullie-alt.png <-- dev-palmasettimiinc /wp-content/plugins/wpforms-lite/assets/images sullie-alt.png
2017.08.24 17:43 B C:\xampp\htdocs\projects\palmasettimiinc\wp-content\plugins\wpforms-lite\assets\images\sullie-vc.png <-- dev-palmasettimiinc /wp-content/plugins/wpforms-lite/assets/images sullie-vc.png
2017.08.24 17:43 B C:\xampp\htdocs\projects\palmasettimiinc\wp-content\plugins\wpforms-lite\assets\images\sullie.png <-- dev-palmasettimiinc /wp-content/plugins/wpforms-lite/assets/images sullie.png
2017.08.24 17:43 B C:\xampp\htdocs\projects\palmasettimiinc\wp-content\plugins\wpforms-lite\assets\images\welcome-feature-icon-1.png <-- dev-palmasettimiinc /wp-content/plugins/wpforms-lite/assets/images welcome-feature-icon-1.png
2017.08.24 17:43 B C:\xampp\htdocs\projects\palmasettimiinc\wp-content\plugins\wpforms-lite\assets\images\welcome-feature-icon-10.png <-- dev-palmasettimiinc /wp-content/plugins/wpforms-lite/assets/images welcome-feature-icon-10.png
2017.08.24 17:43 B C:\xampp\htdocs\projects\palmasettimiinc\wp-content\plugins\wpforms-lite\assets\images\welcome-feature-icon-2.png <-- dev-palmasettimiinc /wp-content/plugins/wpforms-lite/assets/images welcome-feature-icon-2.png
2017.08.24 17:43 B C:\xampp\htdocs\projects\palmasettimiinc\wp-content\plugins\wpforms-lite\assets\images\welcome-feature-icon-3.png <-- dev-palmasettimiinc /wp-content/plugins/wpforms-lite/assets/images welcome-feature-icon-3.png
2017.08.24 17:43 B C:\xampp\htdocs\projects\palmasettimiinc\wp-content\plugins\wpforms-lite\assets\images\welcome-feature-icon-4.png <-- dev-palmasettimiinc /wp-content/plugins/wpforms-lite/assets/images welcome-feature-icon-4.png
2017.08.24 17:43 B C:\xampp\htdocs\projects\palmasettimiinc\wp-content\plugins\wpforms-lite\assets\images\welcome-feature-icon-5.png <-- dev-palmasettimiinc /wp-content/plugins/wpforms-lite/assets/images welcome-feature-icon-5.png
2017.08.24 17:43 B C:\xampp\htdocs\projects\palmasettimiinc\wp-content\plugins\wpforms-lite\assets\images\welcome-feature-icon-6.png <-- dev-palmasettimiinc /wp-content/plugins/wpforms-lite/assets/images welcome-feature-icon-6.png
2017.08.24 17:43 B C:\xampp\htdocs\projects\palmasettimiinc\wp-content\plugins\wpforms-lite\assets\images\welcome-feature-icon-7.png <-- dev-palmasettimiinc /wp-content/plugins/wpforms-lite/assets/images welcome-feature-icon-7.png
2017.08.24 17:43 B C:\xampp\htdocs\projects\palmasettimiinc\wp-content\plugins\wpforms-lite\assets\images\welcome-feature-icon-8.png <-- dev-palmasettimiinc /wp-content/plugins/wpforms-lite/assets/images welcome-feature-icon-8.png
2017.08.24 17:43 B C:\xampp\htdocs\projects\palmasettimiinc\wp-content\plugins\wpforms-lite\assets\images\welcome-feature-icon-9.png <-- dev-palmasettimiinc /wp-content/plugins/wpforms-lite/assets/images welcome-feature-icon-9.png
2017.08.24 17:43 B C:\xampp\htdocs\projects\palmasettimiinc\wp-content\plugins\wpforms-lite\assets\images\welcome-video.png <-- dev-palmasettimiinc /wp-content/plugins/wpforms-lite/assets/images welcome-video.png
2017.08.24 17:43 B C:\xampp\htdocs\projects\palmasettimiinc\wp-content\plugins\wpforms-lite\assets\images\cross-inverse.svg <-- dev-palmasettimiinc /wp-content/plugins/wpforms-lite/assets/images cross-inverse.svg
2017.08.24 17:43 B C:\xampp\htdocs\projects\palmasettimiinc\wp-content\plugins\wpforms-lite\assets\images\cross.svg <-- dev-palmasettimiinc /wp-content/plugins/wpforms-lite/assets/images cross.svg
