2017.08.24 17:50 B C:\xampp\htdocs\projects\palmasettimiinc\wp-includes\js\admin-bar.js <-- dev-palmasettimiinc /wp-includes/js admin-bar.js
2017.08.24 17:50 B C:\xampp\htdocs\projects\palmasettimiinc\wp-includes\js\admin-bar.min.js <-- dev-palmasettimiinc /wp-includes/js admin-bar.min.js
2017.08.24 17:50 B C:\xampp\htdocs\projects\palmasettimiinc\wp-includes\js\autosave.js <-- dev-palmasettimiinc /wp-includes/js autosave.js
2017.08.24 17:50 B C:\xampp\htdocs\projects\palmasettimiinc\wp-includes\js\autosave.min.js <-- dev-palmasettimiinc /wp-includes/js autosave.min.js
2017.08.24 17:50 B C:\xampp\htdocs\projects\palmasettimiinc\wp-includes\js\backbone.min.js <-- dev-palmasettimiinc /wp-includes/js backbone.min.js
2017.08.24 17:50 B C:\xampp\htdocs\projects\palmasettimiinc\wp-includes\js\colorpicker.js <-- dev-palmasettimiinc /wp-includes/js colorpicker.js
2017.08.24 17:50 B C:\xampp\htdocs\projects\palmasettimiinc\wp-includes\js\colorpicker.min.js <-- dev-palmasettimiinc /wp-includes/js colorpicker.min.js
2017.08.24 17:50 B C:\xampp\htdocs\projects\palmasettimiinc\wp-includes\js\comment-reply.js <-- dev-palmasettimiinc /wp-includes/js comment-reply.js
2017.08.24 17:50 B C:\xampp\htdocs\projects\palmasettimiinc\wp-includes\js\comment-reply.min.js <-- dev-palmasettimiinc /wp-includes/js comment-reply.min.js
2017.08.24 17:50 B C:\xampp\htdocs\projects\palmasettimiinc\wp-includes\js\customize-base.js <-- dev-palmasettimiinc /wp-includes/js customize-base.js
2017.08.24 17:50 B C:\xampp\htdocs\projects\palmasettimiinc\wp-includes\js\customize-base.min.js <-- dev-palmasettimiinc /wp-includes/js customize-base.min.js
2017.08.24 17:50 B C:\xampp\htdocs\projects\palmasettimiinc\wp-includes\js\customize-loader.js <-- dev-palmasettimiinc /wp-includes/js customize-loader.js
2017.08.24 17:50 B C:\xampp\htdocs\projects\palmasettimiinc\wp-includes\js\customize-loader.min.js <-- dev-palmasettimiinc /wp-includes/js customize-loader.min.js
2017.08.24 17:50 B C:\xampp\htdocs\projects\palmasettimiinc\wp-includes\js\customize-models.js <-- dev-palmasettimiinc /wp-includes/js customize-models.js
2017.08.24 17:50 B C:\xampp\htdocs\projects\palmasettimiinc\wp-includes\js\customize-models.min.js <-- dev-palmasettimiinc /wp-includes/js customize-models.min.js
2017.08.24 17:50 B C:\xampp\htdocs\projects\palmasettimiinc\wp-includes\js\customize-preview-nav-menus.js <-- dev-palmasettimiinc /wp-includes/js customize-preview-nav-menus.js
2017.08.24 17:50 B C:\xampp\htdocs\projects\palmasettimiinc\wp-includes\js\customize-preview-nav-menus.min.js <-- dev-palmasettimiinc /wp-includes/js customize-preview-nav-menus.min.js
2017.08.24 17:50 B C:\xampp\htdocs\projects\palmasettimiinc\wp-includes\js\customize-preview-widgets.js <-- dev-palmasettimiinc /wp-includes/js customize-preview-widgets.js
2017.08.24 17:50 B C:\xampp\htdocs\projects\palmasettimiinc\wp-includes\js\customize-preview-widgets.min.js <-- dev-palmasettimiinc /wp-includes/js customize-preview-widgets.min.js
2017.08.24 17:50 B C:\xampp\htdocs\projects\palmasettimiinc\wp-includes\js\customize-preview.js <-- dev-palmasettimiinc /wp-includes/js customize-preview.js
2017.08.24 17:50 B C:\xampp\htdocs\projects\palmasettimiinc\wp-includes\js\customize-preview.min.js <-- dev-palmasettimiinc /wp-includes/js customize-preview.min.js
2017.08.24 17:50 B C:\xampp\htdocs\projects\palmasettimiinc\wp-includes\js\customize-selective-refresh.js <-- dev-palmasettimiinc /wp-includes/js customize-selective-refresh.js
2017.08.24 17:50 B C:\xampp\htdocs\projects\palmasettimiinc\wp-includes\js\customize-selective-refresh.min.js <-- dev-palmasettimiinc /wp-includes/js customize-selective-refresh.min.js
2017.08.24 17:50 B C:\xampp\htdocs\projects\palmasettimiinc\wp-includes\js\customize-views.js <-- dev-palmasettimiinc /wp-includes/js customize-views.js
2017.08.24 17:50 B C:\xampp\htdocs\projects\palmasettimiinc\wp-includes\js\customize-views.min.js <-- dev-palmasettimiinc /wp-includes/js customize-views.min.js
2017.08.24 17:50 B C:\xampp\htdocs\projects\palmasettimiinc\wp-includes\js\heartbeat.js <-- dev-palmasettimiinc /wp-includes/js heartbeat.js
2017.08.24 17:50 B C:\xampp\htdocs\projects\palmasettimiinc\wp-includes\js\heartbeat.min.js <-- dev-palmasettimiinc /wp-includes/js heartbeat.min.js
2017.08.24 17:50 B C:\xampp\htdocs\projects\palmasettimiinc\wp-includes\js\hoverIntent.js <-- dev-palmasettimiinc /wp-includes/js hoverIntent.js
2017.08.24 17:50 B C:\xampp\htdocs\projects\palmasettimiinc\wp-includes\js\hoverIntent.min.js <-- dev-palmasettimiinc /wp-includes/js hoverIntent.min.js
2017.08.24 17:50 B C:\xampp\htdocs\projects\palmasettimiinc\wp-includes\js\imagesloaded.min.js <-- dev-palmasettimiinc /wp-includes/js imagesloaded.min.js
2017.08.24 17:50 B C:\xampp\htdocs\projects\palmasettimiinc\wp-includes\js\json2.js <-- dev-palmasettimiinc /wp-includes/js json2.js
2017.08.24 17:50 B C:\xampp\htdocs\projects\palmasettimiinc\wp-includes\js\json2.min.js <-- dev-palmasettimiinc /wp-includes/js json2.min.js
2017.08.24 17:50 B C:\xampp\htdocs\projects\palmasettimiinc\wp-includes\js\masonry.min.js <-- dev-palmasettimiinc /wp-includes/js masonry.min.js
2017.08.24 17:50 B C:\xampp\htdocs\projects\palmasettimiinc\wp-includes\js\mce-view.js <-- dev-palmasettimiinc /wp-includes/js mce-view.js
2017.08.24 17:50 B C:\xampp\htdocs\projects\palmasettimiinc\wp-includes\js\mce-view.min.js <-- dev-palmasettimiinc /wp-includes/js mce-view.min.js
2017.08.24 17:50 B C:\xampp\htdocs\projects\palmasettimiinc\wp-includes\js\media-audiovideo.js <-- dev-palmasettimiinc /wp-includes/js media-audiovideo.js
2017.08.24 17:50 B C:\xampp\htdocs\projects\palmasettimiinc\wp-includes\js\media-audiovideo.min.js <-- dev-palmasettimiinc /wp-includes/js media-audiovideo.min.js
2017.08.24 17:50 B C:\xampp\htdocs\projects\palmasettimiinc\wp-includes\js\media-editor.js <-- dev-palmasettimiinc /wp-includes/js media-editor.js
2017.08.24 17:50 B C:\xampp\htdocs\projects\palmasettimiinc\wp-includes\js\media-editor.min.js <-- dev-palmasettimiinc /wp-includes/js media-editor.min.js
2017.08.24 17:50 B C:\xampp\htdocs\projects\palmasettimiinc\wp-includes\js\media-grid.js <-- dev-palmasettimiinc /wp-includes/js media-grid.js
2017.08.24 17:50 B C:\xampp\htdocs\projects\palmasettimiinc\wp-includes\js\media-grid.min.js <-- dev-palmasettimiinc /wp-includes/js media-grid.min.js
2017.08.24 17:50 B C:\xampp\htdocs\projects\palmasettimiinc\wp-includes\js\media-models.js <-- dev-palmasettimiinc /wp-includes/js media-models.js
2017.08.24 17:50 B C:\xampp\htdocs\projects\palmasettimiinc\wp-includes\js\media-models.min.js <-- dev-palmasettimiinc /wp-includes/js media-models.min.js
2017.08.24 17:50 B C:\xampp\htdocs\projects\palmasettimiinc\wp-includes\js\media-views.js <-- dev-palmasettimiinc /wp-includes/js media-views.js
2017.08.24 17:50 B C:\xampp\htdocs\projects\palmasettimiinc\wp-includes\js\media-views.min.js <-- dev-palmasettimiinc /wp-includes/js media-views.min.js
2017.08.24 17:50 B C:\xampp\htdocs\projects\palmasettimiinc\wp-includes\js\quicktags.js <-- dev-palmasettimiinc /wp-includes/js quicktags.js
2017.08.24 17:50 B C:\xampp\htdocs\projects\palmasettimiinc\wp-includes\js\quicktags.min.js <-- dev-palmasettimiinc /wp-includes/js quicktags.min.js
2017.08.24 17:50 B C:\xampp\htdocs\projects\palmasettimiinc\wp-includes\js\shortcode.js <-- dev-palmasettimiinc /wp-includes/js shortcode.js
2017.08.24 17:50 B C:\xampp\htdocs\projects\palmasettimiinc\wp-includes\js\shortcode.min.js <-- dev-palmasettimiinc /wp-includes/js shortcode.min.js
2017.08.24 17:50 B C:\xampp\htdocs\projects\palmasettimiinc\wp-includes\js\swfobject.js <-- dev-palmasettimiinc /wp-includes/js swfobject.js
2017.08.24 17:50 B C:\xampp\htdocs\projects\palmasettimiinc\wp-includes\js\tw-sack.js <-- dev-palmasettimiinc /wp-includes/js tw-sack.js
2017.08.24 17:50 B C:\xampp\htdocs\projects\palmasettimiinc\wp-includes\js\tw-sack.min.js <-- dev-palmasettimiinc /wp-includes/js tw-sack.min.js
2017.08.24 17:50 B C:\xampp\htdocs\projects\palmasettimiinc\wp-includes\js\twemoji.js <-- dev-palmasettimiinc /wp-includes/js twemoji.js
2017.08.24 17:50 B C:\xampp\htdocs\projects\palmasettimiinc\wp-includes\js\twemoji.min.js <-- dev-palmasettimiinc /wp-includes/js twemoji.min.js
2017.08.24 17:50 B C:\xampp\htdocs\projects\palmasettimiinc\wp-includes\js\underscore.min.js <-- dev-palmasettimiinc /wp-includes/js underscore.min.js
2017.08.24 17:50 B C:\xampp\htdocs\projects\palmasettimiinc\wp-includes\js\utils.js <-- dev-palmasettimiinc /wp-includes/js utils.js
2017.08.24 17:50 B C:\xampp\htdocs\projects\palmasettimiinc\wp-includes\js\utils.min.js <-- dev-palmasettimiinc /wp-includes/js utils.min.js
2017.08.24 17:50 B C:\xampp\htdocs\projects\palmasettimiinc\wp-includes\js\wp-a11y.js <-- dev-palmasettimiinc /wp-includes/js wp-a11y.js
2017.08.24 17:50 B C:\xampp\htdocs\projects\palmasettimiinc\wp-includes\js\wp-a11y.min.js <-- dev-palmasettimiinc /wp-includes/js wp-a11y.min.js
2017.08.24 17:50 B C:\xampp\htdocs\projects\palmasettimiinc\wp-includes\js\wp-ajax-response.js <-- dev-palmasettimiinc /wp-includes/js wp-ajax-response.js
2017.08.24 17:50 B C:\xampp\htdocs\projects\palmasettimiinc\wp-includes\js\wp-ajax-response.min.js <-- dev-palmasettimiinc /wp-includes/js wp-ajax-response.min.js
2017.08.24 17:50 B C:\xampp\htdocs\projects\palmasettimiinc\wp-includes\js\wp-api.js <-- dev-palmasettimiinc /wp-includes/js wp-api.js
2017.08.24 17:50 B C:\xampp\htdocs\projects\palmasettimiinc\wp-includes\js\wp-api.min.js <-- dev-palmasettimiinc /wp-includes/js wp-api.min.js
2017.08.24 17:50 B C:\xampp\htdocs\projects\palmasettimiinc\wp-includes\js\wp-auth-check.js <-- dev-palmasettimiinc /wp-includes/js wp-auth-check.js
2017.08.24 17:50 B C:\xampp\htdocs\projects\palmasettimiinc\wp-includes\js\wp-auth-check.min.js <-- dev-palmasettimiinc /wp-includes/js wp-auth-check.min.js
2017.08.24 17:50 B C:\xampp\htdocs\projects\palmasettimiinc\wp-includes\js\wp-backbone.js <-- dev-palmasettimiinc /wp-includes/js wp-backbone.js
2017.08.24 17:50 B C:\xampp\htdocs\projects\palmasettimiinc\wp-includes\js\wp-backbone.min.js <-- dev-palmasettimiinc /wp-includes/js wp-backbone.min.js
2017.08.24 17:50 B C:\xampp\htdocs\projects\palmasettimiinc\wp-includes\js\wp-custom-header.js <-- dev-palmasettimiinc /wp-includes/js wp-custom-header.js
2017.08.24 17:50 B C:\xampp\htdocs\projects\palmasettimiinc\wp-includes\js\wp-custom-header.min.js <-- dev-palmasettimiinc /wp-includes/js wp-custom-header.min.js
2017.08.24 17:50 B C:\xampp\htdocs\projects\palmasettimiinc\wp-includes\js\wp-embed-template.js <-- dev-palmasettimiinc /wp-includes/js wp-embed-template.js
2017.08.24 17:50 B C:\xampp\htdocs\projects\palmasettimiinc\wp-includes\js\wp-embed-template.min.js <-- dev-palmasettimiinc /wp-includes/js wp-embed-template.min.js
2017.08.24 17:50 B C:\xampp\htdocs\projects\palmasettimiinc\wp-includes\js\wp-embed.js <-- dev-palmasettimiinc /wp-includes/js wp-embed.js
2017.08.24 17:50 B C:\xampp\htdocs\projects\palmasettimiinc\wp-includes\js\wp-embed.min.js <-- dev-palmasettimiinc /wp-includes/js wp-embed.min.js
2017.08.24 17:50 B C:\xampp\htdocs\projects\palmasettimiinc\wp-includes\js\wp-emoji-loader.js <-- dev-palmasettimiinc /wp-includes/js wp-emoji-loader.js
2017.08.24 17:50 B C:\xampp\htdocs\projects\palmasettimiinc\wp-includes\js\wp-emoji-loader.min.js <-- dev-palmasettimiinc /wp-includes/js wp-emoji-loader.min.js
2017.08.24 17:50 B C:\xampp\htdocs\projects\palmasettimiinc\wp-includes\js\wp-emoji-release.min.js <-- dev-palmasettimiinc /wp-includes/js wp-emoji-release.min.js
2017.08.24 17:50 B C:\xampp\htdocs\projects\palmasettimiinc\wp-includes\js\wp-emoji.js <-- dev-palmasettimiinc /wp-includes/js wp-emoji.js
2017.08.24 17:50 B C:\xampp\htdocs\projects\palmasettimiinc\wp-includes\js\wp-emoji.min.js <-- dev-palmasettimiinc /wp-includes/js wp-emoji.min.js
2017.08.24 17:50 B C:\xampp\htdocs\projects\palmasettimiinc\wp-includes\js\wp-list-revisions.js <-- dev-palmasettimiinc /wp-includes/js wp-list-revisions.js
2017.08.24 17:50 B C:\xampp\htdocs\projects\palmasettimiinc\wp-includes\js\wp-list-revisions.min.js <-- dev-palmasettimiinc /wp-includes/js wp-list-revisions.min.js
2017.08.24 17:50 B C:\xampp\htdocs\projects\palmasettimiinc\wp-includes\js\wp-lists.js <-- dev-palmasettimiinc /wp-includes/js wp-lists.js
2017.08.24 17:50 B C:\xampp\htdocs\projects\palmasettimiinc\wp-includes\js\wp-lists.min.js <-- dev-palmasettimiinc /wp-includes/js wp-lists.min.js
2017.08.24 17:50 B C:\xampp\htdocs\projects\palmasettimiinc\wp-includes\js\wp-pointer.js <-- dev-palmasettimiinc /wp-includes/js wp-pointer.js
2017.08.24 17:50 B C:\xampp\htdocs\projects\palmasettimiinc\wp-includes\js\wp-pointer.min.js <-- dev-palmasettimiinc /wp-includes/js wp-pointer.min.js
2017.08.24 17:50 B C:\xampp\htdocs\projects\palmasettimiinc\wp-includes\js\wp-util.js <-- dev-palmasettimiinc /wp-includes/js wp-util.js
2017.08.24 17:50 B C:\xampp\htdocs\projects\palmasettimiinc\wp-includes\js\wp-util.min.js <-- dev-palmasettimiinc /wp-includes/js wp-util.min.js
2017.08.24 17:50 B C:\xampp\htdocs\projects\palmasettimiinc\wp-includes\js\wpdialog.js <-- dev-palmasettimiinc /wp-includes/js wpdialog.js
2017.08.24 17:50 B C:\xampp\htdocs\projects\palmasettimiinc\wp-includes\js\wpdialog.min.js <-- dev-palmasettimiinc /wp-includes/js wpdialog.min.js
2017.08.24 17:50 B C:\xampp\htdocs\projects\palmasettimiinc\wp-includes\js\wplink.js <-- dev-palmasettimiinc /wp-includes/js wplink.js
2017.08.24 17:50 B C:\xampp\htdocs\projects\palmasettimiinc\wp-includes\js\wplink.min.js <-- dev-palmasettimiinc /wp-includes/js wplink.min.js
2017.08.24 17:50 B C:\xampp\htdocs\projects\palmasettimiinc\wp-includes\js\zxcvbn-async.js <-- dev-palmasettimiinc /wp-includes/js zxcvbn-async.js
2017.08.24 17:50 B C:\xampp\htdocs\projects\palmasettimiinc\wp-includes\js\zxcvbn-async.min.js <-- dev-palmasettimiinc /wp-includes/js zxcvbn-async.min.js
2017.08.24 17:50 B C:\xampp\htdocs\projects\palmasettimiinc\wp-includes\js\zxcvbn.min.js <-- dev-palmasettimiinc /wp-includes/js zxcvbn.min.js
