2017.08.24 17:39 B C:\xampp\htdocs\projects\palmasettimiinc\wp-content\plugins\jetpack\modules\widgets\customizer-controls.css <-- dev-palmasettimiinc /wp-content/plugins/jetpack/modules/widgets customizer-controls.css
2017.08.24 17:39 B C:\xampp\htdocs\projects\palmasettimiinc\wp-content\plugins\jetpack\modules\widgets\gravatar-profile.css <-- dev-palmasettimiinc /wp-content/plugins/jetpack/modules/widgets gravatar-profile.css
2017.08.24 17:39 B C:\xampp\htdocs\projects\palmasettimiinc\wp-content\plugins\jetpack\modules\widgets\customizer-utils.js <-- dev-palmasettimiinc /wp-content/plugins/jetpack/modules/widgets customizer-utils.js
2017.08.24 17:39 B C:\xampp\htdocs\projects\palmasettimiinc\wp-content\plugins\jetpack\modules\widgets\twitter-timeline-admin.js <-- dev-palmasettimiinc /wp-content/plugins/jetpack/modules/widgets twitter-timeline-admin.js
2017.08.24 17:39 A C:\xampp\htdocs\projects\palmasettimiinc\wp-content\plugins\jetpack\modules\widgets\authors.php <-- dev-palmasettimiinc /wp-content/plugins/jetpack/modules/widgets authors.php
2017.08.24 17:39 A C:\xampp\htdocs\projects\palmasettimiinc\wp-content\plugins\jetpack\modules\widgets\blog-stats.php <-- dev-palmasettimiinc /wp-content/plugins/jetpack/modules/widgets blog-stats.php
2017.08.24 17:39 A C:\xampp\htdocs\projects\palmasettimiinc\wp-content\plugins\jetpack\modules\widgets\contact-info.php <-- dev-palmasettimiinc /wp-content/plugins/jetpack/modules/widgets contact-info.php
2017.08.24 17:39 A C:\xampp\htdocs\projects\palmasettimiinc\wp-content\plugins\jetpack\modules\widgets\eu-cookie-law.php <-- dev-palmasettimiinc /wp-content/plugins/jetpack/modules/widgets eu-cookie-law.php
2017.08.24 17:39 A C:\xampp\htdocs\projects\palmasettimiinc\wp-content\plugins\jetpack\modules\widgets\facebook-likebox.php <-- dev-palmasettimiinc /wp-content/plugins/jetpack/modules/widgets facebook-likebox.php
2017.08.24 17:39 A C:\xampp\htdocs\projects\palmasettimiinc\wp-content\plugins\jetpack\modules\widgets\flickr.php <-- dev-palmasettimiinc /wp-content/plugins/jetpack/modules/widgets flickr.php
2017.08.24 17:39 A C:\xampp\htdocs\projects\palmasettimiinc\wp-content\plugins\jetpack\modules\widgets\gallery.php <-- dev-palmasettimiinc /wp-content/plugins/jetpack/modules/widgets gallery.php
2017.08.24 17:39 A C:\xampp\htdocs\projects\palmasettimiinc\wp-content\plugins\jetpack\modules\widgets\goodreads.php <-- dev-palmasettimiinc /wp-content/plugins/jetpack/modules/widgets goodreads.php
2017.08.24 17:39 A C:\xampp\htdocs\projects\palmasettimiinc\wp-content\plugins\jetpack\modules\widgets\google-translate.php <-- dev-palmasettimiinc /wp-content/plugins/jetpack/modules/widgets google-translate.php
2017.08.24 17:39 A C:\xampp\htdocs\projects\palmasettimiinc\wp-content\plugins\jetpack\modules\widgets\googleplus-badge.php <-- dev-palmasettimiinc /wp-content/plugins/jetpack/modules/widgets googleplus-badge.php
2017.08.24 17:39 A C:\xampp\htdocs\projects\palmasettimiinc\wp-content\plugins\jetpack\modules\widgets\gravatar-profile.php <-- dev-palmasettimiinc /wp-content/plugins/jetpack/modules/widgets gravatar-profile.php
2017.08.24 17:39 A C:\xampp\htdocs\projects\palmasettimiinc\wp-content\plugins\jetpack\modules\widgets\image-widget.php <-- dev-palmasettimiinc /wp-content/plugins/jetpack/modules/widgets image-widget.php
2017.08.24 17:39 A C:\xampp\htdocs\projects\palmasettimiinc\wp-content\plugins\jetpack\modules\widgets\internet-defense-league.php <-- dev-palmasettimiinc /wp-content/plugins/jetpack/modules/widgets internet-defense-league.php
2017.08.24 17:39 A C:\xampp\htdocs\projects\palmasettimiinc\wp-content\plugins\jetpack\modules\widgets\mailchimp.php <-- dev-palmasettimiinc /wp-content/plugins/jetpack/modules/widgets mailchimp.php
2017.08.24 17:39 A C:\xampp\htdocs\projects\palmasettimiinc\wp-content\plugins\jetpack\modules\widgets\milestone.php <-- dev-palmasettimiinc /wp-content/plugins/jetpack/modules/widgets milestone.php
2017.08.24 17:39 A C:\xampp\htdocs\projects\palmasettimiinc\wp-content\plugins\jetpack\modules\widgets\my-community.php <-- dev-palmasettimiinc /wp-content/plugins/jetpack/modules/widgets my-community.php
2017.08.24 17:39 A C:\xampp\htdocs\projects\palmasettimiinc\wp-content\plugins\jetpack\modules\widgets\rsslinks-widget.php <-- dev-palmasettimiinc /wp-content/plugins/jetpack/modules/widgets rsslinks-widget.php
2017.08.24 17:39 A C:\xampp\htdocs\projects\palmasettimiinc\wp-content\plugins\jetpack\modules\widgets\social-media-icons.php <-- dev-palmasettimiinc /wp-content/plugins/jetpack/modules/widgets social-media-icons.php
2017.08.24 17:39 A C:\xampp\htdocs\projects\palmasettimiinc\wp-content\plugins\jetpack\modules\widgets\top-posts.php <-- dev-palmasettimiinc /wp-content/plugins/jetpack/modules/widgets top-posts.php
2017.08.24 17:39 A C:\xampp\htdocs\projects\palmasettimiinc\wp-content\plugins\jetpack\modules\widgets\twitter-timeline.php <-- dev-palmasettimiinc /wp-content/plugins/jetpack/modules/widgets twitter-timeline.php
2017.08.24 17:39 A C:\xampp\htdocs\projects\palmasettimiinc\wp-content\plugins\jetpack\modules\widgets\upcoming-events.php <-- dev-palmasettimiinc /wp-content/plugins/jetpack/modules/widgets upcoming-events.php
2017.08.24 17:39 A C:\xampp\htdocs\projects\palmasettimiinc\wp-content\plugins\jetpack\modules\widgets\wordpress-post-widget.php <-- dev-palmasettimiinc /wp-content/plugins/jetpack/modules/widgets wordpress-post-widget.php
