2017.08.24 17:41 A C:\xampp\htdocs\projects\palmasettimiinc\wp-content\plugins\mojo-marketplace-wp-plugin\pages\api-unavailable.php <-- dev-palmasettimiinc /wp-content/plugins/mojo-marketplace-wp-plugin/pages api-unavailable.php
2017.08.24 17:41 A C:\xampp\htdocs\projects\palmasettimiinc\wp-content\plugins\mojo-marketplace-wp-plugin\pages\header-small-w-nav.php <-- dev-palmasettimiinc /wp-content/plugins/mojo-marketplace-wp-plugin/pages header-small-w-nav.php
2017.08.24 17:41 A C:\xampp\htdocs\projects\palmasettimiinc\wp-content\plugins\mojo-marketplace-wp-plugin\pages\header-small.php <-- dev-palmasettimiinc /wp-content/plugins/mojo-marketplace-wp-plugin/pages header-small.php
2017.08.24 17:41 A C:\xampp\htdocs\projects\palmasettimiinc\wp-content\plugins\mojo-marketplace-wp-plugin\pages\header.php <-- dev-palmasettimiinc /wp-content/plugins/mojo-marketplace-wp-plugin/pages header.php
2017.08.24 17:41 A C:\xampp\htdocs\projects\palmasettimiinc\wp-content\plugins\mojo-marketplace-wp-plugin\pages\interim-staging-create.php <-- dev-palmasettimiinc /wp-content/plugins/mojo-marketplace-wp-plugin/pages interim-staging-create.php
2017.08.24 17:41 A C:\xampp\htdocs\projects\palmasettimiinc\wp-content\plugins\mojo-marketplace-wp-plugin\pages\modal-deploy-database.php <-- dev-palmasettimiinc /wp-content/plugins/mojo-marketplace-wp-plugin/pages modal-deploy-database.php
2017.08.24 17:41 A C:\xampp\htdocs\projects\palmasettimiinc\wp-content\plugins\mojo-marketplace-wp-plugin\pages\modal-deploy-files-database.php <-- dev-palmasettimiinc /wp-content/plugins/mojo-marketplace-wp-plugin/pages modal-deploy-files-database.php
2017.08.24 17:41 A C:\xampp\htdocs\projects\palmasettimiinc\wp-content\plugins\mojo-marketplace-wp-plugin\pages\modal-deploy-files.php <-- dev-palmasettimiinc /wp-content/plugins/mojo-marketplace-wp-plugin/pages modal-deploy-files.php
2017.08.24 17:41 A C:\xampp\htdocs\projects\palmasettimiinc\wp-content\plugins\mojo-marketplace-wp-plugin\pages\modal-destroy-confirm.php <-- dev-palmasettimiinc /wp-content/plugins/mojo-marketplace-wp-plugin/pages modal-destroy-confirm.php
2017.08.24 17:41 A C:\xampp\htdocs\projects\palmasettimiinc\wp-content\plugins\mojo-marketplace-wp-plugin\pages\mojo-graphics.php <-- dev-palmasettimiinc /wp-content/plugins/mojo-marketplace-wp-plugin/pages mojo-graphics.php
2017.08.24 17:41 A C:\xampp\htdocs\projects\palmasettimiinc\wp-content\plugins\mojo-marketplace-wp-plugin\pages\mojo-home.php <-- dev-palmasettimiinc /wp-content/plugins/mojo-marketplace-wp-plugin/pages mojo-home.php
2017.08.24 17:41 A C:\xampp\htdocs\projects\palmasettimiinc\wp-content\plugins\mojo-marketplace-wp-plugin\pages\mojo-mixed-themes.php <-- dev-palmasettimiinc /wp-content/plugins/mojo-marketplace-wp-plugin/pages mojo-mixed-themes.php
2017.08.24 17:41 A C:\xampp\htdocs\projects\palmasettimiinc\wp-content\plugins\mojo-marketplace-wp-plugin\pages\mojo-onboarding.php <-- dev-palmasettimiinc /wp-content/plugins/mojo-marketplace-wp-plugin/pages mojo-onboarding.php
2017.08.24 17:41 A C:\xampp\htdocs\projects\palmasettimiinc\wp-content\plugins\mojo-marketplace-wp-plugin\pages\mojo-performance.php <-- dev-palmasettimiinc /wp-content/plugins/mojo-marketplace-wp-plugin/pages mojo-performance.php
2017.08.24 17:41 A C:\xampp\htdocs\projects\palmasettimiinc\wp-content\plugins\mojo-marketplace-wp-plugin\pages\mojo-plugins.php <-- dev-palmasettimiinc /wp-content/plugins/mojo-marketplace-wp-plugin/pages mojo-plugins.php
2017.08.24 17:41 A C:\xampp\htdocs\projects\palmasettimiinc\wp-content\plugins\mojo-marketplace-wp-plugin\pages\mojo-purchases.php <-- dev-palmasettimiinc /wp-content/plugins/mojo-marketplace-wp-plugin/pages mojo-purchases.php
2017.08.24 17:41 A C:\xampp\htdocs\projects\palmasettimiinc\wp-content\plugins\mojo-marketplace-wp-plugin\pages\mojo-search.php <-- dev-palmasettimiinc /wp-content/plugins/mojo-marketplace-wp-plugin/pages mojo-search.php
2017.08.24 17:41 A C:\xampp\htdocs\projects\palmasettimiinc\wp-content\plugins\mojo-marketplace-wp-plugin\pages\mojo-services.php <-- dev-palmasettimiinc /wp-content/plugins/mojo-marketplace-wp-plugin/pages mojo-services.php
2017.08.24 17:41 A C:\xampp\htdocs\projects\palmasettimiinc\wp-content\plugins\mojo-marketplace-wp-plugin\pages\mojo-single-item.php <-- dev-palmasettimiinc /wp-content/plugins/mojo-marketplace-wp-plugin/pages mojo-single-item.php
2017.08.24 17:41 A C:\xampp\htdocs\projects\palmasettimiinc\wp-content\plugins\mojo-marketplace-wp-plugin\pages\mojo-themes.php <-- dev-palmasettimiinc /wp-content/plugins/mojo-marketplace-wp-plugin/pages mojo-themes.php
2017.08.24 17:41 A C:\xampp\htdocs\projects\palmasettimiinc\wp-content\plugins\mojo-marketplace-wp-plugin\pages\navigation.php <-- dev-palmasettimiinc /wp-content/plugins/mojo-marketplace-wp-plugin/pages navigation.php
2017.08.24 17:41 A C:\xampp\htdocs\projects\palmasettimiinc\wp-content\plugins\mojo-marketplace-wp-plugin\pages\staging-create.php <-- dev-palmasettimiinc /wp-content/plugins/mojo-marketplace-wp-plugin/pages staging-create.php
2017.08.24 17:41 A C:\xampp\htdocs\projects\palmasettimiinc\wp-content\plugins\mojo-marketplace-wp-plugin\pages\staging-production.php <-- dev-palmasettimiinc /wp-content/plugins/mojo-marketplace-wp-plugin/pages staging-production.php
2017.08.24 17:41 A C:\xampp\htdocs\projects\palmasettimiinc\wp-content\plugins\mojo-marketplace-wp-plugin\pages\staging-staging.php <-- dev-palmasettimiinc /wp-content/plugins/mojo-marketplace-wp-plugin/pages staging-staging.php
2017.08.24 17:41 A C:\xampp\htdocs\projects\palmasettimiinc\wp-content\plugins\mojo-marketplace-wp-plugin\pages\theme-preview.php <-- dev-palmasettimiinc /wp-content/plugins/mojo-marketplace-wp-plugin/pages theme-preview.php
