2017.08.24 17:36 A C:\xampp\htdocs\projects\palmasettimiinc\wp-content\plugins\jetpack\modules\shortcodes\archiveorg-book.php <-- dev-palmasettimiinc /wp-content/plugins/jetpack/modules/shortcodes archiveorg-book.php
2017.08.24 17:36 A C:\xampp\htdocs\projects\palmasettimiinc\wp-content\plugins\jetpack\modules\shortcodes\archiveorg.php <-- dev-palmasettimiinc /wp-content/plugins/jetpack/modules/shortcodes archiveorg.php
2017.08.24 17:36 A C:\xampp\htdocs\projects\palmasettimiinc\wp-content\plugins\jetpack\modules\shortcodes\archives.php <-- dev-palmasettimiinc /wp-content/plugins/jetpack/modules/shortcodes archives.php
2017.08.24 17:36 A C:\xampp\htdocs\projects\palmasettimiinc\wp-content\plugins\jetpack\modules\shortcodes\audio.php <-- dev-palmasettimiinc /wp-content/plugins/jetpack/modules/shortcodes audio.php
2017.08.24 17:36 A C:\xampp\htdocs\projects\palmasettimiinc\wp-content\plugins\jetpack\modules\shortcodes\bandcamp.php <-- dev-palmasettimiinc /wp-content/plugins/jetpack/modules/shortcodes bandcamp.php
2017.08.24 17:36 A C:\xampp\htdocs\projects\palmasettimiinc\wp-content\plugins\jetpack\modules\shortcodes\brightcove.php <-- dev-palmasettimiinc /wp-content/plugins/jetpack/modules/shortcodes brightcove.php
2017.08.24 17:37 A C:\xampp\htdocs\projects\palmasettimiinc\wp-content\plugins\jetpack\modules\shortcodes\cartodb.php <-- dev-palmasettimiinc /wp-content/plugins/jetpack/modules/shortcodes cartodb.php
2017.08.24 17:37 A C:\xampp\htdocs\projects\palmasettimiinc\wp-content\plugins\jetpack\modules\shortcodes\class.filter-embedded-html-objects.php <-- dev-palmasettimiinc /wp-content/plugins/jetpack/modules/shortcodes class.filter-embedded-html-objects.php
2017.08.24 17:37 A C:\xampp\htdocs\projects\palmasettimiinc\wp-content\plugins\jetpack\modules\shortcodes\codepen.php <-- dev-palmasettimiinc /wp-content/plugins/jetpack/modules/shortcodes codepen.php
2017.08.24 17:37 A C:\xampp\htdocs\projects\palmasettimiinc\wp-content\plugins\jetpack\modules\shortcodes\dailymotion.php <-- dev-palmasettimiinc /wp-content/plugins/jetpack/modules/shortcodes dailymotion.php
2017.08.24 17:37 A C:\xampp\htdocs\projects\palmasettimiinc\wp-content\plugins\jetpack\modules\shortcodes\diggthis.php <-- dev-palmasettimiinc /wp-content/plugins/jetpack/modules/shortcodes diggthis.php
2017.08.24 17:37 A C:\xampp\htdocs\projects\palmasettimiinc\wp-content\plugins\jetpack\modules\shortcodes\facebook.php <-- dev-palmasettimiinc /wp-content/plugins/jetpack/modules/shortcodes facebook.php
2017.08.24 17:37 A C:\xampp\htdocs\projects\palmasettimiinc\wp-content\plugins\jetpack\modules\shortcodes\flickr.php <-- dev-palmasettimiinc /wp-content/plugins/jetpack/modules/shortcodes flickr.php
2017.08.24 17:37 A C:\xampp\htdocs\projects\palmasettimiinc\wp-content\plugins\jetpack\modules\shortcodes\getty.php <-- dev-palmasettimiinc /wp-content/plugins/jetpack/modules/shortcodes getty.php
2017.08.24 17:37 A C:\xampp\htdocs\projects\palmasettimiinc\wp-content\plugins\jetpack\modules\shortcodes\gist.php <-- dev-palmasettimiinc /wp-content/plugins/jetpack/modules/shortcodes gist.php
2017.08.24 17:37 A C:\xampp\htdocs\projects\palmasettimiinc\wp-content\plugins\jetpack\modules\shortcodes\googleapps.php <-- dev-palmasettimiinc /wp-content/plugins/jetpack/modules/shortcodes googleapps.php
2017.08.24 17:37 A C:\xampp\htdocs\projects\palmasettimiinc\wp-content\plugins\jetpack\modules\shortcodes\googlemaps.php <-- dev-palmasettimiinc /wp-content/plugins/jetpack/modules/shortcodes googlemaps.php
2017.08.24 17:37 A C:\xampp\htdocs\projects\palmasettimiinc\wp-content\plugins\jetpack\modules\shortcodes\googleplus.php <-- dev-palmasettimiinc /wp-content/plugins/jetpack/modules/shortcodes googleplus.php
2017.08.24 17:37 A C:\xampp\htdocs\projects\palmasettimiinc\wp-content\plugins\jetpack\modules\shortcodes\googlevideo.php <-- dev-palmasettimiinc /wp-content/plugins/jetpack/modules/shortcodes googlevideo.php
2017.08.24 17:37 A C:\xampp\htdocs\projects\palmasettimiinc\wp-content\plugins\jetpack\modules\shortcodes\gravatar.php <-- dev-palmasettimiinc /wp-content/plugins/jetpack/modules/shortcodes gravatar.php
2017.08.24 17:37 A C:\xampp\htdocs\projects\palmasettimiinc\wp-content\plugins\jetpack\modules\shortcodes\houzz.php <-- dev-palmasettimiinc /wp-content/plugins/jetpack/modules/shortcodes houzz.php
2017.08.24 17:37 A C:\xampp\htdocs\projects\palmasettimiinc\wp-content\plugins\jetpack\modules\shortcodes\hulu.php <-- dev-palmasettimiinc /wp-content/plugins/jetpack/modules/shortcodes hulu.php
2017.08.24 17:37 A C:\xampp\htdocs\projects\palmasettimiinc\wp-content\plugins\jetpack\modules\shortcodes\instagram.php <-- dev-palmasettimiinc /wp-content/plugins/jetpack/modules/shortcodes instagram.php
2017.08.24 17:37 A C:\xampp\htdocs\projects\palmasettimiinc\wp-content\plugins\jetpack\modules\shortcodes\kickstarter.php <-- dev-palmasettimiinc /wp-content/plugins/jetpack/modules/shortcodes kickstarter.php
2017.08.24 17:37 A C:\xampp\htdocs\projects\palmasettimiinc\wp-content\plugins\jetpack\modules\shortcodes\lytro.php <-- dev-palmasettimiinc /wp-content/plugins/jetpack/modules/shortcodes lytro.php
2017.08.24 17:37 A C:\xampp\htdocs\projects\palmasettimiinc\wp-content\plugins\jetpack\modules\shortcodes\mailchimp.php <-- dev-palmasettimiinc /wp-content/plugins/jetpack/modules/shortcodes mailchimp.php
2017.08.24 17:37 A C:\xampp\htdocs\projects\palmasettimiinc\wp-content\plugins\jetpack\modules\shortcodes\medium.php <-- dev-palmasettimiinc /wp-content/plugins/jetpack/modules/shortcodes medium.php
2017.08.24 17:37 A C:\xampp\htdocs\projects\palmasettimiinc\wp-content\plugins\jetpack\modules\shortcodes\mixcloud.php <-- dev-palmasettimiinc /wp-content/plugins/jetpack/modules/shortcodes mixcloud.php
2017.08.24 17:37 A C:\xampp\htdocs\projects\palmasettimiinc\wp-content\plugins\jetpack\modules\shortcodes\pinterest.php <-- dev-palmasettimiinc /wp-content/plugins/jetpack/modules/shortcodes pinterest.php
2017.08.24 17:37 A C:\xampp\htdocs\projects\palmasettimiinc\wp-content\plugins\jetpack\modules\shortcodes\polldaddy.php <-- dev-palmasettimiinc /wp-content/plugins/jetpack/modules/shortcodes polldaddy.php
2017.08.24 17:37 A C:\xampp\htdocs\projects\palmasettimiinc\wp-content\plugins\jetpack\modules\shortcodes\presentations.php <-- dev-palmasettimiinc /wp-content/plugins/jetpack/modules/shortcodes presentations.php
2017.08.24 17:37 A C:\xampp\htdocs\projects\palmasettimiinc\wp-content\plugins\jetpack\modules\shortcodes\quiz.php <-- dev-palmasettimiinc /wp-content/plugins/jetpack/modules/shortcodes quiz.php
2017.08.24 17:37 A C:\xampp\htdocs\projects\palmasettimiinc\wp-content\plugins\jetpack\modules\shortcodes\recipe.php <-- dev-palmasettimiinc /wp-content/plugins/jetpack/modules/shortcodes recipe.php
2017.08.24 17:37 A C:\xampp\htdocs\projects\palmasettimiinc\wp-content\plugins\jetpack\modules\shortcodes\scribd.php <-- dev-palmasettimiinc /wp-content/plugins/jetpack/modules/shortcodes scribd.php
2017.08.24 17:37 A C:\xampp\htdocs\projects\palmasettimiinc\wp-content\plugins\jetpack\modules\shortcodes\sitemap.php <-- dev-palmasettimiinc /wp-content/plugins/jetpack/modules/shortcodes sitemap.php
2017.08.24 17:37 A C:\xampp\htdocs\projects\palmasettimiinc\wp-content\plugins\jetpack\modules\shortcodes\slideshare.php <-- dev-palmasettimiinc /wp-content/plugins/jetpack/modules/shortcodes slideshare.php
2017.08.24 17:37 A C:\xampp\htdocs\projects\palmasettimiinc\wp-content\plugins\jetpack\modules\shortcodes\slideshow.php <-- dev-palmasettimiinc /wp-content/plugins/jetpack/modules/shortcodes slideshow.php
2017.08.24 17:37 A C:\xampp\htdocs\projects\palmasettimiinc\wp-content\plugins\jetpack\modules\shortcodes\soundcloud.php <-- dev-palmasettimiinc /wp-content/plugins/jetpack/modules/shortcodes soundcloud.php
2017.08.24 17:37 A C:\xampp\htdocs\projects\palmasettimiinc\wp-content\plugins\jetpack\modules\shortcodes\spotify.php <-- dev-palmasettimiinc /wp-content/plugins/jetpack/modules/shortcodes spotify.php
2017.08.24 17:37 A C:\xampp\htdocs\projects\palmasettimiinc\wp-content\plugins\jetpack\modules\shortcodes\ted.php <-- dev-palmasettimiinc /wp-content/plugins/jetpack/modules/shortcodes ted.php
2017.08.24 17:37 A C:\xampp\htdocs\projects\palmasettimiinc\wp-content\plugins\jetpack\modules\shortcodes\tweet.php <-- dev-palmasettimiinc /wp-content/plugins/jetpack/modules/shortcodes tweet.php
2017.08.24 17:37 A C:\xampp\htdocs\projects\palmasettimiinc\wp-content\plugins\jetpack\modules\shortcodes\twitchtv.php <-- dev-palmasettimiinc /wp-content/plugins/jetpack/modules/shortcodes twitchtv.php
2017.08.24 17:37 A C:\xampp\htdocs\projects\palmasettimiinc\wp-content\plugins\jetpack\modules\shortcodes\twitter-timeline.php <-- dev-palmasettimiinc /wp-content/plugins/jetpack/modules/shortcodes twitter-timeline.php
2017.08.24 17:37 A C:\xampp\htdocs\projects\palmasettimiinc\wp-content\plugins\jetpack\modules\shortcodes\unavailable.php <-- dev-palmasettimiinc /wp-content/plugins/jetpack/modules/shortcodes unavailable.php
2017.08.24 17:37 A C:\xampp\htdocs\projects\palmasettimiinc\wp-content\plugins\jetpack\modules\shortcodes\untappd-menu.php <-- dev-palmasettimiinc /wp-content/plugins/jetpack/modules/shortcodes untappd-menu.php
2017.08.24 17:37 A C:\xampp\htdocs\projects\palmasettimiinc\wp-content\plugins\jetpack\modules\shortcodes\upcoming-events.php <-- dev-palmasettimiinc /wp-content/plugins/jetpack/modules/shortcodes upcoming-events.php
2017.08.24 17:37 A C:\xampp\htdocs\projects\palmasettimiinc\wp-content\plugins\jetpack\modules\shortcodes\ustream.php <-- dev-palmasettimiinc /wp-content/plugins/jetpack/modules/shortcodes ustream.php
2017.08.24 17:37 A C:\xampp\htdocs\projects\palmasettimiinc\wp-content\plugins\jetpack\modules\shortcodes\videopress.php <-- dev-palmasettimiinc /wp-content/plugins/jetpack/modules/shortcodes videopress.php
2017.08.24 17:37 A C:\xampp\htdocs\projects\palmasettimiinc\wp-content\plugins\jetpack\modules\shortcodes\vimeo.php <-- dev-palmasettimiinc /wp-content/plugins/jetpack/modules/shortcodes vimeo.php
2017.08.24 17:37 A C:\xampp\htdocs\projects\palmasettimiinc\wp-content\plugins\jetpack\modules\shortcodes\vine.php <-- dev-palmasettimiinc /wp-content/plugins/jetpack/modules/shortcodes vine.php
2017.08.24 17:37 A C:\xampp\htdocs\projects\palmasettimiinc\wp-content\plugins\jetpack\modules\shortcodes\vr.php <-- dev-palmasettimiinc /wp-content/plugins/jetpack/modules/shortcodes vr.php
2017.08.24 17:37 A C:\xampp\htdocs\projects\palmasettimiinc\wp-content\plugins\jetpack\modules\shortcodes\wufoo.php <-- dev-palmasettimiinc /wp-content/plugins/jetpack/modules/shortcodes wufoo.php
2017.08.24 17:37 A C:\xampp\htdocs\projects\palmasettimiinc\wp-content\plugins\jetpack\modules\shortcodes\youtube.php <-- dev-palmasettimiinc /wp-content/plugins/jetpack/modules/shortcodes youtube.php
