2017.08.24 17:30 B C:\xampp\htdocs\projects\palmasettimiinc\wp-content\plugins\jetpack\images\rss\blue-large.png <-- dev-palmasettimiinc /wp-content/plugins/jetpack/images/rss blue-large.png
2017.08.24 17:30 B C:\xampp\htdocs\projects\palmasettimiinc\wp-content\plugins\jetpack\images\rss\blue-medium.png <-- dev-palmasettimiinc /wp-content/plugins/jetpack/images/rss blue-medium.png
2017.08.24 17:30 B C:\xampp\htdocs\projects\palmasettimiinc\wp-content\plugins\jetpack\images\rss\blue-small.png <-- dev-palmasettimiinc /wp-content/plugins/jetpack/images/rss blue-small.png
2017.08.24 17:30 B C:\xampp\htdocs\projects\palmasettimiinc\wp-content\plugins\jetpack\images\rss\green-large.png <-- dev-palmasettimiinc /wp-content/plugins/jetpack/images/rss green-large.png
2017.08.24 17:30 B C:\xampp\htdocs\projects\palmasettimiinc\wp-content\plugins\jetpack\images\rss\green-medium.png <-- dev-palmasettimiinc /wp-content/plugins/jetpack/images/rss green-medium.png
2017.08.24 17:30 B C:\xampp\htdocs\projects\palmasettimiinc\wp-content\plugins\jetpack\images\rss\green-small.png <-- dev-palmasettimiinc /wp-content/plugins/jetpack/images/rss green-small.png
2017.08.24 17:30 B C:\xampp\htdocs\projects\palmasettimiinc\wp-content\plugins\jetpack\images\rss\orange-large.png <-- dev-palmasettimiinc /wp-content/plugins/jetpack/images/rss orange-large.png
2017.08.24 17:30 B C:\xampp\htdocs\projects\palmasettimiinc\wp-content\plugins\jetpack\images\rss\orange-medium.png <-- dev-palmasettimiinc /wp-content/plugins/jetpack/images/rss orange-medium.png
2017.08.24 17:30 B C:\xampp\htdocs\projects\palmasettimiinc\wp-content\plugins\jetpack\images\rss\orange-small.png <-- dev-palmasettimiinc /wp-content/plugins/jetpack/images/rss orange-small.png
2017.08.24 17:30 B C:\xampp\htdocs\projects\palmasettimiinc\wp-content\plugins\jetpack\images\rss\pink-large.png <-- dev-palmasettimiinc /wp-content/plugins/jetpack/images/rss pink-large.png
2017.08.24 17:30 B C:\xampp\htdocs\projects\palmasettimiinc\wp-content\plugins\jetpack\images\rss\pink-medium.png <-- dev-palmasettimiinc /wp-content/plugins/jetpack/images/rss pink-medium.png
2017.08.24 17:30 B C:\xampp\htdocs\projects\palmasettimiinc\wp-content\plugins\jetpack\images\rss\pink-small.png <-- dev-palmasettimiinc /wp-content/plugins/jetpack/images/rss pink-small.png
2017.08.24 17:30 B C:\xampp\htdocs\projects\palmasettimiinc\wp-content\plugins\jetpack\images\rss\purple-large.png <-- dev-palmasettimiinc /wp-content/plugins/jetpack/images/rss purple-large.png
2017.08.24 17:30 B C:\xampp\htdocs\projects\palmasettimiinc\wp-content\plugins\jetpack\images\rss\purple-medium.png <-- dev-palmasettimiinc /wp-content/plugins/jetpack/images/rss purple-medium.png
2017.08.24 17:30 B C:\xampp\htdocs\projects\palmasettimiinc\wp-content\plugins\jetpack\images\rss\purple-small.png <-- dev-palmasettimiinc /wp-content/plugins/jetpack/images/rss purple-small.png
2017.08.24 17:30 B C:\xampp\htdocs\projects\palmasettimiinc\wp-content\plugins\jetpack\images\rss\red-large.png <-- dev-palmasettimiinc /wp-content/plugins/jetpack/images/rss red-large.png
2017.08.24 17:30 B C:\xampp\htdocs\projects\palmasettimiinc\wp-content\plugins\jetpack\images\rss\red-medium.png <-- dev-palmasettimiinc /wp-content/plugins/jetpack/images/rss red-medium.png
2017.08.24 17:30 B C:\xampp\htdocs\projects\palmasettimiinc\wp-content\plugins\jetpack\images\rss\red-small.png <-- dev-palmasettimiinc /wp-content/plugins/jetpack/images/rss red-small.png
2017.08.24 17:30 B C:\xampp\htdocs\projects\palmasettimiinc\wp-content\plugins\jetpack\images\rss\silver-large.png <-- dev-palmasettimiinc /wp-content/plugins/jetpack/images/rss silver-large.png
2017.08.24 17:30 B C:\xampp\htdocs\projects\palmasettimiinc\wp-content\plugins\jetpack\images\rss\silver-medium.png <-- dev-palmasettimiinc /wp-content/plugins/jetpack/images/rss silver-medium.png
2017.08.24 17:30 B C:\xampp\htdocs\projects\palmasettimiinc\wp-content\plugins\jetpack\images\rss\silver-small.png <-- dev-palmasettimiinc /wp-content/plugins/jetpack/images/rss silver-small.png
