2017.08.24 17:47 B C:\xampp\htdocs\projects\palmasettimiinc\wp-includes\images\blank.gif <-- dev-palmasettimiinc /wp-includes/images blank.gif
2017.08.24 17:47 B C:\xampp\htdocs\projects\palmasettimiinc\wp-includes\images\down_arrow-2x.gif <-- dev-palmasettimiinc /wp-includes/images down_arrow-2x.gif
2017.08.24 17:47 B C:\xampp\htdocs\projects\palmasettimiinc\wp-includes\images\down_arrow.gif <-- dev-palmasettimiinc /wp-includes/images down_arrow.gif
2017.08.24 17:47 B C:\xampp\htdocs\projects\palmasettimiinc\wp-includes\images\spinner-2x.gif <-- dev-palmasettimiinc /wp-includes/images spinner-2x.gif
2017.08.24 17:47 B C:\xampp\htdocs\projects\palmasettimiinc\wp-includes\images\spinner.gif <-- dev-palmasettimiinc /wp-includes/images spinner.gif
2017.08.24 17:47 B C:\xampp\htdocs\projects\palmasettimiinc\wp-includes\images\wpspin-2x.gif <-- dev-palmasettimiinc /wp-includes/images wpspin-2x.gif
2017.08.24 17:47 B C:\xampp\htdocs\projects\palmasettimiinc\wp-includes\images\wpspin.gif <-- dev-palmasettimiinc /wp-includes/images wpspin.gif
2017.08.24 17:47 B C:\xampp\htdocs\projects\palmasettimiinc\wp-includes\images\xit-2x.gif <-- dev-palmasettimiinc /wp-includes/images xit-2x.gif
2017.08.24 17:47 B C:\xampp\htdocs\projects\palmasettimiinc\wp-includes\images\xit.gif <-- dev-palmasettimiinc /wp-includes/images xit.gif
2017.08.24 17:47 B C:\xampp\htdocs\projects\palmasettimiinc\wp-includes\images\admin-bar-sprite-2x.png <-- dev-palmasettimiinc /wp-includes/images admin-bar-sprite-2x.png
2017.08.24 17:47 B C:\xampp\htdocs\projects\palmasettimiinc\wp-includes\images\admin-bar-sprite.png <-- dev-palmasettimiinc /wp-includes/images admin-bar-sprite.png
2017.08.24 17:47 B C:\xampp\htdocs\projects\palmasettimiinc\wp-includes\images\arrow-pointer-blue-2x.png <-- dev-palmasettimiinc /wp-includes/images arrow-pointer-blue-2x.png
2017.08.24 17:47 B C:\xampp\htdocs\projects\palmasettimiinc\wp-includes\images\arrow-pointer-blue.png <-- dev-palmasettimiinc /wp-includes/images arrow-pointer-blue.png
2017.08.24 17:47 B C:\xampp\htdocs\projects\palmasettimiinc\wp-includes\images\icon-pointer-flag-2x.png <-- dev-palmasettimiinc /wp-includes/images icon-pointer-flag-2x.png
2017.08.24 17:47 B C:\xampp\htdocs\projects\palmasettimiinc\wp-includes\images\icon-pointer-flag.png <-- dev-palmasettimiinc /wp-includes/images icon-pointer-flag.png
2017.08.24 17:47 B C:\xampp\htdocs\projects\palmasettimiinc\wp-includes\images\rss-2x.png <-- dev-palmasettimiinc /wp-includes/images rss-2x.png
2017.08.24 17:47 B C:\xampp\htdocs\projects\palmasettimiinc\wp-includes\images\rss.png <-- dev-palmasettimiinc /wp-includes/images rss.png
2017.08.24 17:47 B C:\xampp\htdocs\projects\palmasettimiinc\wp-includes\images\toggle-arrow-2x.png <-- dev-palmasettimiinc /wp-includes/images toggle-arrow-2x.png
2017.08.24 17:47 B C:\xampp\htdocs\projects\palmasettimiinc\wp-includes\images\toggle-arrow.png <-- dev-palmasettimiinc /wp-includes/images toggle-arrow.png
2017.08.24 17:47 B C:\xampp\htdocs\projects\palmasettimiinc\wp-includes\images\uploader-icons-2x.png <-- dev-palmasettimiinc /wp-includes/images uploader-icons-2x.png
2017.08.24 17:47 B C:\xampp\htdocs\projects\palmasettimiinc\wp-includes\images\uploader-icons.png <-- dev-palmasettimiinc /wp-includes/images uploader-icons.png
2017.08.24 17:47 B C:\xampp\htdocs\projects\palmasettimiinc\wp-includes\images\w-logo-blue.png <-- dev-palmasettimiinc /wp-includes/images w-logo-blue.png
2017.08.24 17:47 B C:\xampp\htdocs\projects\palmasettimiinc\wp-includes\images\wpicons-2x.png <-- dev-palmasettimiinc /wp-includes/images wpicons-2x.png
2017.08.24 17:47 B C:\xampp\htdocs\projects\palmasettimiinc\wp-includes\images\wpicons.png <-- dev-palmasettimiinc /wp-includes/images wpicons.png
