2017.08.24 17:31 B C:\xampp\htdocs\projects\palmasettimiinc\wp-content\plugins\jetpack\languages\json\jetpack-af.json <-- dev-palmasettimiinc /wp-content/plugins/jetpack/languages/json jetpack-af.json
2017.08.24 17:31 B C:\xampp\htdocs\projects\palmasettimiinc\wp-content\plugins\jetpack\languages\json\jetpack-ar.json <-- dev-palmasettimiinc /wp-content/plugins/jetpack/languages/json jetpack-ar.json
2017.08.24 17:31 B C:\xampp\htdocs\projects\palmasettimiinc\wp-content\plugins\jetpack\languages\json\jetpack-ary.json <-- dev-palmasettimiinc /wp-content/plugins/jetpack/languages/json jetpack-ary.json
2017.08.24 17:31 B C:\xampp\htdocs\projects\palmasettimiinc\wp-content\plugins\jetpack\languages\json\jetpack-az.json <-- dev-palmasettimiinc /wp-content/plugins/jetpack/languages/json jetpack-az.json
2017.08.24 17:31 B C:\xampp\htdocs\projects\palmasettimiinc\wp-content\plugins\jetpack\languages\json\jetpack-bg_BG.json <-- dev-palmasettimiinc /wp-content/plugins/jetpack/languages/json jetpack-bg_BG.json
2017.08.24 17:31 B C:\xampp\htdocs\projects\palmasettimiinc\wp-content\plugins\jetpack\languages\json\jetpack-bs_BA.json <-- dev-palmasettimiinc /wp-content/plugins/jetpack/languages/json jetpack-bs_BA.json
2017.08.24 17:31 B C:\xampp\htdocs\projects\palmasettimiinc\wp-content\plugins\jetpack\languages\json\jetpack-ca.json <-- dev-palmasettimiinc /wp-content/plugins/jetpack/languages/json jetpack-ca.json
2017.08.24 17:31 B C:\xampp\htdocs\projects\palmasettimiinc\wp-content\plugins\jetpack\languages\json\jetpack-ckb.json <-- dev-palmasettimiinc /wp-content/plugins/jetpack/languages/json jetpack-ckb.json
2017.08.24 17:31 B C:\xampp\htdocs\projects\palmasettimiinc\wp-content\plugins\jetpack\languages\json\jetpack-cs_CZ.json <-- dev-palmasettimiinc /wp-content/plugins/jetpack/languages/json jetpack-cs_CZ.json
2017.08.24 17:31 B C:\xampp\htdocs\projects\palmasettimiinc\wp-content\plugins\jetpack\languages\json\jetpack-cy.json <-- dev-palmasettimiinc /wp-content/plugins/jetpack/languages/json jetpack-cy.json
2017.08.24 17:31 B C:\xampp\htdocs\projects\palmasettimiinc\wp-content\plugins\jetpack\languages\json\jetpack-da_DK.json <-- dev-palmasettimiinc /wp-content/plugins/jetpack/languages/json jetpack-da_DK.json
2017.08.24 17:31 B C:\xampp\htdocs\projects\palmasettimiinc\wp-content\plugins\jetpack\languages\json\jetpack-de_DE.json <-- dev-palmasettimiinc /wp-content/plugins/jetpack/languages/json jetpack-de_DE.json
2017.08.24 17:31 B C:\xampp\htdocs\projects\palmasettimiinc\wp-content\plugins\jetpack\languages\json\jetpack-de_DE_formal.json <-- dev-palmasettimiinc /wp-content/plugins/jetpack/languages/json jetpack-de_DE_formal.json
2017.08.24 17:31 B C:\xampp\htdocs\projects\palmasettimiinc\wp-content\plugins\jetpack\languages\json\jetpack-el.json <-- dev-palmasettimiinc /wp-content/plugins/jetpack/languages/json jetpack-el.json
2017.08.24 17:31 B C:\xampp\htdocs\projects\palmasettimiinc\wp-content\plugins\jetpack\languages\json\jetpack-en_AU.json <-- dev-palmasettimiinc /wp-content/plugins/jetpack/languages/json jetpack-en_AU.json
2017.08.24 17:31 B C:\xampp\htdocs\projects\palmasettimiinc\wp-content\plugins\jetpack\languages\json\jetpack-en_CA.json <-- dev-palmasettimiinc /wp-content/plugins/jetpack/languages/json jetpack-en_CA.json
2017.08.24 17:31 B C:\xampp\htdocs\projects\palmasettimiinc\wp-content\plugins\jetpack\languages\json\jetpack-en_GB.json <-- dev-palmasettimiinc /wp-content/plugins/jetpack/languages/json jetpack-en_GB.json
2017.08.24 17:31 B C:\xampp\htdocs\projects\palmasettimiinc\wp-content\plugins\jetpack\languages\json\jetpack-en_NZ.json <-- dev-palmasettimiinc /wp-content/plugins/jetpack/languages/json jetpack-en_NZ.json
2017.08.24 17:31 B C:\xampp\htdocs\projects\palmasettimiinc\wp-content\plugins\jetpack\languages\json\jetpack-eo.json <-- dev-palmasettimiinc /wp-content/plugins/jetpack/languages/json jetpack-eo.json
2017.08.24 17:31 B C:\xampp\htdocs\projects\palmasettimiinc\wp-content\plugins\jetpack\languages\json\jetpack-es_AR.json <-- dev-palmasettimiinc /wp-content/plugins/jetpack/languages/json jetpack-es_AR.json
2017.08.24 17:31 B C:\xampp\htdocs\projects\palmasettimiinc\wp-content\plugins\jetpack\languages\json\jetpack-es_CL.json <-- dev-palmasettimiinc /wp-content/plugins/jetpack/languages/json jetpack-es_CL.json
2017.08.24 17:31 B C:\xampp\htdocs\projects\palmasettimiinc\wp-content\plugins\jetpack\languages\json\jetpack-es_ES.json <-- dev-palmasettimiinc /wp-content/plugins/jetpack/languages/json jetpack-es_ES.json
2017.08.24 17:31 B C:\xampp\htdocs\projects\palmasettimiinc\wp-content\plugins\jetpack\languages\json\jetpack-es_VE.json <-- dev-palmasettimiinc /wp-content/plugins/jetpack/languages/json jetpack-es_VE.json
2017.08.24 17:31 B C:\xampp\htdocs\projects\palmasettimiinc\wp-content\plugins\jetpack\languages\json\jetpack-fa_IR.json <-- dev-palmasettimiinc /wp-content/plugins/jetpack/languages/json jetpack-fa_IR.json
2017.08.24 17:31 B C:\xampp\htdocs\projects\palmasettimiinc\wp-content\plugins\jetpack\languages\json\jetpack-fi.json <-- dev-palmasettimiinc /wp-content/plugins/jetpack/languages/json jetpack-fi.json
2017.08.24 17:31 B C:\xampp\htdocs\projects\palmasettimiinc\wp-content\plugins\jetpack\languages\json\jetpack-fr_BE.json <-- dev-palmasettimiinc /wp-content/plugins/jetpack/languages/json jetpack-fr_BE.json
2017.08.24 17:31 B C:\xampp\htdocs\projects\palmasettimiinc\wp-content\plugins\jetpack\languages\json\jetpack-fr_FR.json <-- dev-palmasettimiinc /wp-content/plugins/jetpack/languages/json jetpack-fr_FR.json
2017.08.24 17:31 B C:\xampp\htdocs\projects\palmasettimiinc\wp-content\plugins\jetpack\languages\json\jetpack-gd.json <-- dev-palmasettimiinc /wp-content/plugins/jetpack/languages/json jetpack-gd.json
2017.08.24 17:31 B C:\xampp\htdocs\projects\palmasettimiinc\wp-content\plugins\jetpack\languages\json\jetpack-gl_ES.json <-- dev-palmasettimiinc /wp-content/plugins/jetpack/languages/json jetpack-gl_ES.json
2017.08.24 17:31 B C:\xampp\htdocs\projects\palmasettimiinc\wp-content\plugins\jetpack\languages\json\jetpack-he_IL.json <-- dev-palmasettimiinc /wp-content/plugins/jetpack/languages/json jetpack-he_IL.json
2017.08.24 17:31 B C:\xampp\htdocs\projects\palmasettimiinc\wp-content\plugins\jetpack\languages\json\jetpack-hr.json <-- dev-palmasettimiinc /wp-content/plugins/jetpack/languages/json jetpack-hr.json
2017.08.24 17:31 B C:\xampp\htdocs\projects\palmasettimiinc\wp-content\plugins\jetpack\languages\json\jetpack-hu_HU.json <-- dev-palmasettimiinc /wp-content/plugins/jetpack/languages/json jetpack-hu_HU.json
2017.08.24 17:31 B C:\xampp\htdocs\projects\palmasettimiinc\wp-content\plugins\jetpack\languages\json\jetpack-id_ID.json <-- dev-palmasettimiinc /wp-content/plugins/jetpack/languages/json jetpack-id_ID.json
2017.08.24 17:31 B C:\xampp\htdocs\projects\palmasettimiinc\wp-content\plugins\jetpack\languages\json\jetpack-is_IS.json <-- dev-palmasettimiinc /wp-content/plugins/jetpack/languages/json jetpack-is_IS.json
2017.08.24 17:31 B C:\xampp\htdocs\projects\palmasettimiinc\wp-content\plugins\jetpack\languages\json\jetpack-it_IT.json <-- dev-palmasettimiinc /wp-content/plugins/jetpack/languages/json jetpack-it_IT.json
2017.08.24 17:31 B C:\xampp\htdocs\projects\palmasettimiinc\wp-content\plugins\jetpack\languages\json\jetpack-ja.json <-- dev-palmasettimiinc /wp-content/plugins/jetpack/languages/json jetpack-ja.json
2017.08.24 17:31 B C:\xampp\htdocs\projects\palmasettimiinc\wp-content\plugins\jetpack\languages\json\jetpack-ka_GE.json <-- dev-palmasettimiinc /wp-content/plugins/jetpack/languages/json jetpack-ka_GE.json
2017.08.24 17:31 B C:\xampp\htdocs\projects\palmasettimiinc\wp-content\plugins\jetpack\languages\json\jetpack-ko_KR.json <-- dev-palmasettimiinc /wp-content/plugins/jetpack/languages/json jetpack-ko_KR.json
2017.08.24 17:31 B C:\xampp\htdocs\projects\palmasettimiinc\wp-content\plugins\jetpack\languages\json\jetpack-lt_LT.json <-- dev-palmasettimiinc /wp-content/plugins/jetpack/languages/json jetpack-lt_LT.json
2017.08.24 17:31 B C:\xampp\htdocs\projects\palmasettimiinc\wp-content\plugins\jetpack\languages\json\jetpack-lv.json <-- dev-palmasettimiinc /wp-content/plugins/jetpack/languages/json jetpack-lv.json
2017.08.24 17:32 B C:\xampp\htdocs\projects\palmasettimiinc\wp-content\plugins\jetpack\languages\json\jetpack-mk_MK.json <-- dev-palmasettimiinc /wp-content/plugins/jetpack/languages/json jetpack-mk_MK.json
2017.08.24 17:32 B C:\xampp\htdocs\projects\palmasettimiinc\wp-content\plugins\jetpack\languages\json\jetpack-ms_MY.json <-- dev-palmasettimiinc /wp-content/plugins/jetpack/languages/json jetpack-ms_MY.json
2017.08.24 17:32 B C:\xampp\htdocs\projects\palmasettimiinc\wp-content\plugins\jetpack\languages\json\jetpack-my_MM.json <-- dev-palmasettimiinc /wp-content/plugins/jetpack/languages/json jetpack-my_MM.json
2017.08.24 17:32 B C:\xampp\htdocs\projects\palmasettimiinc\wp-content\plugins\jetpack\languages\json\jetpack-nb_NO.json <-- dev-palmasettimiinc /wp-content/plugins/jetpack/languages/json jetpack-nb_NO.json
2017.08.24 17:32 B C:\xampp\htdocs\projects\palmasettimiinc\wp-content\plugins\jetpack\languages\json\jetpack-nl_NL.json <-- dev-palmasettimiinc /wp-content/plugins/jetpack/languages/json jetpack-nl_NL.json
2017.08.24 17:32 B C:\xampp\htdocs\projects\palmasettimiinc\wp-content\plugins\jetpack\languages\json\jetpack-nl_NL_formal.json <-- dev-palmasettimiinc /wp-content/plugins/jetpack/languages/json jetpack-nl_NL_formal.json
2017.08.24 17:32 B C:\xampp\htdocs\projects\palmasettimiinc\wp-content\plugins\jetpack\languages\json\jetpack-nn_NO.json <-- dev-palmasettimiinc /wp-content/plugins/jetpack/languages/json jetpack-nn_NO.json
2017.08.24 17:32 B C:\xampp\htdocs\projects\palmasettimiinc\wp-content\plugins\jetpack\languages\json\jetpack-pl_PL.json <-- dev-palmasettimiinc /wp-content/plugins/jetpack/languages/json jetpack-pl_PL.json
2017.08.24 17:32 B C:\xampp\htdocs\projects\palmasettimiinc\wp-content\plugins\jetpack\languages\json\jetpack-pt_BR.json <-- dev-palmasettimiinc /wp-content/plugins/jetpack/languages/json jetpack-pt_BR.json
2017.08.24 17:32 B C:\xampp\htdocs\projects\palmasettimiinc\wp-content\plugins\jetpack\languages\json\jetpack-pt_PT.json <-- dev-palmasettimiinc /wp-content/plugins/jetpack/languages/json jetpack-pt_PT.json
2017.08.24 17:32 B C:\xampp\htdocs\projects\palmasettimiinc\wp-content\plugins\jetpack\languages\json\jetpack-ro_RO.json <-- dev-palmasettimiinc /wp-content/plugins/jetpack/languages/json jetpack-ro_RO.json
2017.08.24 17:32 B C:\xampp\htdocs\projects\palmasettimiinc\wp-content\plugins\jetpack\languages\json\jetpack-ru_RU.json <-- dev-palmasettimiinc /wp-content/plugins/jetpack/languages/json jetpack-ru_RU.json
2017.08.24 17:32 B C:\xampp\htdocs\projects\palmasettimiinc\wp-content\plugins\jetpack\languages\json\jetpack-sa_IN.json <-- dev-palmasettimiinc /wp-content/plugins/jetpack/languages/json jetpack-sa_IN.json
2017.08.24 17:32 B C:\xampp\htdocs\projects\palmasettimiinc\wp-content\plugins\jetpack\languages\json\jetpack-si_LK.json <-- dev-palmasettimiinc /wp-content/plugins/jetpack/languages/json jetpack-si_LK.json
2017.08.24 17:32 B C:\xampp\htdocs\projects\palmasettimiinc\wp-content\plugins\jetpack\languages\json\jetpack-sk_SK.json <-- dev-palmasettimiinc /wp-content/plugins/jetpack/languages/json jetpack-sk_SK.json
2017.08.24 17:32 B C:\xampp\htdocs\projects\palmasettimiinc\wp-content\plugins\jetpack\languages\json\jetpack-sl_SI.json <-- dev-palmasettimiinc /wp-content/plugins/jetpack/languages/json jetpack-sl_SI.json
2017.08.24 17:32 B C:\xampp\htdocs\projects\palmasettimiinc\wp-content\plugins\jetpack\languages\json\jetpack-sq.json <-- dev-palmasettimiinc /wp-content/plugins/jetpack/languages/json jetpack-sq.json
2017.08.24 17:32 B C:\xampp\htdocs\projects\palmasettimiinc\wp-content\plugins\jetpack\languages\json\jetpack-sr_RS.json <-- dev-palmasettimiinc /wp-content/plugins/jetpack/languages/json jetpack-sr_RS.json
2017.08.24 17:32 B C:\xampp\htdocs\projects\palmasettimiinc\wp-content\plugins\jetpack\languages\json\jetpack-sv_SE.json <-- dev-palmasettimiinc /wp-content/plugins/jetpack/languages/json jetpack-sv_SE.json
2017.08.24 17:32 B C:\xampp\htdocs\projects\palmasettimiinc\wp-content\plugins\jetpack\languages\json\jetpack-te.json <-- dev-palmasettimiinc /wp-content/plugins/jetpack/languages/json jetpack-te.json
2017.08.24 17:32 B C:\xampp\htdocs\projects\palmasettimiinc\wp-content\plugins\jetpack\languages\json\jetpack-th.json <-- dev-palmasettimiinc /wp-content/plugins/jetpack/languages/json jetpack-th.json
2017.08.24 17:32 B C:\xampp\htdocs\projects\palmasettimiinc\wp-content\plugins\jetpack\languages\json\jetpack-tr_TR.json <-- dev-palmasettimiinc /wp-content/plugins/jetpack/languages/json jetpack-tr_TR.json
2017.08.24 17:32 B C:\xampp\htdocs\projects\palmasettimiinc\wp-content\plugins\jetpack\languages\json\jetpack-uk.json <-- dev-palmasettimiinc /wp-content/plugins/jetpack/languages/json jetpack-uk.json
2017.08.24 17:32 B C:\xampp\htdocs\projects\palmasettimiinc\wp-content\plugins\jetpack\languages\json\jetpack-ur.json <-- dev-palmasettimiinc /wp-content/plugins/jetpack/languages/json jetpack-ur.json
2017.08.24 17:32 B C:\xampp\htdocs\projects\palmasettimiinc\wp-content\plugins\jetpack\languages\json\jetpack-vi.json <-- dev-palmasettimiinc /wp-content/plugins/jetpack/languages/json jetpack-vi.json
2017.08.24 17:32 B C:\xampp\htdocs\projects\palmasettimiinc\wp-content\plugins\jetpack\languages\json\jetpack-zh_CN.json <-- dev-palmasettimiinc /wp-content/plugins/jetpack/languages/json jetpack-zh_CN.json
2017.08.24 17:32 B C:\xampp\htdocs\projects\palmasettimiinc\wp-content\plugins\jetpack\languages\json\jetpack-zh_HK.json <-- dev-palmasettimiinc /wp-content/plugins/jetpack/languages/json jetpack-zh_HK.json
2017.08.24 17:32 B C:\xampp\htdocs\projects\palmasettimiinc\wp-content\plugins\jetpack\languages\json\jetpack-zh_TW.json <-- dev-palmasettimiinc /wp-content/plugins/jetpack/languages/json jetpack-zh_TW.json
