2017.08.24 17:27 A C:\xampp\htdocs\projects\palmasettimiinc\wp-admin\network\about.php <-- dev-palmasettimiinc /wp-admin/network about.php
2017.08.24 17:27 A C:\xampp\htdocs\projects\palmasettimiinc\wp-admin\network\admin.php <-- dev-palmasettimiinc /wp-admin/network admin.php
2017.08.24 17:27 A C:\xampp\htdocs\projects\palmasettimiinc\wp-admin\network\credits.php <-- dev-palmasettimiinc /wp-admin/network credits.php
2017.08.24 17:27 A C:\xampp\htdocs\projects\palmasettimiinc\wp-admin\network\edit.php <-- dev-palmasettimiinc /wp-admin/network edit.php
2017.08.24 17:27 A C:\xampp\htdocs\projects\palmasettimiinc\wp-admin\network\freedoms.php <-- dev-palmasettimiinc /wp-admin/network freedoms.php
2017.08.24 17:27 A C:\xampp\htdocs\projects\palmasettimiinc\wp-admin\network\index.php <-- dev-palmasettimiinc /wp-admin/network index.php
2017.08.24 17:27 A C:\xampp\htdocs\projects\palmasettimiinc\wp-admin\network\menu.php <-- dev-palmasettimiinc /wp-admin/network menu.php
2017.08.24 17:27 A C:\xampp\htdocs\projects\palmasettimiinc\wp-admin\network\plugin-editor.php <-- dev-palmasettimiinc /wp-admin/network plugin-editor.php
2017.08.24 17:27 A C:\xampp\htdocs\projects\palmasettimiinc\wp-admin\network\plugin-install.php <-- dev-palmasettimiinc /wp-admin/network plugin-install.php
2017.08.24 17:27 A C:\xampp\htdocs\projects\palmasettimiinc\wp-admin\network\plugins.php <-- dev-palmasettimiinc /wp-admin/network plugins.php
2017.08.24 17:27 A C:\xampp\htdocs\projects\palmasettimiinc\wp-admin\network\profile.php <-- dev-palmasettimiinc /wp-admin/network profile.php
2017.08.24 17:27 A C:\xampp\htdocs\projects\palmasettimiinc\wp-admin\network\settings.php <-- dev-palmasettimiinc /wp-admin/network settings.php
2017.08.24 17:27 A C:\xampp\htdocs\projects\palmasettimiinc\wp-admin\network\setup.php <-- dev-palmasettimiinc /wp-admin/network setup.php
2017.08.24 17:27 A C:\xampp\htdocs\projects\palmasettimiinc\wp-admin\network\site-info.php <-- dev-palmasettimiinc /wp-admin/network site-info.php
2017.08.24 17:27 A C:\xampp\htdocs\projects\palmasettimiinc\wp-admin\network\site-new.php <-- dev-palmasettimiinc /wp-admin/network site-new.php
2017.08.24 17:27 A C:\xampp\htdocs\projects\palmasettimiinc\wp-admin\network\site-settings.php <-- dev-palmasettimiinc /wp-admin/network site-settings.php
2017.08.24 17:27 A C:\xampp\htdocs\projects\palmasettimiinc\wp-admin\network\site-themes.php <-- dev-palmasettimiinc /wp-admin/network site-themes.php
2017.08.24 17:27 A C:\xampp\htdocs\projects\palmasettimiinc\wp-admin\network\site-users.php <-- dev-palmasettimiinc /wp-admin/network site-users.php
2017.08.24 17:27 A C:\xampp\htdocs\projects\palmasettimiinc\wp-admin\network\sites.php <-- dev-palmasettimiinc /wp-admin/network sites.php
2017.08.24 17:27 A C:\xampp\htdocs\projects\palmasettimiinc\wp-admin\network\theme-editor.php <-- dev-palmasettimiinc /wp-admin/network theme-editor.php
2017.08.24 17:27 A C:\xampp\htdocs\projects\palmasettimiinc\wp-admin\network\theme-install.php <-- dev-palmasettimiinc /wp-admin/network theme-install.php
2017.08.24 17:27 A C:\xampp\htdocs\projects\palmasettimiinc\wp-admin\network\themes.php <-- dev-palmasettimiinc /wp-admin/network themes.php
2017.08.24 17:27 A C:\xampp\htdocs\projects\palmasettimiinc\wp-admin\network\update-core.php <-- dev-palmasettimiinc /wp-admin/network update-core.php
2017.08.24 17:27 A C:\xampp\htdocs\projects\palmasettimiinc\wp-admin\network\update.php <-- dev-palmasettimiinc /wp-admin/network update.php
2017.08.24 17:27 A C:\xampp\htdocs\projects\palmasettimiinc\wp-admin\network\upgrade.php <-- dev-palmasettimiinc /wp-admin/network upgrade.php
2017.08.24 17:27 A C:\xampp\htdocs\projects\palmasettimiinc\wp-admin\network\user-edit.php <-- dev-palmasettimiinc /wp-admin/network user-edit.php
2017.08.24 17:27 A C:\xampp\htdocs\projects\palmasettimiinc\wp-admin\network\user-new.php <-- dev-palmasettimiinc /wp-admin/network user-new.php
2017.08.24 17:27 A C:\xampp\htdocs\projects\palmasettimiinc\wp-admin\network\users.php <-- dev-palmasettimiinc /wp-admin/network users.php
