2017.08.24 17:48 B C:\xampp\htdocs\projects\palmasettimiinc\wp-includes\js\jquery\ui\accordion.min.js <-- dev-palmasettimiinc /wp-includes/js/jquery/ui accordion.min.js
2017.08.24 17:48 B C:\xampp\htdocs\projects\palmasettimiinc\wp-includes\js\jquery\ui\autocomplete.min.js <-- dev-palmasettimiinc /wp-includes/js/jquery/ui autocomplete.min.js
2017.08.24 17:48 B C:\xampp\htdocs\projects\palmasettimiinc\wp-includes\js\jquery\ui\button.min.js <-- dev-palmasettimiinc /wp-includes/js/jquery/ui button.min.js
2017.08.24 17:48 B C:\xampp\htdocs\projects\palmasettimiinc\wp-includes\js\jquery\ui\core.min.js <-- dev-palmasettimiinc /wp-includes/js/jquery/ui core.min.js
2017.08.24 17:48 B C:\xampp\htdocs\projects\palmasettimiinc\wp-includes\js\jquery\ui\datepicker.min.js <-- dev-palmasettimiinc /wp-includes/js/jquery/ui datepicker.min.js
2017.08.24 17:48 B C:\xampp\htdocs\projects\palmasettimiinc\wp-includes\js\jquery\ui\dialog.min.js <-- dev-palmasettimiinc /wp-includes/js/jquery/ui dialog.min.js
2017.08.24 17:48 B C:\xampp\htdocs\projects\palmasettimiinc\wp-includes\js\jquery\ui\draggable.min.js <-- dev-palmasettimiinc /wp-includes/js/jquery/ui draggable.min.js
2017.08.24 17:48 B C:\xampp\htdocs\projects\palmasettimiinc\wp-includes\js\jquery\ui\droppable.min.js <-- dev-palmasettimiinc /wp-includes/js/jquery/ui droppable.min.js
2017.08.24 17:48 B C:\xampp\htdocs\projects\palmasettimiinc\wp-includes\js\jquery\ui\effect-blind.min.js <-- dev-palmasettimiinc /wp-includes/js/jquery/ui effect-blind.min.js
2017.08.24 17:48 B C:\xampp\htdocs\projects\palmasettimiinc\wp-includes\js\jquery\ui\effect-bounce.min.js <-- dev-palmasettimiinc /wp-includes/js/jquery/ui effect-bounce.min.js
2017.08.24 17:48 B C:\xampp\htdocs\projects\palmasettimiinc\wp-includes\js\jquery\ui\effect-clip.min.js <-- dev-palmasettimiinc /wp-includes/js/jquery/ui effect-clip.min.js
2017.08.24 17:48 B C:\xampp\htdocs\projects\palmasettimiinc\wp-includes\js\jquery\ui\effect-drop.min.js <-- dev-palmasettimiinc /wp-includes/js/jquery/ui effect-drop.min.js
2017.08.24 17:48 B C:\xampp\htdocs\projects\palmasettimiinc\wp-includes\js\jquery\ui\effect-explode.min.js <-- dev-palmasettimiinc /wp-includes/js/jquery/ui effect-explode.min.js
2017.08.24 17:48 B C:\xampp\htdocs\projects\palmasettimiinc\wp-includes\js\jquery\ui\effect-fade.min.js <-- dev-palmasettimiinc /wp-includes/js/jquery/ui effect-fade.min.js
2017.08.24 17:48 B C:\xampp\htdocs\projects\palmasettimiinc\wp-includes\js\jquery\ui\effect-fold.min.js <-- dev-palmasettimiinc /wp-includes/js/jquery/ui effect-fold.min.js
2017.08.24 17:48 B C:\xampp\htdocs\projects\palmasettimiinc\wp-includes\js\jquery\ui\effect-highlight.min.js <-- dev-palmasettimiinc /wp-includes/js/jquery/ui effect-highlight.min.js
2017.08.24 17:48 B C:\xampp\htdocs\projects\palmasettimiinc\wp-includes\js\jquery\ui\effect-puff.min.js <-- dev-palmasettimiinc /wp-includes/js/jquery/ui effect-puff.min.js
2017.08.24 17:48 B C:\xampp\htdocs\projects\palmasettimiinc\wp-includes\js\jquery\ui\effect-pulsate.min.js <-- dev-palmasettimiinc /wp-includes/js/jquery/ui effect-pulsate.min.js
2017.08.24 17:48 B C:\xampp\htdocs\projects\palmasettimiinc\wp-includes\js\jquery\ui\effect-scale.min.js <-- dev-palmasettimiinc /wp-includes/js/jquery/ui effect-scale.min.js
2017.08.24 17:48 B C:\xampp\htdocs\projects\palmasettimiinc\wp-includes\js\jquery\ui\effect-shake.min.js <-- dev-palmasettimiinc /wp-includes/js/jquery/ui effect-shake.min.js
2017.08.24 17:48 B C:\xampp\htdocs\projects\palmasettimiinc\wp-includes\js\jquery\ui\effect-size.min.js <-- dev-palmasettimiinc /wp-includes/js/jquery/ui effect-size.min.js
2017.08.24 17:48 B C:\xampp\htdocs\projects\palmasettimiinc\wp-includes\js\jquery\ui\effect-slide.min.js <-- dev-palmasettimiinc /wp-includes/js/jquery/ui effect-slide.min.js
2017.08.24 17:48 B C:\xampp\htdocs\projects\palmasettimiinc\wp-includes\js\jquery\ui\effect-transfer.min.js <-- dev-palmasettimiinc /wp-includes/js/jquery/ui effect-transfer.min.js
2017.08.24 17:48 B C:\xampp\htdocs\projects\palmasettimiinc\wp-includes\js\jquery\ui\effect.min.js <-- dev-palmasettimiinc /wp-includes/js/jquery/ui effect.min.js
2017.08.24 17:48 B C:\xampp\htdocs\projects\palmasettimiinc\wp-includes\js\jquery\ui\menu.min.js <-- dev-palmasettimiinc /wp-includes/js/jquery/ui menu.min.js
2017.08.24 17:48 B C:\xampp\htdocs\projects\palmasettimiinc\wp-includes\js\jquery\ui\mouse.min.js <-- dev-palmasettimiinc /wp-includes/js/jquery/ui mouse.min.js
2017.08.24 17:48 B C:\xampp\htdocs\projects\palmasettimiinc\wp-includes\js\jquery\ui\position.min.js <-- dev-palmasettimiinc /wp-includes/js/jquery/ui position.min.js
2017.08.24 17:48 B C:\xampp\htdocs\projects\palmasettimiinc\wp-includes\js\jquery\ui\progressbar.min.js <-- dev-palmasettimiinc /wp-includes/js/jquery/ui progressbar.min.js
2017.08.24 17:48 B C:\xampp\htdocs\projects\palmasettimiinc\wp-includes\js\jquery\ui\resizable.min.js <-- dev-palmasettimiinc /wp-includes/js/jquery/ui resizable.min.js
2017.08.24 17:48 B C:\xampp\htdocs\projects\palmasettimiinc\wp-includes\js\jquery\ui\selectable.min.js <-- dev-palmasettimiinc /wp-includes/js/jquery/ui selectable.min.js
2017.08.24 17:48 B C:\xampp\htdocs\projects\palmasettimiinc\wp-includes\js\jquery\ui\selectmenu.min.js <-- dev-palmasettimiinc /wp-includes/js/jquery/ui selectmenu.min.js
2017.08.24 17:48 B C:\xampp\htdocs\projects\palmasettimiinc\wp-includes\js\jquery\ui\slider.min.js <-- dev-palmasettimiinc /wp-includes/js/jquery/ui slider.min.js
2017.08.24 17:48 B C:\xampp\htdocs\projects\palmasettimiinc\wp-includes\js\jquery\ui\sortable.min.js <-- dev-palmasettimiinc /wp-includes/js/jquery/ui sortable.min.js
2017.08.24 17:48 B C:\xampp\htdocs\projects\palmasettimiinc\wp-includes\js\jquery\ui\spinner.min.js <-- dev-palmasettimiinc /wp-includes/js/jquery/ui spinner.min.js
2017.08.24 17:48 B C:\xampp\htdocs\projects\palmasettimiinc\wp-includes\js\jquery\ui\tabs.min.js <-- dev-palmasettimiinc /wp-includes/js/jquery/ui tabs.min.js
2017.08.24 17:48 B C:\xampp\htdocs\projects\palmasettimiinc\wp-includes\js\jquery\ui\tooltip.min.js <-- dev-palmasettimiinc /wp-includes/js/jquery/ui tooltip.min.js
2017.08.24 17:48 B C:\xampp\htdocs\projects\palmasettimiinc\wp-includes\js\jquery\ui\widget.min.js <-- dev-palmasettimiinc /wp-includes/js/jquery/ui widget.min.js
