2017.08.24 17:40 A C:\xampp\htdocs\projects\palmasettimiinc\wp-content\plugins\jetpack\sync\class.jetpack-sync-actions.php <-- dev-palmasettimiinc /wp-content/plugins/jetpack/sync class.jetpack-sync-actions.php
2017.08.24 17:40 A C:\xampp\htdocs\projects\palmasettimiinc\wp-content\plugins\jetpack\sync\class.jetpack-sync-defaults.php <-- dev-palmasettimiinc /wp-content/plugins/jetpack/sync class.jetpack-sync-defaults.php
2017.08.24 17:40 A C:\xampp\htdocs\projects\palmasettimiinc\wp-content\plugins\jetpack\sync\class.jetpack-sync-functions.php <-- dev-palmasettimiinc /wp-content/plugins/jetpack/sync class.jetpack-sync-functions.php
2017.08.24 17:40 A C:\xampp\htdocs\projects\palmasettimiinc\wp-content\plugins\jetpack\sync\class.jetpack-sync-json-deflate-array-codec.php <-- dev-palmasettimiinc /wp-content/plugins/jetpack/sync class.jetpack-sync-json-deflate-array-codec.php
2017.08.24 17:40 A C:\xampp\htdocs\projects\palmasettimiinc\wp-content\plugins\jetpack\sync\class.jetpack-sync-listener.php <-- dev-palmasettimiinc /wp-content/plugins/jetpack/sync class.jetpack-sync-listener.php
2017.08.24 17:40 A C:\xampp\htdocs\projects\palmasettimiinc\wp-content\plugins\jetpack\sync\class.jetpack-sync-module-attachments.php <-- dev-palmasettimiinc /wp-content/plugins/jetpack/sync class.jetpack-sync-module-attachments.php
2017.08.24 17:40 A C:\xampp\htdocs\projects\palmasettimiinc\wp-content\plugins\jetpack\sync\class.jetpack-sync-module-callables.php <-- dev-palmasettimiinc /wp-content/plugins/jetpack/sync class.jetpack-sync-module-callables.php
2017.08.24 17:40 A C:\xampp\htdocs\projects\palmasettimiinc\wp-content\plugins\jetpack\sync\class.jetpack-sync-module-comments.php <-- dev-palmasettimiinc /wp-content/plugins/jetpack/sync class.jetpack-sync-module-comments.php
2017.08.24 17:40 A C:\xampp\htdocs\projects\palmasettimiinc\wp-content\plugins\jetpack\sync\class.jetpack-sync-module-constants.php <-- dev-palmasettimiinc /wp-content/plugins/jetpack/sync class.jetpack-sync-module-constants.php
2017.08.24 17:40 A C:\xampp\htdocs\projects\palmasettimiinc\wp-content\plugins\jetpack\sync\class.jetpack-sync-module-full-sync.php <-- dev-palmasettimiinc /wp-content/plugins/jetpack/sync class.jetpack-sync-module-full-sync.php
2017.08.24 17:40 A C:\xampp\htdocs\projects\palmasettimiinc\wp-content\plugins\jetpack\sync\class.jetpack-sync-module-menus.php <-- dev-palmasettimiinc /wp-content/plugins/jetpack/sync class.jetpack-sync-module-menus.php
2017.08.24 17:40 A C:\xampp\htdocs\projects\palmasettimiinc\wp-content\plugins\jetpack\sync\class.jetpack-sync-module-meta.php <-- dev-palmasettimiinc /wp-content/plugins/jetpack/sync class.jetpack-sync-module-meta.php
2017.08.24 17:40 A C:\xampp\htdocs\projects\palmasettimiinc\wp-content\plugins\jetpack\sync\class.jetpack-sync-module-network-options.php <-- dev-palmasettimiinc /wp-content/plugins/jetpack/sync class.jetpack-sync-module-network-options.php
2017.08.24 17:40 A C:\xampp\htdocs\projects\palmasettimiinc\wp-content\plugins\jetpack\sync\class.jetpack-sync-module-options.php <-- dev-palmasettimiinc /wp-content/plugins/jetpack/sync class.jetpack-sync-module-options.php
2017.08.24 17:40 A C:\xampp\htdocs\projects\palmasettimiinc\wp-content\plugins\jetpack\sync\class.jetpack-sync-module-plugins.php <-- dev-palmasettimiinc /wp-content/plugins/jetpack/sync class.jetpack-sync-module-plugins.php
2017.08.24 17:40 A C:\xampp\htdocs\projects\palmasettimiinc\wp-content\plugins\jetpack\sync\class.jetpack-sync-module-posts.php <-- dev-palmasettimiinc /wp-content/plugins/jetpack/sync class.jetpack-sync-module-posts.php
2017.08.24 17:40 A C:\xampp\htdocs\projects\palmasettimiinc\wp-content\plugins\jetpack\sync\class.jetpack-sync-module-protect.php <-- dev-palmasettimiinc /wp-content/plugins/jetpack/sync class.jetpack-sync-module-protect.php
2017.08.24 17:40 A C:\xampp\htdocs\projects\palmasettimiinc\wp-content\plugins\jetpack\sync\class.jetpack-sync-module-stats.php <-- dev-palmasettimiinc /wp-content/plugins/jetpack/sync class.jetpack-sync-module-stats.php
2017.08.24 17:40 A C:\xampp\htdocs\projects\palmasettimiinc\wp-content\plugins\jetpack\sync\class.jetpack-sync-module-terms.php <-- dev-palmasettimiinc /wp-content/plugins/jetpack/sync class.jetpack-sync-module-terms.php
2017.08.24 17:40 A C:\xampp\htdocs\projects\palmasettimiinc\wp-content\plugins\jetpack\sync\class.jetpack-sync-module-themes.php <-- dev-palmasettimiinc /wp-content/plugins/jetpack/sync class.jetpack-sync-module-themes.php
2017.08.24 17:40 A C:\xampp\htdocs\projects\palmasettimiinc\wp-content\plugins\jetpack\sync\class.jetpack-sync-module-updates.php <-- dev-palmasettimiinc /wp-content/plugins/jetpack/sync class.jetpack-sync-module-updates.php
2017.08.24 17:40 A C:\xampp\htdocs\projects\palmasettimiinc\wp-content\plugins\jetpack\sync\class.jetpack-sync-module-users.php <-- dev-palmasettimiinc /wp-content/plugins/jetpack/sync class.jetpack-sync-module-users.php
2017.08.24 17:40 A C:\xampp\htdocs\projects\palmasettimiinc\wp-content\plugins\jetpack\sync\class.jetpack-sync-module-woocommerce.php <-- dev-palmasettimiinc /wp-content/plugins/jetpack/sync class.jetpack-sync-module-woocommerce.php
2017.08.24 17:40 A C:\xampp\htdocs\projects\palmasettimiinc\wp-content\plugins\jetpack\sync\class.jetpack-sync-module-wp-super-cache.php <-- dev-palmasettimiinc /wp-content/plugins/jetpack/sync class.jetpack-sync-module-wp-super-cache.php
2017.08.24 17:40 A C:\xampp\htdocs\projects\palmasettimiinc\wp-content\plugins\jetpack\sync\class.jetpack-sync-module.php <-- dev-palmasettimiinc /wp-content/plugins/jetpack/sync class.jetpack-sync-module.php
2017.08.24 17:40 A C:\xampp\htdocs\projects\palmasettimiinc\wp-content\plugins\jetpack\sync\class.jetpack-sync-modules.php <-- dev-palmasettimiinc /wp-content/plugins/jetpack/sync class.jetpack-sync-modules.php
2017.08.24 17:40 A C:\xampp\htdocs\projects\palmasettimiinc\wp-content\plugins\jetpack\sync\class.jetpack-sync-queue.php <-- dev-palmasettimiinc /wp-content/plugins/jetpack/sync class.jetpack-sync-queue.php
2017.08.24 17:40 A C:\xampp\htdocs\projects\palmasettimiinc\wp-content\plugins\jetpack\sync\class.jetpack-sync-sender.php <-- dev-palmasettimiinc /wp-content/plugins/jetpack/sync class.jetpack-sync-sender.php
2017.08.24 17:40 A C:\xampp\htdocs\projects\palmasettimiinc\wp-content\plugins\jetpack\sync\class.jetpack-sync-server.php <-- dev-palmasettimiinc /wp-content/plugins/jetpack/sync class.jetpack-sync-server.php
2017.08.24 17:40 A C:\xampp\htdocs\projects\palmasettimiinc\wp-content\plugins\jetpack\sync\class.jetpack-sync-settings.php <-- dev-palmasettimiinc /wp-content/plugins/jetpack/sync class.jetpack-sync-settings.php
2017.08.24 17:40 A C:\xampp\htdocs\projects\palmasettimiinc\wp-content\plugins\jetpack\sync\class.jetpack-sync-users.php <-- dev-palmasettimiinc /wp-content/plugins/jetpack/sync class.jetpack-sync-users.php
2017.08.24 17:40 A C:\xampp\htdocs\projects\palmasettimiinc\wp-content\plugins\jetpack\sync\class.jetpack-sync-wp-replicastore.php <-- dev-palmasettimiinc /wp-content/plugins/jetpack/sync class.jetpack-sync-wp-replicastore.php
2017.08.24 17:40 A C:\xampp\htdocs\projects\palmasettimiinc\wp-content\plugins\jetpack\sync\interface.jetpack-sync-codec.php <-- dev-palmasettimiinc /wp-content/plugins/jetpack/sync interface.jetpack-sync-codec.php
2017.08.24 17:40 A C:\xampp\htdocs\projects\palmasettimiinc\wp-content\plugins\jetpack\sync\interface.jetpack-sync-replicastore.php <-- dev-palmasettimiinc /wp-content/plugins/jetpack/sync interface.jetpack-sync-replicastore.php
