2017.08.24 17:25 A C:\xampp\htdocs\projects\palmasettimiinc\wp-admin\includes\admin-filters.php <-- dev-palmasettimiinc /wp-admin/includes admin-filters.php
2017.08.24 17:25 A C:\xampp\htdocs\projects\palmasettimiinc\wp-admin\includes\admin.php <-- dev-palmasettimiinc /wp-admin/includes admin.php
2017.08.24 17:26 A C:\xampp\htdocs\projects\palmasettimiinc\wp-admin\includes\ajax-actions.php <-- dev-palmasettimiinc /wp-admin/includes ajax-actions.php
2017.08.24 17:26 A C:\xampp\htdocs\projects\palmasettimiinc\wp-admin\includes\bookmark.php <-- dev-palmasettimiinc /wp-admin/includes bookmark.php
2017.08.24 17:26 A C:\xampp\htdocs\projects\palmasettimiinc\wp-admin\includes\class-automatic-upgrader-skin.php <-- dev-palmasettimiinc /wp-admin/includes class-automatic-upgrader-skin.php
2017.08.24 17:26 A C:\xampp\htdocs\projects\palmasettimiinc\wp-admin\includes\class-bulk-plugin-upgrader-skin.php <-- dev-palmasettimiinc /wp-admin/includes class-bulk-plugin-upgrader-skin.php
2017.08.24 17:26 A C:\xampp\htdocs\projects\palmasettimiinc\wp-admin\includes\class-bulk-theme-upgrader-skin.php <-- dev-palmasettimiinc /wp-admin/includes class-bulk-theme-upgrader-skin.php
2017.08.24 17:26 A C:\xampp\htdocs\projects\palmasettimiinc\wp-admin\includes\class-bulk-upgrader-skin.php <-- dev-palmasettimiinc /wp-admin/includes class-bulk-upgrader-skin.php
2017.08.24 17:26 A C:\xampp\htdocs\projects\palmasettimiinc\wp-admin\includes\class-core-upgrader.php <-- dev-palmasettimiinc /wp-admin/includes class-core-upgrader.php
2017.08.24 17:26 A C:\xampp\htdocs\projects\palmasettimiinc\wp-admin\includes\class-file-upload-upgrader.php <-- dev-palmasettimiinc /wp-admin/includes class-file-upload-upgrader.php
2017.08.24 17:26 A C:\xampp\htdocs\projects\palmasettimiinc\wp-admin\includes\class-ftp-pure.php <-- dev-palmasettimiinc /wp-admin/includes class-ftp-pure.php
2017.08.24 17:26 A C:\xampp\htdocs\projects\palmasettimiinc\wp-admin\includes\class-ftp-sockets.php <-- dev-palmasettimiinc /wp-admin/includes class-ftp-sockets.php
2017.08.24 17:26 A C:\xampp\htdocs\projects\palmasettimiinc\wp-admin\includes\class-ftp.php <-- dev-palmasettimiinc /wp-admin/includes class-ftp.php
2017.08.24 17:26 A C:\xampp\htdocs\projects\palmasettimiinc\wp-admin\includes\class-language-pack-upgrader-skin.php <-- dev-palmasettimiinc /wp-admin/includes class-language-pack-upgrader-skin.php
2017.08.24 17:26 A C:\xampp\htdocs\projects\palmasettimiinc\wp-admin\includes\class-language-pack-upgrader.php <-- dev-palmasettimiinc /wp-admin/includes class-language-pack-upgrader.php
2017.08.24 17:26 A C:\xampp\htdocs\projects\palmasettimiinc\wp-admin\includes\class-pclzip.php <-- dev-palmasettimiinc /wp-admin/includes class-pclzip.php
2017.08.24 17:26 A C:\xampp\htdocs\projects\palmasettimiinc\wp-admin\includes\class-plugin-installer-skin.php <-- dev-palmasettimiinc /wp-admin/includes class-plugin-installer-skin.php
2017.08.24 17:26 A C:\xampp\htdocs\projects\palmasettimiinc\wp-admin\includes\class-plugin-upgrader-skin.php <-- dev-palmasettimiinc /wp-admin/includes class-plugin-upgrader-skin.php
2017.08.24 17:26 A C:\xampp\htdocs\projects\palmasettimiinc\wp-admin\includes\class-plugin-upgrader.php <-- dev-palmasettimiinc /wp-admin/includes class-plugin-upgrader.php
2017.08.24 17:26 A C:\xampp\htdocs\projects\palmasettimiinc\wp-admin\includes\class-theme-installer-skin.php <-- dev-palmasettimiinc /wp-admin/includes class-theme-installer-skin.php
2017.08.24 17:26 A C:\xampp\htdocs\projects\palmasettimiinc\wp-admin\includes\class-theme-upgrader-skin.php <-- dev-palmasettimiinc /wp-admin/includes class-theme-upgrader-skin.php
2017.08.24 17:26 A C:\xampp\htdocs\projects\palmasettimiinc\wp-admin\includes\class-theme-upgrader.php <-- dev-palmasettimiinc /wp-admin/includes class-theme-upgrader.php
2017.08.24 17:26 A C:\xampp\htdocs\projects\palmasettimiinc\wp-admin\includes\class-walker-category-checklist.php <-- dev-palmasettimiinc /wp-admin/includes class-walker-category-checklist.php
2017.08.24 17:26 A C:\xampp\htdocs\projects\palmasettimiinc\wp-admin\includes\class-walker-nav-menu-checklist.php <-- dev-palmasettimiinc /wp-admin/includes class-walker-nav-menu-checklist.php
2017.08.24 17:26 A C:\xampp\htdocs\projects\palmasettimiinc\wp-admin\includes\class-walker-nav-menu-edit.php <-- dev-palmasettimiinc /wp-admin/includes class-walker-nav-menu-edit.php
2017.08.24 17:26 A C:\xampp\htdocs\projects\palmasettimiinc\wp-admin\includes\class-wp-ajax-upgrader-skin.php <-- dev-palmasettimiinc /wp-admin/includes class-wp-ajax-upgrader-skin.php
2017.08.24 17:26 A C:\xampp\htdocs\projects\palmasettimiinc\wp-admin\includes\class-wp-automatic-updater.php <-- dev-palmasettimiinc /wp-admin/includes class-wp-automatic-updater.php
2017.08.24 17:26 A C:\xampp\htdocs\projects\palmasettimiinc\wp-admin\includes\class-wp-comments-list-table.php <-- dev-palmasettimiinc /wp-admin/includes class-wp-comments-list-table.php
2017.08.24 17:26 A C:\xampp\htdocs\projects\palmasettimiinc\wp-admin\includes\class-wp-community-events.php <-- dev-palmasettimiinc /wp-admin/includes class-wp-community-events.php
2017.08.24 17:26 A C:\xampp\htdocs\projects\palmasettimiinc\wp-admin\includes\class-wp-filesystem-base.php <-- dev-palmasettimiinc /wp-admin/includes class-wp-filesystem-base.php
2017.08.24 17:26 A C:\xampp\htdocs\projects\palmasettimiinc\wp-admin\includes\class-wp-filesystem-direct.php <-- dev-palmasettimiinc /wp-admin/includes class-wp-filesystem-direct.php
2017.08.24 17:26 A C:\xampp\htdocs\projects\palmasettimiinc\wp-admin\includes\class-wp-filesystem-ftpext.php <-- dev-palmasettimiinc /wp-admin/includes class-wp-filesystem-ftpext.php
2017.08.24 17:26 A C:\xampp\htdocs\projects\palmasettimiinc\wp-admin\includes\class-wp-filesystem-ftpsockets.php <-- dev-palmasettimiinc /wp-admin/includes class-wp-filesystem-ftpsockets.php
2017.08.24 17:26 A C:\xampp\htdocs\projects\palmasettimiinc\wp-admin\includes\class-wp-filesystem-ssh2.php <-- dev-palmasettimiinc /wp-admin/includes class-wp-filesystem-ssh2.php
2017.08.24 17:26 A C:\xampp\htdocs\projects\palmasettimiinc\wp-admin\includes\class-wp-importer.php <-- dev-palmasettimiinc /wp-admin/includes class-wp-importer.php
2017.08.24 17:26 A C:\xampp\htdocs\projects\palmasettimiinc\wp-admin\includes\class-wp-internal-pointers.php <-- dev-palmasettimiinc /wp-admin/includes class-wp-internal-pointers.php
2017.08.24 17:26 A C:\xampp\htdocs\projects\palmasettimiinc\wp-admin\includes\class-wp-links-list-table.php <-- dev-palmasettimiinc /wp-admin/includes class-wp-links-list-table.php
2017.08.24 17:26 A C:\xampp\htdocs\projects\palmasettimiinc\wp-admin\includes\class-wp-list-table-compat.php <-- dev-palmasettimiinc /wp-admin/includes class-wp-list-table-compat.php
2017.08.24 17:26 A C:\xampp\htdocs\projects\palmasettimiinc\wp-admin\includes\class-wp-list-table.php <-- dev-palmasettimiinc /wp-admin/includes class-wp-list-table.php
2017.08.24 17:26 A C:\xampp\htdocs\projects\palmasettimiinc\wp-admin\includes\class-wp-media-list-table.php <-- dev-palmasettimiinc /wp-admin/includes class-wp-media-list-table.php
2017.08.24 17:26 A C:\xampp\htdocs\projects\palmasettimiinc\wp-admin\includes\class-wp-ms-sites-list-table.php <-- dev-palmasettimiinc /wp-admin/includes class-wp-ms-sites-list-table.php
2017.08.24 17:26 A C:\xampp\htdocs\projects\palmasettimiinc\wp-admin\includes\class-wp-ms-themes-list-table.php <-- dev-palmasettimiinc /wp-admin/includes class-wp-ms-themes-list-table.php
2017.08.24 17:26 A C:\xampp\htdocs\projects\palmasettimiinc\wp-admin\includes\class-wp-ms-users-list-table.php <-- dev-palmasettimiinc /wp-admin/includes class-wp-ms-users-list-table.php
2017.08.24 17:26 A C:\xampp\htdocs\projects\palmasettimiinc\wp-admin\includes\class-wp-plugin-install-list-table.php <-- dev-palmasettimiinc /wp-admin/includes class-wp-plugin-install-list-table.php
2017.08.24 17:26 A C:\xampp\htdocs\projects\palmasettimiinc\wp-admin\includes\class-wp-plugins-list-table.php <-- dev-palmasettimiinc /wp-admin/includes class-wp-plugins-list-table.php
2017.08.24 17:26 A C:\xampp\htdocs\projects\palmasettimiinc\wp-admin\includes\class-wp-post-comments-list-table.php <-- dev-palmasettimiinc /wp-admin/includes class-wp-post-comments-list-table.php
2017.08.24 17:26 A C:\xampp\htdocs\projects\palmasettimiinc\wp-admin\includes\class-wp-posts-list-table.php <-- dev-palmasettimiinc /wp-admin/includes class-wp-posts-list-table.php
2017.08.24 17:26 A C:\xampp\htdocs\projects\palmasettimiinc\wp-admin\includes\class-wp-press-this.php <-- dev-palmasettimiinc /wp-admin/includes class-wp-press-this.php
2017.08.24 17:26 A C:\xampp\htdocs\projects\palmasettimiinc\wp-admin\includes\class-wp-screen.php <-- dev-palmasettimiinc /wp-admin/includes class-wp-screen.php
2017.08.24 17:26 A C:\xampp\htdocs\projects\palmasettimiinc\wp-admin\includes\class-wp-site-icon.php <-- dev-palmasettimiinc /wp-admin/includes class-wp-site-icon.php
2017.08.24 17:26 A C:\xampp\htdocs\projects\palmasettimiinc\wp-admin\includes\class-wp-terms-list-table.php <-- dev-palmasettimiinc /wp-admin/includes class-wp-terms-list-table.php
2017.08.24 17:26 A C:\xampp\htdocs\projects\palmasettimiinc\wp-admin\includes\class-wp-theme-install-list-table.php <-- dev-palmasettimiinc /wp-admin/includes class-wp-theme-install-list-table.php
2017.08.24 17:26 A C:\xampp\htdocs\projects\palmasettimiinc\wp-admin\includes\class-wp-themes-list-table.php <-- dev-palmasettimiinc /wp-admin/includes class-wp-themes-list-table.php
2017.08.24 17:26 A C:\xampp\htdocs\projects\palmasettimiinc\wp-admin\includes\class-wp-upgrader-skin.php <-- dev-palmasettimiinc /wp-admin/includes class-wp-upgrader-skin.php
2017.08.24 17:26 A C:\xampp\htdocs\projects\palmasettimiinc\wp-admin\includes\class-wp-upgrader-skins.php <-- dev-palmasettimiinc /wp-admin/includes class-wp-upgrader-skins.php
2017.08.24 17:26 A C:\xampp\htdocs\projects\palmasettimiinc\wp-admin\includes\class-wp-upgrader.php <-- dev-palmasettimiinc /wp-admin/includes class-wp-upgrader.php
2017.08.24 17:26 A C:\xampp\htdocs\projects\palmasettimiinc\wp-admin\includes\class-wp-users-list-table.php <-- dev-palmasettimiinc /wp-admin/includes class-wp-users-list-table.php
2017.08.24 17:26 A C:\xampp\htdocs\projects\palmasettimiinc\wp-admin\includes\comment.php <-- dev-palmasettimiinc /wp-admin/includes comment.php
2017.08.24 17:26 A C:\xampp\htdocs\projects\palmasettimiinc\wp-admin\includes\continents-cities.php <-- dev-palmasettimiinc /wp-admin/includes continents-cities.php
2017.08.24 17:26 A C:\xampp\htdocs\projects\palmasettimiinc\wp-admin\includes\credits.php <-- dev-palmasettimiinc /wp-admin/includes credits.php
2017.08.24 17:26 A C:\xampp\htdocs\projects\palmasettimiinc\wp-admin\includes\dashboard.php <-- dev-palmasettimiinc /wp-admin/includes dashboard.php
2017.08.24 17:26 A C:\xampp\htdocs\projects\palmasettimiinc\wp-admin\includes\deprecated.php <-- dev-palmasettimiinc /wp-admin/includes deprecated.php
2017.08.24 17:26 A C:\xampp\htdocs\projects\palmasettimiinc\wp-admin\includes\edit-tag-messages.php <-- dev-palmasettimiinc /wp-admin/includes edit-tag-messages.php
2017.08.24 17:26 A C:\xampp\htdocs\projects\palmasettimiinc\wp-admin\includes\export.php <-- dev-palmasettimiinc /wp-admin/includes export.php
2017.08.24 17:26 A C:\xampp\htdocs\projects\palmasettimiinc\wp-admin\includes\file.php <-- dev-palmasettimiinc /wp-admin/includes file.php
2017.08.24 17:26 A C:\xampp\htdocs\projects\palmasettimiinc\wp-admin\includes\image-edit.php <-- dev-palmasettimiinc /wp-admin/includes image-edit.php
2017.08.24 17:26 A C:\xampp\htdocs\projects\palmasettimiinc\wp-admin\includes\image.php <-- dev-palmasettimiinc /wp-admin/includes image.php
2017.08.24 17:26 A C:\xampp\htdocs\projects\palmasettimiinc\wp-admin\includes\import.php <-- dev-palmasettimiinc /wp-admin/includes import.php
2017.08.24 17:26 A C:\xampp\htdocs\projects\palmasettimiinc\wp-admin\includes\list-table.php <-- dev-palmasettimiinc /wp-admin/includes list-table.php
2017.08.24 17:26 A C:\xampp\htdocs\projects\palmasettimiinc\wp-admin\includes\media.php <-- dev-palmasettimiinc /wp-admin/includes media.php
2017.08.24 17:26 A C:\xampp\htdocs\projects\palmasettimiinc\wp-admin\includes\menu.php <-- dev-palmasettimiinc /wp-admin/includes menu.php
2017.08.24 17:26 A C:\xampp\htdocs\projects\palmasettimiinc\wp-admin\includes\meta-boxes.php <-- dev-palmasettimiinc /wp-admin/includes meta-boxes.php
2017.08.24 17:26 A C:\xampp\htdocs\projects\palmasettimiinc\wp-admin\includes\misc.php <-- dev-palmasettimiinc /wp-admin/includes misc.php
2017.08.24 17:26 A C:\xampp\htdocs\projects\palmasettimiinc\wp-admin\includes\ms-admin-filters.php <-- dev-palmasettimiinc /wp-admin/includes ms-admin-filters.php
2017.08.24 17:26 A C:\xampp\htdocs\projects\palmasettimiinc\wp-admin\includes\ms-deprecated.php <-- dev-palmasettimiinc /wp-admin/includes ms-deprecated.php
2017.08.24 17:26 A C:\xampp\htdocs\projects\palmasettimiinc\wp-admin\includes\ms.php <-- dev-palmasettimiinc /wp-admin/includes ms.php
2017.08.24 17:26 A C:\xampp\htdocs\projects\palmasettimiinc\wp-admin\includes\nav-menu.php <-- dev-palmasettimiinc /wp-admin/includes nav-menu.php
2017.08.24 17:26 A C:\xampp\htdocs\projects\palmasettimiinc\wp-admin\includes\network.php <-- dev-palmasettimiinc /wp-admin/includes network.php
2017.08.24 17:26 A C:\xampp\htdocs\projects\palmasettimiinc\wp-admin\includes\noop.php <-- dev-palmasettimiinc /wp-admin/includes noop.php
2017.08.24 17:26 A C:\xampp\htdocs\projects\palmasettimiinc\wp-admin\includes\options.php <-- dev-palmasettimiinc /wp-admin/includes options.php
2017.08.24 17:26 A C:\xampp\htdocs\projects\palmasettimiinc\wp-admin\includes\plugin-install.php <-- dev-palmasettimiinc /wp-admin/includes plugin-install.php
2017.08.24 17:26 A C:\xampp\htdocs\projects\palmasettimiinc\wp-admin\includes\plugin.php <-- dev-palmasettimiinc /wp-admin/includes plugin.php
2017.08.24 17:26 A C:\xampp\htdocs\projects\palmasettimiinc\wp-admin\includes\post.php <-- dev-palmasettimiinc /wp-admin/includes post.php
2017.08.24 17:26 A C:\xampp\htdocs\projects\palmasettimiinc\wp-admin\includes\revision.php <-- dev-palmasettimiinc /wp-admin/includes revision.php
2017.08.24 17:26 A C:\xampp\htdocs\projects\palmasettimiinc\wp-admin\includes\schema.php <-- dev-palmasettimiinc /wp-admin/includes schema.php
2017.08.24 17:26 A C:\xampp\htdocs\projects\palmasettimiinc\wp-admin\includes\screen.php <-- dev-palmasettimiinc /wp-admin/includes screen.php
2017.08.24 17:26 A C:\xampp\htdocs\projects\palmasettimiinc\wp-admin\includes\taxonomy.php <-- dev-palmasettimiinc /wp-admin/includes taxonomy.php
2017.08.24 17:26 A C:\xampp\htdocs\projects\palmasettimiinc\wp-admin\includes\template.php <-- dev-palmasettimiinc /wp-admin/includes template.php
2017.08.24 17:26 A C:\xampp\htdocs\projects\palmasettimiinc\wp-admin\includes\theme-install.php <-- dev-palmasettimiinc /wp-admin/includes theme-install.php
2017.08.24 17:26 A C:\xampp\htdocs\projects\palmasettimiinc\wp-admin\includes\theme.php <-- dev-palmasettimiinc /wp-admin/includes theme.php
2017.08.24 17:26 A C:\xampp\htdocs\projects\palmasettimiinc\wp-admin\includes\translation-install.php <-- dev-palmasettimiinc /wp-admin/includes translation-install.php
2017.08.24 17:26 A C:\xampp\htdocs\projects\palmasettimiinc\wp-admin\includes\update-core.php <-- dev-palmasettimiinc /wp-admin/includes update-core.php
2017.08.24 17:26 A C:\xampp\htdocs\projects\palmasettimiinc\wp-admin\includes\update.php <-- dev-palmasettimiinc /wp-admin/includes update.php
2017.08.24 17:26 A C:\xampp\htdocs\projects\palmasettimiinc\wp-admin\includes\upgrade.php <-- dev-palmasettimiinc /wp-admin/includes upgrade.php
2017.08.24 17:26 A C:\xampp\htdocs\projects\palmasettimiinc\wp-admin\includes\user.php <-- dev-palmasettimiinc /wp-admin/includes user.php
2017.08.24 17:26 A C:\xampp\htdocs\projects\palmasettimiinc\wp-admin\includes\widgets.php <-- dev-palmasettimiinc /wp-admin/includes widgets.php
