2017.08.24 17:52 A C:\xampp\htdocs\projects\palmasettimiinc\wp-includes\admin-bar.php <-- dev-palmasettimiinc /wp-includes admin-bar.php
2017.08.24 17:52 A C:\xampp\htdocs\projects\palmasettimiinc\wp-includes\atomlib.php <-- dev-palmasettimiinc /wp-includes atomlib.php
2017.08.24 17:52 A C:\xampp\htdocs\projects\palmasettimiinc\wp-includes\author-template.php <-- dev-palmasettimiinc /wp-includes author-template.php
2017.08.24 17:52 A C:\xampp\htdocs\projects\palmasettimiinc\wp-includes\bookmark-template.php <-- dev-palmasettimiinc /wp-includes bookmark-template.php
2017.08.24 17:52 A C:\xampp\htdocs\projects\palmasettimiinc\wp-includes\bookmark.php <-- dev-palmasettimiinc /wp-includes bookmark.php
2017.08.24 17:52 A C:\xampp\htdocs\projects\palmasettimiinc\wp-includes\cache.php <-- dev-palmasettimiinc /wp-includes cache.php
2017.08.24 17:52 A C:\xampp\htdocs\projects\palmasettimiinc\wp-includes\canonical.php <-- dev-palmasettimiinc /wp-includes canonical.php
2017.08.24 17:52 A C:\xampp\htdocs\projects\palmasettimiinc\wp-includes\capabilities.php <-- dev-palmasettimiinc /wp-includes capabilities.php
2017.08.24 17:52 A C:\xampp\htdocs\projects\palmasettimiinc\wp-includes\category-template.php <-- dev-palmasettimiinc /wp-includes category-template.php
2017.08.24 17:52 A C:\xampp\htdocs\projects\palmasettimiinc\wp-includes\category.php <-- dev-palmasettimiinc /wp-includes category.php
2017.08.24 17:52 A C:\xampp\htdocs\projects\palmasettimiinc\wp-includes\class-feed.php <-- dev-palmasettimiinc /wp-includes class-feed.php
2017.08.24 17:52 A C:\xampp\htdocs\projects\palmasettimiinc\wp-includes\class-http.php <-- dev-palmasettimiinc /wp-includes class-http.php
2017.08.24 17:52 A C:\xampp\htdocs\projects\palmasettimiinc\wp-includes\class-IXR.php <-- dev-palmasettimiinc /wp-includes class-IXR.php
2017.08.24 17:52 A C:\xampp\htdocs\projects\palmasettimiinc\wp-includes\class-json.php <-- dev-palmasettimiinc /wp-includes class-json.php
2017.08.24 17:52 A C:\xampp\htdocs\projects\palmasettimiinc\wp-includes\class-oembed.php <-- dev-palmasettimiinc /wp-includes class-oembed.php
2017.08.24 17:52 A C:\xampp\htdocs\projects\palmasettimiinc\wp-includes\class-phpass.php <-- dev-palmasettimiinc /wp-includes class-phpass.php
2017.08.24 17:52 A C:\xampp\htdocs\projects\palmasettimiinc\wp-includes\class-phpmailer.php <-- dev-palmasettimiinc /wp-includes class-phpmailer.php
2017.08.24 17:52 A C:\xampp\htdocs\projects\palmasettimiinc\wp-includes\class-pop3.php <-- dev-palmasettimiinc /wp-includes class-pop3.php
2017.08.24 17:52 A C:\xampp\htdocs\projects\palmasettimiinc\wp-includes\class-requests.php <-- dev-palmasettimiinc /wp-includes class-requests.php
2017.08.24 17:52 A C:\xampp\htdocs\projects\palmasettimiinc\wp-includes\class-simplepie.php <-- dev-palmasettimiinc /wp-includes class-simplepie.php
2017.08.24 17:52 A C:\xampp\htdocs\projects\palmasettimiinc\wp-includes\class-smtp.php <-- dev-palmasettimiinc /wp-includes class-smtp.php
2017.08.24 17:52 A C:\xampp\htdocs\projects\palmasettimiinc\wp-includes\class-snoopy.php <-- dev-palmasettimiinc /wp-includes class-snoopy.php
2017.08.24 17:52 A C:\xampp\htdocs\projects\palmasettimiinc\wp-includes\class-walker-category-dropdown.php <-- dev-palmasettimiinc /wp-includes class-walker-category-dropdown.php
2017.08.24 17:52 A C:\xampp\htdocs\projects\palmasettimiinc\wp-includes\class-walker-category.php <-- dev-palmasettimiinc /wp-includes class-walker-category.php
2017.08.24 17:52 A C:\xampp\htdocs\projects\palmasettimiinc\wp-includes\class-walker-comment.php <-- dev-palmasettimiinc /wp-includes class-walker-comment.php
2017.08.24 17:52 A C:\xampp\htdocs\projects\palmasettimiinc\wp-includes\class-walker-nav-menu.php <-- dev-palmasettimiinc /wp-includes class-walker-nav-menu.php
2017.08.24 17:52 A C:\xampp\htdocs\projects\palmasettimiinc\wp-includes\class-walker-page-dropdown.php <-- dev-palmasettimiinc /wp-includes class-walker-page-dropdown.php
2017.08.24 17:52 A C:\xampp\htdocs\projects\palmasettimiinc\wp-includes\class-walker-page.php <-- dev-palmasettimiinc /wp-includes class-walker-page.php
2017.08.24 17:52 A C:\xampp\htdocs\projects\palmasettimiinc\wp-includes\class-wp-admin-bar.php <-- dev-palmasettimiinc /wp-includes class-wp-admin-bar.php
2017.08.24 17:52 A C:\xampp\htdocs\projects\palmasettimiinc\wp-includes\class-wp-ajax-response.php <-- dev-palmasettimiinc /wp-includes class-wp-ajax-response.php
2017.08.24 17:52 A C:\xampp\htdocs\projects\palmasettimiinc\wp-includes\class-wp-comment-query.php <-- dev-palmasettimiinc /wp-includes class-wp-comment-query.php
2017.08.24 17:52 A C:\xampp\htdocs\projects\palmasettimiinc\wp-includes\class-wp-comment.php <-- dev-palmasettimiinc /wp-includes class-wp-comment.php
2017.08.24 17:52 A C:\xampp\htdocs\projects\palmasettimiinc\wp-includes\class-wp-customize-control.php <-- dev-palmasettimiinc /wp-includes class-wp-customize-control.php
2017.08.24 17:52 A C:\xampp\htdocs\projects\palmasettimiinc\wp-includes\class-wp-customize-manager.php <-- dev-palmasettimiinc /wp-includes class-wp-customize-manager.php
2017.08.24 17:52 A C:\xampp\htdocs\projects\palmasettimiinc\wp-includes\class-wp-customize-nav-menus.php <-- dev-palmasettimiinc /wp-includes class-wp-customize-nav-menus.php
2017.08.24 17:52 A C:\xampp\htdocs\projects\palmasettimiinc\wp-includes\class-wp-customize-panel.php <-- dev-palmasettimiinc /wp-includes class-wp-customize-panel.php
2017.08.24 17:52 A C:\xampp\htdocs\projects\palmasettimiinc\wp-includes\class-wp-customize-section.php <-- dev-palmasettimiinc /wp-includes class-wp-customize-section.php
2017.08.24 17:52 A C:\xampp\htdocs\projects\palmasettimiinc\wp-includes\class-wp-customize-setting.php <-- dev-palmasettimiinc /wp-includes class-wp-customize-setting.php
2017.08.24 17:52 A C:\xampp\htdocs\projects\palmasettimiinc\wp-includes\class-wp-customize-widgets.php <-- dev-palmasettimiinc /wp-includes class-wp-customize-widgets.php
2017.08.24 17:52 A C:\xampp\htdocs\projects\palmasettimiinc\wp-includes\class-wp-dependency.php <-- dev-palmasettimiinc /wp-includes class-wp-dependency.php
2017.08.24 17:52 A C:\xampp\htdocs\projects\palmasettimiinc\wp-includes\class-wp-editor.php <-- dev-palmasettimiinc /wp-includes class-wp-editor.php
2017.08.24 17:52 A C:\xampp\htdocs\projects\palmasettimiinc\wp-includes\class-wp-embed.php <-- dev-palmasettimiinc /wp-includes class-wp-embed.php
2017.08.24 17:52 A C:\xampp\htdocs\projects\palmasettimiinc\wp-includes\class-wp-error.php <-- dev-palmasettimiinc /wp-includes class-wp-error.php
2017.08.24 17:52 A C:\xampp\htdocs\projects\palmasettimiinc\wp-includes\class-wp-feed-cache-transient.php <-- dev-palmasettimiinc /wp-includes class-wp-feed-cache-transient.php
2017.08.24 17:52 A C:\xampp\htdocs\projects\palmasettimiinc\wp-includes\class-wp-feed-cache.php <-- dev-palmasettimiinc /wp-includes class-wp-feed-cache.php
2017.08.24 17:52 A C:\xampp\htdocs\projects\palmasettimiinc\wp-includes\class-wp-hook.php <-- dev-palmasettimiinc /wp-includes class-wp-hook.php
2017.08.24 17:52 A C:\xampp\htdocs\projects\palmasettimiinc\wp-includes\class-wp-http-cookie.php <-- dev-palmasettimiinc /wp-includes class-wp-http-cookie.php
2017.08.24 17:52 A C:\xampp\htdocs\projects\palmasettimiinc\wp-includes\class-wp-http-curl.php <-- dev-palmasettimiinc /wp-includes class-wp-http-curl.php
2017.08.24 17:52 A C:\xampp\htdocs\projects\palmasettimiinc\wp-includes\class-wp-http-encoding.php <-- dev-palmasettimiinc /wp-includes class-wp-http-encoding.php
2017.08.24 17:52 A C:\xampp\htdocs\projects\palmasettimiinc\wp-includes\class-wp-http-ixr-client.php <-- dev-palmasettimiinc /wp-includes class-wp-http-ixr-client.php
2017.08.24 17:52 A C:\xampp\htdocs\projects\palmasettimiinc\wp-includes\class-wp-http-proxy.php <-- dev-palmasettimiinc /wp-includes class-wp-http-proxy.php
2017.08.24 17:52 A C:\xampp\htdocs\projects\palmasettimiinc\wp-includes\class-wp-http-requests-hooks.php <-- dev-palmasettimiinc /wp-includes class-wp-http-requests-hooks.php
2017.08.24 17:52 A C:\xampp\htdocs\projects\palmasettimiinc\wp-includes\class-wp-http-requests-response.php <-- dev-palmasettimiinc /wp-includes class-wp-http-requests-response.php
2017.08.24 17:52 A C:\xampp\htdocs\projects\palmasettimiinc\wp-includes\class-wp-http-response.php <-- dev-palmasettimiinc /wp-includes class-wp-http-response.php
2017.08.24 17:52 A C:\xampp\htdocs\projects\palmasettimiinc\wp-includes\class-wp-http-streams.php <-- dev-palmasettimiinc /wp-includes class-wp-http-streams.php
2017.08.24 17:52 A C:\xampp\htdocs\projects\palmasettimiinc\wp-includes\class-wp-image-editor-gd.php <-- dev-palmasettimiinc /wp-includes class-wp-image-editor-gd.php
2017.08.24 17:52 A C:\xampp\htdocs\projects\palmasettimiinc\wp-includes\class-wp-image-editor-imagick.php <-- dev-palmasettimiinc /wp-includes class-wp-image-editor-imagick.php
2017.08.24 17:52 A C:\xampp\htdocs\projects\palmasettimiinc\wp-includes\class-wp-image-editor.php <-- dev-palmasettimiinc /wp-includes class-wp-image-editor.php
2017.08.24 17:52 A C:\xampp\htdocs\projects\palmasettimiinc\wp-includes\class-wp-list-util.php <-- dev-palmasettimiinc /wp-includes class-wp-list-util.php
2017.08.24 17:52 A C:\xampp\htdocs\projects\palmasettimiinc\wp-includes\class-wp-locale-switcher.php <-- dev-palmasettimiinc /wp-includes class-wp-locale-switcher.php
2017.08.24 17:52 A C:\xampp\htdocs\projects\palmasettimiinc\wp-includes\class-wp-locale.php <-- dev-palmasettimiinc /wp-includes class-wp-locale.php
2017.08.24 17:52 A C:\xampp\htdocs\projects\palmasettimiinc\wp-includes\class-wp-matchesmapregex.php <-- dev-palmasettimiinc /wp-includes class-wp-matchesmapregex.php
2017.08.24 17:52 A C:\xampp\htdocs\projects\palmasettimiinc\wp-includes\class-wp-meta-query.php <-- dev-palmasettimiinc /wp-includes class-wp-meta-query.php
2017.08.24 17:52 A C:\xampp\htdocs\projects\palmasettimiinc\wp-includes\class-wp-metadata-lazyloader.php <-- dev-palmasettimiinc /wp-includes class-wp-metadata-lazyloader.php
2017.08.24 17:52 A C:\xampp\htdocs\projects\palmasettimiinc\wp-includes\class-wp-network-query.php <-- dev-palmasettimiinc /wp-includes class-wp-network-query.php
2017.08.24 17:52 A C:\xampp\htdocs\projects\palmasettimiinc\wp-includes\class-wp-network.php <-- dev-palmasettimiinc /wp-includes class-wp-network.php
2017.08.24 17:52 A C:\xampp\htdocs\projects\palmasettimiinc\wp-includes\class-wp-oembed-controller.php <-- dev-palmasettimiinc /wp-includes class-wp-oembed-controller.php
2017.08.24 17:52 A C:\xampp\htdocs\projects\palmasettimiinc\wp-includes\class-wp-post-type.php <-- dev-palmasettimiinc /wp-includes class-wp-post-type.php
2017.08.24 17:52 A C:\xampp\htdocs\projects\palmasettimiinc\wp-includes\class-wp-post.php <-- dev-palmasettimiinc /wp-includes class-wp-post.php
2017.08.24 17:52 A C:\xampp\htdocs\projects\palmasettimiinc\wp-includes\class-wp-query.php <-- dev-palmasettimiinc /wp-includes class-wp-query.php
2017.08.24 17:52 A C:\xampp\htdocs\projects\palmasettimiinc\wp-includes\class-wp-rewrite.php <-- dev-palmasettimiinc /wp-includes class-wp-rewrite.php
2017.08.24 17:52 A C:\xampp\htdocs\projects\palmasettimiinc\wp-includes\class-wp-role.php <-- dev-palmasettimiinc /wp-includes class-wp-role.php
2017.08.24 17:52 A C:\xampp\htdocs\projects\palmasettimiinc\wp-includes\class-wp-roles.php <-- dev-palmasettimiinc /wp-includes class-wp-roles.php
2017.08.24 17:52 A C:\xampp\htdocs\projects\palmasettimiinc\wp-includes\class-wp-session-tokens.php <-- dev-palmasettimiinc /wp-includes class-wp-session-tokens.php
2017.08.24 17:52 A C:\xampp\htdocs\projects\palmasettimiinc\wp-includes\class-wp-simplepie-file.php <-- dev-palmasettimiinc /wp-includes class-wp-simplepie-file.php
2017.08.24 17:52 A C:\xampp\htdocs\projects\palmasettimiinc\wp-includes\class-wp-simplepie-sanitize-kses.php <-- dev-palmasettimiinc /wp-includes class-wp-simplepie-sanitize-kses.php
2017.08.24 17:52 A C:\xampp\htdocs\projects\palmasettimiinc\wp-includes\class-wp-site-query.php <-- dev-palmasettimiinc /wp-includes class-wp-site-query.php
2017.08.24 17:52 A C:\xampp\htdocs\projects\palmasettimiinc\wp-includes\class-wp-site.php <-- dev-palmasettimiinc /wp-includes class-wp-site.php
2017.08.24 17:52 A C:\xampp\htdocs\projects\palmasettimiinc\wp-includes\class-wp-tax-query.php <-- dev-palmasettimiinc /wp-includes class-wp-tax-query.php
2017.08.24 17:52 A C:\xampp\htdocs\projects\palmasettimiinc\wp-includes\class-wp-taxonomy.php <-- dev-palmasettimiinc /wp-includes class-wp-taxonomy.php
2017.08.24 17:52 A C:\xampp\htdocs\projects\palmasettimiinc\wp-includes\class-wp-term-query.php <-- dev-palmasettimiinc /wp-includes class-wp-term-query.php
2017.08.24 17:52 A C:\xampp\htdocs\projects\palmasettimiinc\wp-includes\class-wp-term.php <-- dev-palmasettimiinc /wp-includes class-wp-term.php
2017.08.24 17:52 A C:\xampp\htdocs\projects\palmasettimiinc\wp-includes\class-wp-text-diff-renderer-inline.php <-- dev-palmasettimiinc /wp-includes class-wp-text-diff-renderer-inline.php
2017.08.24 17:52 A C:\xampp\htdocs\projects\palmasettimiinc\wp-includes\class-wp-text-diff-renderer-table.php <-- dev-palmasettimiinc /wp-includes class-wp-text-diff-renderer-table.php
2017.08.24 17:52 A C:\xampp\htdocs\projects\palmasettimiinc\wp-includes\class-wp-theme.php <-- dev-palmasettimiinc /wp-includes class-wp-theme.php
2017.08.24 17:52 A C:\xampp\htdocs\projects\palmasettimiinc\wp-includes\class-wp-user-meta-session-tokens.php <-- dev-palmasettimiinc /wp-includes class-wp-user-meta-session-tokens.php
2017.08.24 17:52 A C:\xampp\htdocs\projects\palmasettimiinc\wp-includes\class-wp-user-query.php <-- dev-palmasettimiinc /wp-includes class-wp-user-query.php
2017.08.24 17:52 A C:\xampp\htdocs\projects\palmasettimiinc\wp-includes\class-wp-user.php <-- dev-palmasettimiinc /wp-includes class-wp-user.php
2017.08.24 17:52 A C:\xampp\htdocs\projects\palmasettimiinc\wp-includes\class-wp-walker.php <-- dev-palmasettimiinc /wp-includes class-wp-walker.php
2017.08.24 17:52 A C:\xampp\htdocs\projects\palmasettimiinc\wp-includes\class-wp-widget-factory.php <-- dev-palmasettimiinc /wp-includes class-wp-widget-factory.php
2017.08.24 17:52 A C:\xampp\htdocs\projects\palmasettimiinc\wp-includes\class-wp-widget.php <-- dev-palmasettimiinc /wp-includes class-wp-widget.php
2017.08.24 17:52 A C:\xampp\htdocs\projects\palmasettimiinc\wp-includes\class-wp-xmlrpc-server.php <-- dev-palmasettimiinc /wp-includes class-wp-xmlrpc-server.php
2017.08.24 17:52 A C:\xampp\htdocs\projects\palmasettimiinc\wp-includes\class-wp.php <-- dev-palmasettimiinc /wp-includes class-wp.php
2017.08.24 17:52 A C:\xampp\htdocs\projects\palmasettimiinc\wp-includes\class.wp-dependencies.php <-- dev-palmasettimiinc /wp-includes class.wp-dependencies.php
2017.08.24 17:52 A C:\xampp\htdocs\projects\palmasettimiinc\wp-includes\class.wp-scripts.php <-- dev-palmasettimiinc /wp-includes class.wp-scripts.php
2017.08.24 17:52 A C:\xampp\htdocs\projects\palmasettimiinc\wp-includes\class.wp-styles.php <-- dev-palmasettimiinc /wp-includes class.wp-styles.php
2017.08.24 17:53 A C:\xampp\htdocs\projects\palmasettimiinc\wp-includes\comment-template.php <-- dev-palmasettimiinc /wp-includes comment-template.php
2017.08.24 17:53 A C:\xampp\htdocs\projects\palmasettimiinc\wp-includes\comment.php <-- dev-palmasettimiinc /wp-includes comment.php
2017.08.24 17:53 A C:\xampp\htdocs\projects\palmasettimiinc\wp-includes\compat.php <-- dev-palmasettimiinc /wp-includes compat.php
2017.08.24 17:53 A C:\xampp\htdocs\projects\palmasettimiinc\wp-includes\cron.php <-- dev-palmasettimiinc /wp-includes cron.php
2017.08.24 17:53 A C:\xampp\htdocs\projects\palmasettimiinc\wp-includes\date.php <-- dev-palmasettimiinc /wp-includes date.php
2017.08.24 17:53 A C:\xampp\htdocs\projects\palmasettimiinc\wp-includes\default-constants.php <-- dev-palmasettimiinc /wp-includes default-constants.php
2017.08.24 17:53 A C:\xampp\htdocs\projects\palmasettimiinc\wp-includes\default-filters.php <-- dev-palmasettimiinc /wp-includes default-filters.php
2017.08.24 17:53 A C:\xampp\htdocs\projects\palmasettimiinc\wp-includes\default-widgets.php <-- dev-palmasettimiinc /wp-includes default-widgets.php
2017.08.24 17:53 A C:\xampp\htdocs\projects\palmasettimiinc\wp-includes\deprecated.php <-- dev-palmasettimiinc /wp-includes deprecated.php
2017.08.24 17:53 A C:\xampp\htdocs\projects\palmasettimiinc\wp-includes\embed-template.php <-- dev-palmasettimiinc /wp-includes embed-template.php
2017.08.24 17:53 A C:\xampp\htdocs\projects\palmasettimiinc\wp-includes\embed.php <-- dev-palmasettimiinc /wp-includes embed.php
2017.08.24 17:53 A C:\xampp\htdocs\projects\palmasettimiinc\wp-includes\feed-atom-comments.php <-- dev-palmasettimiinc /wp-includes feed-atom-comments.php
2017.08.24 17:53 A C:\xampp\htdocs\projects\palmasettimiinc\wp-includes\feed-atom.php <-- dev-palmasettimiinc /wp-includes feed-atom.php
2017.08.24 17:53 A C:\xampp\htdocs\projects\palmasettimiinc\wp-includes\feed-rdf.php <-- dev-palmasettimiinc /wp-includes feed-rdf.php
2017.08.24 17:53 A C:\xampp\htdocs\projects\palmasettimiinc\wp-includes\feed-rss.php <-- dev-palmasettimiinc /wp-includes feed-rss.php
2017.08.24 17:53 A C:\xampp\htdocs\projects\palmasettimiinc\wp-includes\feed-rss2-comments.php <-- dev-palmasettimiinc /wp-includes feed-rss2-comments.php
2017.08.24 17:53 A C:\xampp\htdocs\projects\palmasettimiinc\wp-includes\feed-rss2.php <-- dev-palmasettimiinc /wp-includes feed-rss2.php
2017.08.24 17:53 A C:\xampp\htdocs\projects\palmasettimiinc\wp-includes\feed.php <-- dev-palmasettimiinc /wp-includes feed.php
2017.08.24 17:53 A C:\xampp\htdocs\projects\palmasettimiinc\wp-includes\formatting.php <-- dev-palmasettimiinc /wp-includes formatting.php
2017.08.24 17:53 A C:\xampp\htdocs\projects\palmasettimiinc\wp-includes\functions.php <-- dev-palmasettimiinc /wp-includes functions.php
2017.08.24 17:53 A C:\xampp\htdocs\projects\palmasettimiinc\wp-includes\functions.wp-scripts.php <-- dev-palmasettimiinc /wp-includes functions.wp-scripts.php
2017.08.24 17:53 A C:\xampp\htdocs\projects\palmasettimiinc\wp-includes\functions.wp-styles.php <-- dev-palmasettimiinc /wp-includes functions.wp-styles.php
2017.08.24 17:53 A C:\xampp\htdocs\projects\palmasettimiinc\wp-includes\general-template.php <-- dev-palmasettimiinc /wp-includes general-template.php
2017.08.24 17:53 A C:\xampp\htdocs\projects\palmasettimiinc\wp-includes\http.php <-- dev-palmasettimiinc /wp-includes http.php
2017.08.24 17:53 A C:\xampp\htdocs\projects\palmasettimiinc\wp-includes\kses.php <-- dev-palmasettimiinc /wp-includes kses.php
2017.08.24 17:53 A C:\xampp\htdocs\projects\palmasettimiinc\wp-includes\l10n.php <-- dev-palmasettimiinc /wp-includes l10n.php
2017.08.24 17:53 A C:\xampp\htdocs\projects\palmasettimiinc\wp-includes\link-template.php <-- dev-palmasettimiinc /wp-includes link-template.php
2017.08.24 17:53 A C:\xampp\htdocs\projects\palmasettimiinc\wp-includes\load.php <-- dev-palmasettimiinc /wp-includes load.php
2017.08.24 17:53 A C:\xampp\htdocs\projects\palmasettimiinc\wp-includes\locale.php <-- dev-palmasettimiinc /wp-includes locale.php
2017.08.24 17:53 A C:\xampp\htdocs\projects\palmasettimiinc\wp-includes\media-template.php <-- dev-palmasettimiinc /wp-includes media-template.php
2017.08.24 17:53 A C:\xampp\htdocs\projects\palmasettimiinc\wp-includes\media.php <-- dev-palmasettimiinc /wp-includes media.php
2017.08.24 17:53 A C:\xampp\htdocs\projects\palmasettimiinc\wp-includes\meta.php <-- dev-palmasettimiinc /wp-includes meta.php
2017.08.24 17:53 A C:\xampp\htdocs\projects\palmasettimiinc\wp-includes\ms-blogs.php <-- dev-palmasettimiinc /wp-includes ms-blogs.php
2017.08.24 17:53 A C:\xampp\htdocs\projects\palmasettimiinc\wp-includes\ms-default-constants.php <-- dev-palmasettimiinc /wp-includes ms-default-constants.php
2017.08.24 17:53 A C:\xampp\htdocs\projects\palmasettimiinc\wp-includes\ms-default-filters.php <-- dev-palmasettimiinc /wp-includes ms-default-filters.php
2017.08.24 17:53 A C:\xampp\htdocs\projects\palmasettimiinc\wp-includes\ms-deprecated.php <-- dev-palmasettimiinc /wp-includes ms-deprecated.php
2017.08.24 17:53 A C:\xampp\htdocs\projects\palmasettimiinc\wp-includes\ms-files.php <-- dev-palmasettimiinc /wp-includes ms-files.php
2017.08.24 17:53 A C:\xampp\htdocs\projects\palmasettimiinc\wp-includes\ms-functions.php <-- dev-palmasettimiinc /wp-includes ms-functions.php
2017.08.24 17:53 A C:\xampp\htdocs\projects\palmasettimiinc\wp-includes\ms-load.php <-- dev-palmasettimiinc /wp-includes ms-load.php
2017.08.24 17:53 A C:\xampp\htdocs\projects\palmasettimiinc\wp-includes\ms-settings.php <-- dev-palmasettimiinc /wp-includes ms-settings.php
2017.08.24 17:53 A C:\xampp\htdocs\projects\palmasettimiinc\wp-includes\nav-menu-template.php <-- dev-palmasettimiinc /wp-includes nav-menu-template.php
2017.08.24 17:53 A C:\xampp\htdocs\projects\palmasettimiinc\wp-includes\nav-menu.php <-- dev-palmasettimiinc /wp-includes nav-menu.php
2017.08.24 17:53 A C:\xampp\htdocs\projects\palmasettimiinc\wp-includes\option.php <-- dev-palmasettimiinc /wp-includes option.php
2017.08.24 17:53 A C:\xampp\htdocs\projects\palmasettimiinc\wp-includes\pluggable-deprecated.php <-- dev-palmasettimiinc /wp-includes pluggable-deprecated.php
2017.08.24 17:53 A C:\xampp\htdocs\projects\palmasettimiinc\wp-includes\pluggable.php <-- dev-palmasettimiinc /wp-includes pluggable.php
2017.08.24 17:53 A C:\xampp\htdocs\projects\palmasettimiinc\wp-includes\plugin.php <-- dev-palmasettimiinc /wp-includes plugin.php
2017.08.24 17:53 A C:\xampp\htdocs\projects\palmasettimiinc\wp-includes\post-formats.php <-- dev-palmasettimiinc /wp-includes post-formats.php
2017.08.24 17:53 A C:\xampp\htdocs\projects\palmasettimiinc\wp-includes\post-template.php <-- dev-palmasettimiinc /wp-includes post-template.php
2017.08.24 17:53 A C:\xampp\htdocs\projects\palmasettimiinc\wp-includes\post-thumbnail-template.php <-- dev-palmasettimiinc /wp-includes post-thumbnail-template.php
2017.08.24 17:53 A C:\xampp\htdocs\projects\palmasettimiinc\wp-includes\post.php <-- dev-palmasettimiinc /wp-includes post.php
2017.08.24 17:53 A C:\xampp\htdocs\projects\palmasettimiinc\wp-includes\query.php <-- dev-palmasettimiinc /wp-includes query.php
2017.08.24 17:53 A C:\xampp\htdocs\projects\palmasettimiinc\wp-includes\registration-functions.php <-- dev-palmasettimiinc /wp-includes registration-functions.php
2017.08.24 17:53 A C:\xampp\htdocs\projects\palmasettimiinc\wp-includes\registration.php <-- dev-palmasettimiinc /wp-includes registration.php
2017.08.24 17:53 A C:\xampp\htdocs\projects\palmasettimiinc\wp-includes\rest-api.php <-- dev-palmasettimiinc /wp-includes rest-api.php
2017.08.24 17:53 A C:\xampp\htdocs\projects\palmasettimiinc\wp-includes\revision.php <-- dev-palmasettimiinc /wp-includes revision.php
2017.08.24 17:53 A C:\xampp\htdocs\projects\palmasettimiinc\wp-includes\rewrite.php <-- dev-palmasettimiinc /wp-includes rewrite.php
2017.08.24 17:53 A C:\xampp\htdocs\projects\palmasettimiinc\wp-includes\rss-functions.php <-- dev-palmasettimiinc /wp-includes rss-functions.php
2017.08.24 17:53 A C:\xampp\htdocs\projects\palmasettimiinc\wp-includes\rss.php <-- dev-palmasettimiinc /wp-includes rss.php
2017.08.24 17:53 A C:\xampp\htdocs\projects\palmasettimiinc\wp-includes\script-loader.php <-- dev-palmasettimiinc /wp-includes script-loader.php
2017.08.24 17:53 A C:\xampp\htdocs\projects\palmasettimiinc\wp-includes\session.php <-- dev-palmasettimiinc /wp-includes session.php
2017.08.24 17:53 A C:\xampp\htdocs\projects\palmasettimiinc\wp-includes\shortcodes.php <-- dev-palmasettimiinc /wp-includes shortcodes.php
2017.08.24 17:53 A C:\xampp\htdocs\projects\palmasettimiinc\wp-includes\taxonomy.php <-- dev-palmasettimiinc /wp-includes taxonomy.php
2017.08.24 17:53 A C:\xampp\htdocs\projects\palmasettimiinc\wp-includes\template-loader.php <-- dev-palmasettimiinc /wp-includes template-loader.php
2017.08.24 17:53 A C:\xampp\htdocs\projects\palmasettimiinc\wp-includes\template.php <-- dev-palmasettimiinc /wp-includes template.php
2017.08.24 17:53 A C:\xampp\htdocs\projects\palmasettimiinc\wp-includes\theme.php <-- dev-palmasettimiinc /wp-includes theme.php
2017.08.24 17:53 A C:\xampp\htdocs\projects\palmasettimiinc\wp-includes\update.php <-- dev-palmasettimiinc /wp-includes update.php
2017.08.24 17:53 A C:\xampp\htdocs\projects\palmasettimiinc\wp-includes\user.php <-- dev-palmasettimiinc /wp-includes user.php
2017.08.24 17:53 A C:\xampp\htdocs\projects\palmasettimiinc\wp-includes\vars.php <-- dev-palmasettimiinc /wp-includes vars.php
2017.08.24 17:53 A C:\xampp\htdocs\projects\palmasettimiinc\wp-includes\version.php <-- dev-palmasettimiinc /wp-includes version.php
2017.08.24 17:53 A C:\xampp\htdocs\projects\palmasettimiinc\wp-includes\widgets.php <-- dev-palmasettimiinc /wp-includes widgets.php
2017.08.24 17:53 A C:\xampp\htdocs\projects\palmasettimiinc\wp-includes\wp-db.php <-- dev-palmasettimiinc /wp-includes wp-db.php
2017.08.24 17:53 A C:\xampp\htdocs\projects\palmasettimiinc\wp-includes\wp-diff.php <-- dev-palmasettimiinc /wp-includes wp-diff.php
2017.08.24 17:53 B C:\xampp\htdocs\projects\palmasettimiinc\wp-includes\wlwmanifest.xml <-- dev-palmasettimiinc /wp-includes wlwmanifest.xml
