2017.08.24 17:25 B C:\xampp\htdocs\projects\palmasettimiinc\wp-admin\images\bubble_bg-2x.gif <-- dev-palmasettimiinc /wp-admin/images bubble_bg-2x.gif
2017.08.24 17:25 B C:\xampp\htdocs\projects\palmasettimiinc\wp-admin\images\bubble_bg.gif <-- dev-palmasettimiinc /wp-admin/images bubble_bg.gif
2017.08.24 17:25 B C:\xampp\htdocs\projects\palmasettimiinc\wp-admin\images\date-button-2x.gif <-- dev-palmasettimiinc /wp-admin/images date-button-2x.gif
2017.08.24 17:25 B C:\xampp\htdocs\projects\palmasettimiinc\wp-admin\images\date-button.gif <-- dev-palmasettimiinc /wp-admin/images date-button.gif
2017.08.24 17:25 B C:\xampp\htdocs\projects\palmasettimiinc\wp-admin\images\loading.gif <-- dev-palmasettimiinc /wp-admin/images loading.gif
2017.08.24 17:25 B C:\xampp\htdocs\projects\palmasettimiinc\wp-admin\images\media-button-image.gif <-- dev-palmasettimiinc /wp-admin/images media-button-image.gif
2017.08.24 17:25 B C:\xampp\htdocs\projects\palmasettimiinc\wp-admin\images\media-button-music.gif <-- dev-palmasettimiinc /wp-admin/images media-button-music.gif
2017.08.24 17:25 B C:\xampp\htdocs\projects\palmasettimiinc\wp-admin\images\media-button-other.gif <-- dev-palmasettimiinc /wp-admin/images media-button-other.gif
2017.08.24 17:25 B C:\xampp\htdocs\projects\palmasettimiinc\wp-admin\images\media-button-video.gif <-- dev-palmasettimiinc /wp-admin/images media-button-video.gif
2017.08.24 17:25 B C:\xampp\htdocs\projects\palmasettimiinc\wp-admin\images\resize-2x.gif <-- dev-palmasettimiinc /wp-admin/images resize-2x.gif
2017.08.24 17:25 B C:\xampp\htdocs\projects\palmasettimiinc\wp-admin\images\resize-rtl-2x.gif <-- dev-palmasettimiinc /wp-admin/images resize-rtl-2x.gif
2017.08.24 17:25 B C:\xampp\htdocs\projects\palmasettimiinc\wp-admin\images\resize-rtl.gif <-- dev-palmasettimiinc /wp-admin/images resize-rtl.gif
2017.08.24 17:25 B C:\xampp\htdocs\projects\palmasettimiinc\wp-admin\images\resize.gif <-- dev-palmasettimiinc /wp-admin/images resize.gif
2017.08.24 17:25 B C:\xampp\htdocs\projects\palmasettimiinc\wp-admin\images\sort-2x.gif <-- dev-palmasettimiinc /wp-admin/images sort-2x.gif
2017.08.24 17:25 B C:\xampp\htdocs\projects\palmasettimiinc\wp-admin\images\sort.gif <-- dev-palmasettimiinc /wp-admin/images sort.gif
2017.08.24 17:25 B C:\xampp\htdocs\projects\palmasettimiinc\wp-admin\images\spinner-2x.gif <-- dev-palmasettimiinc /wp-admin/images spinner-2x.gif
2017.08.24 17:25 B C:\xampp\htdocs\projects\palmasettimiinc\wp-admin\images\spinner.gif <-- dev-palmasettimiinc /wp-admin/images spinner.gif
2017.08.24 17:25 B C:\xampp\htdocs\projects\palmasettimiinc\wp-admin\images\wpspin_light-2x.gif <-- dev-palmasettimiinc /wp-admin/images wpspin_light-2x.gif
2017.08.24 17:25 B C:\xampp\htdocs\projects\palmasettimiinc\wp-admin\images\wpspin_light.gif <-- dev-palmasettimiinc /wp-admin/images wpspin_light.gif
2017.08.24 17:25 B C:\xampp\htdocs\projects\palmasettimiinc\wp-admin\images\xit-2x.gif <-- dev-palmasettimiinc /wp-admin/images xit-2x.gif
2017.08.24 17:25 B C:\xampp\htdocs\projects\palmasettimiinc\wp-admin\images\xit.gif <-- dev-palmasettimiinc /wp-admin/images xit.gif
2017.08.24 17:25 B C:\xampp\htdocs\projects\palmasettimiinc\wp-admin\images\align-center-2x.png <-- dev-palmasettimiinc /wp-admin/images align-center-2x.png
2017.08.24 17:25 B C:\xampp\htdocs\projects\palmasettimiinc\wp-admin\images\align-center.png <-- dev-palmasettimiinc /wp-admin/images align-center.png
2017.08.24 17:25 B C:\xampp\htdocs\projects\palmasettimiinc\wp-admin\images\align-left-2x.png <-- dev-palmasettimiinc /wp-admin/images align-left-2x.png
2017.08.24 17:25 B C:\xampp\htdocs\projects\palmasettimiinc\wp-admin\images\align-left.png <-- dev-palmasettimiinc /wp-admin/images align-left.png
2017.08.24 17:25 B C:\xampp\htdocs\projects\palmasettimiinc\wp-admin\images\align-none-2x.png <-- dev-palmasettimiinc /wp-admin/images align-none-2x.png
2017.08.24 17:25 B C:\xampp\htdocs\projects\palmasettimiinc\wp-admin\images\align-none.png <-- dev-palmasettimiinc /wp-admin/images align-none.png
2017.08.24 17:25 B C:\xampp\htdocs\projects\palmasettimiinc\wp-admin\images\align-right-2x.png <-- dev-palmasettimiinc /wp-admin/images align-right-2x.png
2017.08.24 17:25 B C:\xampp\htdocs\projects\palmasettimiinc\wp-admin\images\align-right.png <-- dev-palmasettimiinc /wp-admin/images align-right.png
2017.08.24 17:25 B C:\xampp\htdocs\projects\palmasettimiinc\wp-admin\images\arrows-2x.png <-- dev-palmasettimiinc /wp-admin/images arrows-2x.png
2017.08.24 17:25 B C:\xampp\htdocs\projects\palmasettimiinc\wp-admin\images\arrows.png <-- dev-palmasettimiinc /wp-admin/images arrows.png
2017.08.24 17:25 B C:\xampp\htdocs\projects\palmasettimiinc\wp-admin\images\browser-rtl.png <-- dev-palmasettimiinc /wp-admin/images browser-rtl.png
2017.08.24 17:25 B C:\xampp\htdocs\projects\palmasettimiinc\wp-admin\images\browser.png <-- dev-palmasettimiinc /wp-admin/images browser.png
2017.08.24 17:25 B C:\xampp\htdocs\projects\palmasettimiinc\wp-admin\images\comment-grey-bubble-2x.png <-- dev-palmasettimiinc /wp-admin/images comment-grey-bubble-2x.png
2017.08.24 17:25 B C:\xampp\htdocs\projects\palmasettimiinc\wp-admin\images\comment-grey-bubble.png <-- dev-palmasettimiinc /wp-admin/images comment-grey-bubble.png
2017.08.24 17:25 B C:\xampp\htdocs\projects\palmasettimiinc\wp-admin\images\generic.png <-- dev-palmasettimiinc /wp-admin/images generic.png
2017.08.24 17:25 B C:\xampp\htdocs\projects\palmasettimiinc\wp-admin\images\icons32-2x.png <-- dev-palmasettimiinc /wp-admin/images icons32-2x.png
2017.08.24 17:25 B C:\xampp\htdocs\projects\palmasettimiinc\wp-admin\images\icons32-vs-2x.png <-- dev-palmasettimiinc /wp-admin/images icons32-vs-2x.png
2017.08.24 17:25 B C:\xampp\htdocs\projects\palmasettimiinc\wp-admin\images\icons32-vs.png <-- dev-palmasettimiinc /wp-admin/images icons32-vs.png
2017.08.24 17:25 B C:\xampp\htdocs\projects\palmasettimiinc\wp-admin\images\icons32.png <-- dev-palmasettimiinc /wp-admin/images icons32.png
2017.08.24 17:25 B C:\xampp\htdocs\projects\palmasettimiinc\wp-admin\images\imgedit-icons-2x.png <-- dev-palmasettimiinc /wp-admin/images imgedit-icons-2x.png
2017.08.24 17:25 B C:\xampp\htdocs\projects\palmasettimiinc\wp-admin\images\imgedit-icons.png <-- dev-palmasettimiinc /wp-admin/images imgedit-icons.png
2017.08.24 17:25 B C:\xampp\htdocs\projects\palmasettimiinc\wp-admin\images\list-2x.png <-- dev-palmasettimiinc /wp-admin/images list-2x.png
2017.08.24 17:25 B C:\xampp\htdocs\projects\palmasettimiinc\wp-admin\images\list.png <-- dev-palmasettimiinc /wp-admin/images list.png
2017.08.24 17:25 B C:\xampp\htdocs\projects\palmasettimiinc\wp-admin\images\marker.png <-- dev-palmasettimiinc /wp-admin/images marker.png
2017.08.24 17:25 B C:\xampp\htdocs\projects\palmasettimiinc\wp-admin\images\mask.png <-- dev-palmasettimiinc /wp-admin/images mask.png
2017.08.24 17:25 B C:\xampp\htdocs\projects\palmasettimiinc\wp-admin\images\media-button-2x.png <-- dev-palmasettimiinc /wp-admin/images media-button-2x.png
2017.08.24 17:25 B C:\xampp\htdocs\projects\palmasettimiinc\wp-admin\images\media-button.png <-- dev-palmasettimiinc /wp-admin/images media-button.png
2017.08.24 17:25 B C:\xampp\htdocs\projects\palmasettimiinc\wp-admin\images\menu-2x.png <-- dev-palmasettimiinc /wp-admin/images menu-2x.png
2017.08.24 17:25 B C:\xampp\htdocs\projects\palmasettimiinc\wp-admin\images\menu-vs-2x.png <-- dev-palmasettimiinc /wp-admin/images menu-vs-2x.png
2017.08.24 17:25 B C:\xampp\htdocs\projects\palmasettimiinc\wp-admin\images\menu-vs.png <-- dev-palmasettimiinc /wp-admin/images menu-vs.png
2017.08.24 17:25 B C:\xampp\htdocs\projects\palmasettimiinc\wp-admin\images\menu.png <-- dev-palmasettimiinc /wp-admin/images menu.png
2017.08.24 17:25 B C:\xampp\htdocs\projects\palmasettimiinc\wp-admin\images\no.png <-- dev-palmasettimiinc /wp-admin/images no.png
2017.08.24 17:25 B C:\xampp\htdocs\projects\palmasettimiinc\wp-admin\images\post-formats-vs.png <-- dev-palmasettimiinc /wp-admin/images post-formats-vs.png
2017.08.24 17:25 B C:\xampp\htdocs\projects\palmasettimiinc\wp-admin\images\post-formats.png <-- dev-palmasettimiinc /wp-admin/images post-formats.png
2017.08.24 17:25 B C:\xampp\htdocs\projects\palmasettimiinc\wp-admin\images\post-formats32-vs.png <-- dev-palmasettimiinc /wp-admin/images post-formats32-vs.png
2017.08.24 17:25 B C:\xampp\htdocs\projects\palmasettimiinc\wp-admin\images\post-formats32.png <-- dev-palmasettimiinc /wp-admin/images post-formats32.png
2017.08.24 17:25 B C:\xampp\htdocs\projects\palmasettimiinc\wp-admin\images\se.png <-- dev-palmasettimiinc /wp-admin/images se.png
2017.08.24 17:25 B C:\xampp\htdocs\projects\palmasettimiinc\wp-admin\images\stars-2x.png <-- dev-palmasettimiinc /wp-admin/images stars-2x.png
2017.08.24 17:25 B C:\xampp\htdocs\projects\palmasettimiinc\wp-admin\images\stars.png <-- dev-palmasettimiinc /wp-admin/images stars.png
2017.08.24 17:25 B C:\xampp\htdocs\projects\palmasettimiinc\wp-admin\images\w-logo-blue.png <-- dev-palmasettimiinc /wp-admin/images w-logo-blue.png
2017.08.24 17:25 B C:\xampp\htdocs\projects\palmasettimiinc\wp-admin\images\w-logo-white.png <-- dev-palmasettimiinc /wp-admin/images w-logo-white.png
2017.08.24 17:25 B C:\xampp\htdocs\projects\palmasettimiinc\wp-admin\images\wheel.png <-- dev-palmasettimiinc /wp-admin/images wheel.png
2017.08.24 17:25 B C:\xampp\htdocs\projects\palmasettimiinc\wp-admin\images\wordpress-logo.png <-- dev-palmasettimiinc /wp-admin/images wordpress-logo.png
2017.08.24 17:25 B C:\xampp\htdocs\projects\palmasettimiinc\wp-admin\images\yes.png <-- dev-palmasettimiinc /wp-admin/images yes.png
2017.08.24 17:25 B C:\xampp\htdocs\projects\palmasettimiinc\wp-admin\images\wordpress-logo-white.svg <-- dev-palmasettimiinc /wp-admin/images wordpress-logo-white.svg
2017.08.24 17:25 B C:\xampp\htdocs\projects\palmasettimiinc\wp-admin\images\wordpress-logo.svg <-- dev-palmasettimiinc /wp-admin/images wordpress-logo.svg
