2017.08.24 17:36 B C:\xampp\htdocs\projects\palmasettimiinc\wp-content\plugins\jetpack\modules\sharedaddy\images\loading.gif <-- dev-palmasettimiinc /wp-content/plugins/jetpack/modules/sharedaddy/images loading.gif
2017.08.24 17:36 B C:\xampp\htdocs\projects\palmasettimiinc\wp-content\plugins\jetpack\modules\sharedaddy\images\after-the-deadline@2x.png <-- dev-palmasettimiinc /wp-content/plugins/jetpack/modules/sharedaddy/images after-the-deadline@2x.png
2017.08.24 17:36 B C:\xampp\htdocs\projects\palmasettimiinc\wp-content\plugins\jetpack\modules\sharedaddy\images\comments@2x.png <-- dev-palmasettimiinc /wp-content/plugins/jetpack/modules/sharedaddy/images comments@2x.png
2017.08.24 17:36 B C:\xampp\htdocs\projects\palmasettimiinc\wp-content\plugins\jetpack\modules\sharedaddy\images\contact-form@2x.png <-- dev-palmasettimiinc /wp-content/plugins/jetpack/modules/sharedaddy/images contact-form@2x.png
2017.08.24 17:36 B C:\xampp\htdocs\projects\palmasettimiinc\wp-content\plugins\jetpack\modules\sharedaddy\images\custom.png <-- dev-palmasettimiinc /wp-content/plugins/jetpack/modules/sharedaddy/images custom.png
2017.08.24 17:36 B C:\xampp\htdocs\projects\palmasettimiinc\wp-content\plugins\jetpack\modules\sharedaddy\images\custom@2x.png <-- dev-palmasettimiinc /wp-content/plugins/jetpack/modules/sharedaddy/images custom@2x.png
2017.08.24 17:36 B C:\xampp\htdocs\projects\palmasettimiinc\wp-content\plugins\jetpack\modules\sharedaddy\images\designfloat.png <-- dev-palmasettimiinc /wp-content/plugins/jetpack/modules/sharedaddy/images designfloat.png
2017.08.24 17:36 B C:\xampp\htdocs\projects\palmasettimiinc\wp-content\plugins\jetpack\modules\sharedaddy\images\digg.png <-- dev-palmasettimiinc /wp-content/plugins/jetpack/modules/sharedaddy/images digg.png
2017.08.24 17:36 B C:\xampp\htdocs\projects\palmasettimiinc\wp-content\plugins\jetpack\modules\sharedaddy\images\digg@2x.png <-- dev-palmasettimiinc /wp-content/plugins/jetpack/modules/sharedaddy/images digg@2x.png
2017.08.24 17:36 B C:\xampp\htdocs\projects\palmasettimiinc\wp-content\plugins\jetpack\modules\sharedaddy\images\divider.png <-- dev-palmasettimiinc /wp-content/plugins/jetpack/modules/sharedaddy/images divider.png
2017.08.24 17:36 B C:\xampp\htdocs\projects\palmasettimiinc\wp-content\plugins\jetpack\modules\sharedaddy\images\divider@2x.png <-- dev-palmasettimiinc /wp-content/plugins/jetpack/modules/sharedaddy/images divider@2x.png
2017.08.24 17:36 B C:\xampp\htdocs\projects\palmasettimiinc\wp-content\plugins\jetpack\modules\sharedaddy\images\draggy.png <-- dev-palmasettimiinc /wp-content/plugins/jetpack/modules/sharedaddy/images draggy.png
2017.08.24 17:36 B C:\xampp\htdocs\projects\palmasettimiinc\wp-content\plugins\jetpack\modules\sharedaddy\images\draggy@2x.png <-- dev-palmasettimiinc /wp-content/plugins/jetpack/modules/sharedaddy/images draggy@2x.png
2017.08.24 17:36 B C:\xampp\htdocs\projects\palmasettimiinc\wp-content\plugins\jetpack\modules\sharedaddy\images\email.png <-- dev-palmasettimiinc /wp-content/plugins/jetpack/modules/sharedaddy/images email.png
2017.08.24 17:36 B C:\xampp\htdocs\projects\palmasettimiinc\wp-content\plugins\jetpack\modules\sharedaddy\images\email@2x.png <-- dev-palmasettimiinc /wp-content/plugins/jetpack/modules/sharedaddy/images email@2x.png
2017.08.24 17:36 B C:\xampp\htdocs\projects\palmasettimiinc\wp-content\plugins\jetpack\modules\sharedaddy\images\ember.png <-- dev-palmasettimiinc /wp-content/plugins/jetpack/modules/sharedaddy/images ember.png
2017.08.24 17:36 B C:\xampp\htdocs\projects\palmasettimiinc\wp-content\plugins\jetpack\modules\sharedaddy\images\enhanced-distribution@2x.png <-- dev-palmasettimiinc /wp-content/plugins/jetpack/modules/sharedaddy/images enhanced-distribution@2x.png
2017.08.24 17:36 B C:\xampp\htdocs\projects\palmasettimiinc\wp-content\plugins\jetpack\modules\sharedaddy\images\facebook.png <-- dev-palmasettimiinc /wp-content/plugins/jetpack/modules/sharedaddy/images facebook.png
2017.08.24 17:36 B C:\xampp\htdocs\projects\palmasettimiinc\wp-content\plugins\jetpack\modules\sharedaddy\images\facebook@2x.png <-- dev-palmasettimiinc /wp-content/plugins/jetpack/modules/sharedaddy/images facebook@2x.png
2017.08.24 17:36 B C:\xampp\htdocs\projects\palmasettimiinc\wp-content\plugins\jetpack\modules\sharedaddy\images\feed.png <-- dev-palmasettimiinc /wp-content/plugins/jetpack/modules/sharedaddy/images feed.png
2017.08.24 17:36 B C:\xampp\htdocs\projects\palmasettimiinc\wp-content\plugins\jetpack\modules\sharedaddy\images\googleplus1.png <-- dev-palmasettimiinc /wp-content/plugins/jetpack/modules/sharedaddy/images googleplus1.png
2017.08.24 17:36 B C:\xampp\htdocs\projects\palmasettimiinc\wp-content\plugins\jetpack\modules\sharedaddy\images\googleplus1@2x.png <-- dev-palmasettimiinc /wp-content/plugins/jetpack/modules/sharedaddy/images googleplus1@2x.png
2017.08.24 17:36 B C:\xampp\htdocs\projects\palmasettimiinc\wp-content\plugins\jetpack\modules\sharedaddy\images\icon-facebook-2x.png <-- dev-palmasettimiinc /wp-content/plugins/jetpack/modules/sharedaddy/images icon-facebook-2x.png
2017.08.24 17:36 B C:\xampp\htdocs\projects\palmasettimiinc\wp-content\plugins\jetpack\modules\sharedaddy\images\icon-facebook.png <-- dev-palmasettimiinc /wp-content/plugins/jetpack/modules/sharedaddy/images icon-facebook.png
2017.08.24 17:36 B C:\xampp\htdocs\projects\palmasettimiinc\wp-content\plugins\jetpack\modules\sharedaddy\images\icon-googleplus-2x.png <-- dev-palmasettimiinc /wp-content/plugins/jetpack/modules/sharedaddy/images icon-googleplus-2x.png
2017.08.24 17:36 B C:\xampp\htdocs\projects\palmasettimiinc\wp-content\plugins\jetpack\modules\sharedaddy\images\icon-googleplus.png <-- dev-palmasettimiinc /wp-content/plugins/jetpack/modules/sharedaddy/images icon-googleplus.png
2017.08.24 17:36 B C:\xampp\htdocs\projects\palmasettimiinc\wp-content\plugins\jetpack\modules\sharedaddy\images\icon-twitter-2x.png <-- dev-palmasettimiinc /wp-content/plugins/jetpack/modules/sharedaddy/images icon-twitter-2x.png
2017.08.24 17:36 B C:\xampp\htdocs\projects\palmasettimiinc\wp-content\plugins\jetpack\modules\sharedaddy\images\icon-twitter.png <-- dev-palmasettimiinc /wp-content/plugins/jetpack/modules/sharedaddy/images icon-twitter.png
2017.08.24 17:36 B C:\xampp\htdocs\projects\palmasettimiinc\wp-content\plugins\jetpack\modules\sharedaddy\images\icon-wordpress-2x.png <-- dev-palmasettimiinc /wp-content/plugins/jetpack/modules/sharedaddy/images icon-wordpress-2x.png
2017.08.24 17:36 B C:\xampp\htdocs\projects\palmasettimiinc\wp-content\plugins\jetpack\modules\sharedaddy\images\icon-wordpress.png <-- dev-palmasettimiinc /wp-content/plugins/jetpack/modules/sharedaddy/images icon-wordpress.png
2017.08.24 17:36 B C:\xampp\htdocs\projects\palmasettimiinc\wp-content\plugins\jetpack\modules\sharedaddy\images\kindle.png <-- dev-palmasettimiinc /wp-content/plugins/jetpack/modules/sharedaddy/images kindle.png
2017.08.24 17:36 B C:\xampp\htdocs\projects\palmasettimiinc\wp-content\plugins\jetpack\modules\sharedaddy\images\kindle@2x.png <-- dev-palmasettimiinc /wp-content/plugins/jetpack/modules/sharedaddy/images kindle@2x.png
2017.08.24 17:36 B C:\xampp\htdocs\projects\palmasettimiinc\wp-content\plugins\jetpack\modules\sharedaddy\images\linkedin-horizontal.png <-- dev-palmasettimiinc /wp-content/plugins/jetpack/modules/sharedaddy/images linkedin-horizontal.png
2017.08.24 17:36 B C:\xampp\htdocs\projects\palmasettimiinc\wp-content\plugins\jetpack\modules\sharedaddy\images\linkedin-horizontal@2x.png <-- dev-palmasettimiinc /wp-content/plugins/jetpack/modules/sharedaddy/images linkedin-horizontal@2x.png
2017.08.24 17:36 B C:\xampp\htdocs\projects\palmasettimiinc\wp-content\plugins\jetpack\modules\sharedaddy\images\linkedin-nocount.png <-- dev-palmasettimiinc /wp-content/plugins/jetpack/modules/sharedaddy/images linkedin-nocount.png
2017.08.24 17:36 B C:\xampp\htdocs\projects\palmasettimiinc\wp-content\plugins\jetpack\modules\sharedaddy\images\linkedin-nocount@2x.png <-- dev-palmasettimiinc /wp-content/plugins/jetpack/modules/sharedaddy/images linkedin-nocount@2x.png
2017.08.24 17:36 B C:\xampp\htdocs\projects\palmasettimiinc\wp-content\plugins\jetpack\modules\sharedaddy\images\linkedin-smart.png <-- dev-palmasettimiinc /wp-content/plugins/jetpack/modules/sharedaddy/images linkedin-smart.png
2017.08.24 17:36 B C:\xampp\htdocs\projects\palmasettimiinc\wp-content\plugins\jetpack\modules\sharedaddy\images\linkedin-smart@2x.png <-- dev-palmasettimiinc /wp-content/plugins/jetpack/modules/sharedaddy/images linkedin-smart@2x.png
2017.08.24 17:36 B C:\xampp\htdocs\projects\palmasettimiinc\wp-content\plugins\jetpack\modules\sharedaddy\images\linkedin-vertical.png <-- dev-palmasettimiinc /wp-content/plugins/jetpack/modules/sharedaddy/images linkedin-vertical.png
2017.08.24 17:36 B C:\xampp\htdocs\projects\palmasettimiinc\wp-content\plugins\jetpack\modules\sharedaddy\images\linkedin-vertical@2x.png <-- dev-palmasettimiinc /wp-content/plugins/jetpack/modules/sharedaddy/images linkedin-vertical@2x.png
2017.08.24 17:36 B C:\xampp\htdocs\projects\palmasettimiinc\wp-content\plugins\jetpack\modules\sharedaddy\images\linkedin.png <-- dev-palmasettimiinc /wp-content/plugins/jetpack/modules/sharedaddy/images linkedin.png
2017.08.24 17:36 B C:\xampp\htdocs\projects\palmasettimiinc\wp-content\plugins\jetpack\modules\sharedaddy\images\linkedin@2x.png <-- dev-palmasettimiinc /wp-content/plugins/jetpack/modules/sharedaddy/images linkedin@2x.png
2017.08.24 17:36 B C:\xampp\htdocs\projects\palmasettimiinc\wp-content\plugins\jetpack\modules\sharedaddy\images\more.png <-- dev-palmasettimiinc /wp-content/plugins/jetpack/modules/sharedaddy/images more.png
2017.08.24 17:36 B C:\xampp\htdocs\projects\palmasettimiinc\wp-content\plugins\jetpack\modules\sharedaddy\images\more@2x.png <-- dev-palmasettimiinc /wp-content/plugins/jetpack/modules/sharedaddy/images more@2x.png
2017.08.24 17:36 B C:\xampp\htdocs\projects\palmasettimiinc\wp-content\plugins\jetpack\modules\sharedaddy\images\pinterest.png <-- dev-palmasettimiinc /wp-content/plugins/jetpack/modules/sharedaddy/images pinterest.png
2017.08.24 17:36 B C:\xampp\htdocs\projects\palmasettimiinc\wp-content\plugins\jetpack\modules\sharedaddy\images\pinterest@2x.png <-- dev-palmasettimiinc /wp-content/plugins/jetpack/modules/sharedaddy/images pinterest@2x.png
2017.08.24 17:36 B C:\xampp\htdocs\projects\palmasettimiinc\wp-content\plugins\jetpack\modules\sharedaddy\images\pocket.png <-- dev-palmasettimiinc /wp-content/plugins/jetpack/modules/sharedaddy/images pocket.png
2017.08.24 17:36 B C:\xampp\htdocs\projects\palmasettimiinc\wp-content\plugins\jetpack\modules\sharedaddy\images\pocket@2x.png <-- dev-palmasettimiinc /wp-content/plugins/jetpack/modules/sharedaddy/images pocket@2x.png
2017.08.24 17:36 B C:\xampp\htdocs\projects\palmasettimiinc\wp-content\plugins\jetpack\modules\sharedaddy\images\print.png <-- dev-palmasettimiinc /wp-content/plugins/jetpack/modules/sharedaddy/images print.png
2017.08.24 17:36 B C:\xampp\htdocs\projects\palmasettimiinc\wp-content\plugins\jetpack\modules\sharedaddy\images\print@2x.png <-- dev-palmasettimiinc /wp-content/plugins/jetpack/modules/sharedaddy/images print@2x.png
2017.08.24 17:36 B C:\xampp\htdocs\projects\palmasettimiinc\wp-content\plugins\jetpack\modules\sharedaddy\images\reddit.png <-- dev-palmasettimiinc /wp-content/plugins/jetpack/modules/sharedaddy/images reddit.png
2017.08.24 17:36 B C:\xampp\htdocs\projects\palmasettimiinc\wp-content\plugins\jetpack\modules\sharedaddy\images\reddit@2x.png <-- dev-palmasettimiinc /wp-content/plugins/jetpack/modules/sharedaddy/images reddit@2x.png
2017.08.24 17:36 B C:\xampp\htdocs\projects\palmasettimiinc\wp-content\plugins\jetpack\modules\sharedaddy\images\rss.png <-- dev-palmasettimiinc /wp-content/plugins/jetpack/modules/sharedaddy/images rss.png
2017.08.24 17:36 B C:\xampp\htdocs\projects\palmasettimiinc\wp-content\plugins\jetpack\modules\sharedaddy\images\rss@2x.png <-- dev-palmasettimiinc /wp-content/plugins/jetpack/modules/sharedaddy/images rss@2x.png
2017.08.24 17:36 B C:\xampp\htdocs\projects\palmasettimiinc\wp-content\plugins\jetpack\modules\sharedaddy\images\share-bg.png <-- dev-palmasettimiinc /wp-content/plugins/jetpack/modules/sharedaddy/images share-bg.png
2017.08.24 17:36 B C:\xampp\htdocs\projects\palmasettimiinc\wp-content\plugins\jetpack\modules\sharedaddy\images\sharing-hidden.png <-- dev-palmasettimiinc /wp-content/plugins/jetpack/modules/sharedaddy/images sharing-hidden.png
2017.08.24 17:36 B C:\xampp\htdocs\projects\palmasettimiinc\wp-content\plugins\jetpack\modules\sharedaddy\images\sharing-hidden@2x.png <-- dev-palmasettimiinc /wp-content/plugins/jetpack/modules/sharedaddy/images sharing-hidden@2x.png
2017.08.24 17:36 B C:\xampp\htdocs\projects\palmasettimiinc\wp-content\plugins\jetpack\modules\sharedaddy\images\smart-digg.png <-- dev-palmasettimiinc /wp-content/plugins/jetpack/modules/sharedaddy/images smart-digg.png
2017.08.24 17:36 B C:\xampp\htdocs\projects\palmasettimiinc\wp-content\plugins\jetpack\modules\sharedaddy\images\smart-digg@2x.png <-- dev-palmasettimiinc /wp-content/plugins/jetpack/modules/sharedaddy/images smart-digg@2x.png
2017.08.24 17:36 B C:\xampp\htdocs\projects\palmasettimiinc\wp-content\plugins\jetpack\modules\sharedaddy\images\smart-facebook.png <-- dev-palmasettimiinc /wp-content/plugins/jetpack/modules/sharedaddy/images smart-facebook.png
2017.08.24 17:36 B C:\xampp\htdocs\projects\palmasettimiinc\wp-content\plugins\jetpack\modules\sharedaddy\images\smart-facebook@2x.png <-- dev-palmasettimiinc /wp-content/plugins/jetpack/modules/sharedaddy/images smart-facebook@2x.png
2017.08.24 17:36 B C:\xampp\htdocs\projects\palmasettimiinc\wp-content\plugins\jetpack\modules\sharedaddy\images\smart-googleplus1.png <-- dev-palmasettimiinc /wp-content/plugins/jetpack/modules/sharedaddy/images smart-googleplus1.png
2017.08.24 17:36 B C:\xampp\htdocs\projects\palmasettimiinc\wp-content\plugins\jetpack\modules\sharedaddy\images\smart-googleplus1@2x.png <-- dev-palmasettimiinc /wp-content/plugins/jetpack/modules/sharedaddy/images smart-googleplus1@2x.png
2017.08.24 17:36 B C:\xampp\htdocs\projects\palmasettimiinc\wp-content\plugins\jetpack\modules\sharedaddy\images\smart-like.png <-- dev-palmasettimiinc /wp-content/plugins/jetpack/modules/sharedaddy/images smart-like.png
2017.08.24 17:36 B C:\xampp\htdocs\projects\palmasettimiinc\wp-content\plugins\jetpack\modules\sharedaddy\images\smart-like@2x.png <-- dev-palmasettimiinc /wp-content/plugins/jetpack/modules/sharedaddy/images smart-like@2x.png
2017.08.24 17:36 B C:\xampp\htdocs\projects\palmasettimiinc\wp-content\plugins\jetpack\modules\sharedaddy\images\smart-pinterest.png <-- dev-palmasettimiinc /wp-content/plugins/jetpack/modules/sharedaddy/images smart-pinterest.png
2017.08.24 17:36 B C:\xampp\htdocs\projects\palmasettimiinc\wp-content\plugins\jetpack\modules\sharedaddy\images\smart-pinterest@2x.png <-- dev-palmasettimiinc /wp-content/plugins/jetpack/modules/sharedaddy/images smart-pinterest@2x.png
2017.08.24 17:36 B C:\xampp\htdocs\projects\palmasettimiinc\wp-content\plugins\jetpack\modules\sharedaddy\images\smart-pocket.png <-- dev-palmasettimiinc /wp-content/plugins/jetpack/modules/sharedaddy/images smart-pocket.png
2017.08.24 17:36 B C:\xampp\htdocs\projects\palmasettimiinc\wp-content\plugins\jetpack\modules\sharedaddy\images\smart-pocket@2x.png <-- dev-palmasettimiinc /wp-content/plugins/jetpack/modules/sharedaddy/images smart-pocket@2x.png
2017.08.24 17:36 B C:\xampp\htdocs\projects\palmasettimiinc\wp-content\plugins\jetpack\modules\sharedaddy\images\smart-reddit.png <-- dev-palmasettimiinc /wp-content/plugins/jetpack/modules/sharedaddy/images smart-reddit.png
2017.08.24 17:36 B C:\xampp\htdocs\projects\palmasettimiinc\wp-content\plugins\jetpack\modules\sharedaddy\images\smart-reddit@2x.png <-- dev-palmasettimiinc /wp-content/plugins/jetpack/modules/sharedaddy/images smart-reddit@2x.png
2017.08.24 17:36 B C:\xampp\htdocs\projects\palmasettimiinc\wp-content\plugins\jetpack\modules\sharedaddy\images\smart-skype.png <-- dev-palmasettimiinc /wp-content/plugins/jetpack/modules/sharedaddy/images smart-skype.png
2017.08.24 17:36 B C:\xampp\htdocs\projects\palmasettimiinc\wp-content\plugins\jetpack\modules\sharedaddy\images\smart-skype@2x.png <-- dev-palmasettimiinc /wp-content/plugins/jetpack/modules/sharedaddy/images smart-skype@2x.png
2017.08.24 17:36 B C:\xampp\htdocs\projects\palmasettimiinc\wp-content\plugins\jetpack\modules\sharedaddy\images\smart-stumbleupon.png <-- dev-palmasettimiinc /wp-content/plugins/jetpack/modules/sharedaddy/images smart-stumbleupon.png
2017.08.24 17:36 B C:\xampp\htdocs\projects\palmasettimiinc\wp-content\plugins\jetpack\modules\sharedaddy\images\smart-stumbleupon@2x.png <-- dev-palmasettimiinc /wp-content/plugins/jetpack/modules/sharedaddy/images smart-stumbleupon@2x.png
2017.08.24 17:36 B C:\xampp\htdocs\projects\palmasettimiinc\wp-content\plugins\jetpack\modules\sharedaddy\images\smart-tumblr.png <-- dev-palmasettimiinc /wp-content/plugins/jetpack/modules/sharedaddy/images smart-tumblr.png
2017.08.24 17:36 B C:\xampp\htdocs\projects\palmasettimiinc\wp-content\plugins\jetpack\modules\sharedaddy\images\smart-tumblr@2x.png <-- dev-palmasettimiinc /wp-content/plugins/jetpack/modules/sharedaddy/images smart-tumblr@2x.png
2017.08.24 17:36 B C:\xampp\htdocs\projects\palmasettimiinc\wp-content\plugins\jetpack\modules\sharedaddy\images\smart-twitter.png <-- dev-palmasettimiinc /wp-content/plugins/jetpack/modules/sharedaddy/images smart-twitter.png
2017.08.24 17:36 B C:\xampp\htdocs\projects\palmasettimiinc\wp-content\plugins\jetpack\modules\sharedaddy\images\smart-twitter@2x.png <-- dev-palmasettimiinc /wp-content/plugins/jetpack/modules/sharedaddy/images smart-twitter@2x.png
2017.08.24 17:36 B C:\xampp\htdocs\projects\palmasettimiinc\wp-content\plugins\jetpack\modules\sharedaddy\images\tumblr.png <-- dev-palmasettimiinc /wp-content/plugins/jetpack/modules/sharedaddy/images tumblr.png
2017.08.24 17:36 B C:\xampp\htdocs\projects\palmasettimiinc\wp-content\plugins\jetpack\modules\sharedaddy\images\tumblr@2x.png <-- dev-palmasettimiinc /wp-content/plugins/jetpack/modules/sharedaddy/images tumblr@2x.png
2017.08.24 17:36 B C:\xampp\htdocs\projects\palmasettimiinc\wp-content\plugins\jetpack\modules\sharedaddy\images\twitter.png <-- dev-palmasettimiinc /wp-content/plugins/jetpack/modules/sharedaddy/images twitter.png
2017.08.24 17:36 B C:\xampp\htdocs\projects\palmasettimiinc\wp-content\plugins\jetpack\modules\sharedaddy\images\twitter@2x.png <-- dev-palmasettimiinc /wp-content/plugins/jetpack/modules/sharedaddy/images twitter@2x.png
2017.08.24 17:36 B C:\xampp\htdocs\projects\palmasettimiinc\wp-content\plugins\jetpack\modules\sharedaddy\images\wordpress.png <-- dev-palmasettimiinc /wp-content/plugins/jetpack/modules/sharedaddy/images wordpress.png
2017.08.24 17:36 B C:\xampp\htdocs\projects\palmasettimiinc\wp-content\plugins\jetpack\modules\sharedaddy\images\wordpress@2x.png <-- dev-palmasettimiinc /wp-content/plugins/jetpack/modules/sharedaddy/images wordpress@2x.png
