2017.08.24 17:43 B C:\xampp\htdocs\projects\palmasettimiinc\wp-content\plugins\wpforms-lite\assets\js\admin-builder-conditional-logic-core.js <-- dev-palmasettimiinc /wp-content/plugins/wpforms-lite/assets/js admin-builder-conditional-logic-core.js
2017.08.24 17:43 B C:\xampp\htdocs\projects\palmasettimiinc\wp-content\plugins\wpforms-lite\assets\js\admin-builder-conditional-logic-core.min.js <-- dev-palmasettimiinc /wp-content/plugins/wpforms-lite/assets/js admin-builder-conditional-logic-core.min.js
2017.08.24 17:43 B C:\xampp\htdocs\projects\palmasettimiinc\wp-content\plugins\wpforms-lite\assets\js\admin-builder-providers.js <-- dev-palmasettimiinc /wp-content/plugins/wpforms-lite/assets/js admin-builder-providers.js
2017.08.24 17:43 B C:\xampp\htdocs\projects\palmasettimiinc\wp-content\plugins\wpforms-lite\assets\js\admin-builder.js <-- dev-palmasettimiinc /wp-content/plugins/wpforms-lite/assets/js admin-builder.js
2017.08.24 17:44 B C:\xampp\htdocs\projects\palmasettimiinc\wp-content\plugins\wpforms-lite\assets\js\admin-editor.js <-- dev-palmasettimiinc /wp-content/plugins/wpforms-lite/assets/js admin-editor.js
2017.08.24 17:44 B C:\xampp\htdocs\projects\palmasettimiinc\wp-content\plugins\wpforms-lite\assets\js\admin-utils.js <-- dev-palmasettimiinc /wp-content/plugins/wpforms-lite/assets/js admin-utils.js
2017.08.24 17:44 B C:\xampp\htdocs\projects\palmasettimiinc\wp-content\plugins\wpforms-lite\assets\js\admin.min.js <-- dev-palmasettimiinc /wp-content/plugins/wpforms-lite/assets/js admin.min.js
2017.08.24 17:44 B C:\xampp\htdocs\projects\palmasettimiinc\wp-content\plugins\wpforms-lite\assets\js\choices.min.js <-- dev-palmasettimiinc /wp-content/plugins/wpforms-lite/assets/js choices.min.js
2017.08.24 17:44 B C:\xampp\htdocs\projects\palmasettimiinc\wp-content\plugins\wpforms-lite\assets\js\flatpickr.min.js <-- dev-palmasettimiinc /wp-content/plugins/wpforms-lite/assets/js flatpickr.min.js
2017.08.24 17:44 B C:\xampp\htdocs\projects\palmasettimiinc\wp-content\plugins\wpforms-lite\assets\js\jquery.conditionals.min.js <-- dev-palmasettimiinc /wp-content/plugins/wpforms-lite/assets/js jquery.conditionals.min.js
2017.08.24 17:44 B C:\xampp\htdocs\projects\palmasettimiinc\wp-content\plugins\wpforms-lite\assets\js\jquery.inputmask.bundle.min.js <-- dev-palmasettimiinc /wp-content/plugins/wpforms-lite/assets/js jquery.inputmask.bundle.min.js
2017.08.24 17:44 B C:\xampp\htdocs\projects\palmasettimiinc\wp-content\plugins\wpforms-lite\assets\js\jquery.insert-at-caret.min.js <-- dev-palmasettimiinc /wp-content/plugins/wpforms-lite/assets/js jquery.insert-at-caret.min.js
2017.08.24 17:44 B C:\xampp\htdocs\projects\palmasettimiinc\wp-content\plugins\wpforms-lite\assets\js\jquery.jquery-confirm.min.js <-- dev-palmasettimiinc /wp-content/plugins/wpforms-lite/assets/js jquery.jquery-confirm.min.js
2017.08.24 17:44 B C:\xampp\htdocs\projects\palmasettimiinc\wp-content\plugins\wpforms-lite\assets\js\jquery.matchHeight-min.js <-- dev-palmasettimiinc /wp-content/plugins/wpforms-lite/assets/js jquery.matchHeight-min.js
2017.08.24 17:44 B C:\xampp\htdocs\projects\palmasettimiinc\wp-content\plugins\wpforms-lite\assets\js\jquery.minicolors.min.js <-- dev-palmasettimiinc /wp-content/plugins/wpforms-lite/assets/js jquery.minicolors.min.js
2017.08.24 17:44 B C:\xampp\htdocs\projects\palmasettimiinc\wp-content\plugins\wpforms-lite\assets\js\jquery.payment.min.js <-- dev-palmasettimiinc /wp-content/plugins/wpforms-lite/assets/js jquery.payment.min.js
2017.08.24 17:44 B C:\xampp\htdocs\projects\palmasettimiinc\wp-content\plugins\wpforms-lite\assets\js\jquery.serialize-object.min.js <-- dev-palmasettimiinc /wp-content/plugins/wpforms-lite/assets/js jquery.serialize-object.min.js
2017.08.24 17:44 B C:\xampp\htdocs\projects\palmasettimiinc\wp-content\plugins\wpforms-lite\assets\js\jquery.timepicker.min.js <-- dev-palmasettimiinc /wp-content/plugins/wpforms-lite/assets/js jquery.timepicker.min.js
2017.08.24 17:44 B C:\xampp\htdocs\projects\palmasettimiinc\wp-content\plugins\wpforms-lite\assets\js\jquery.tooltipster.min.js <-- dev-palmasettimiinc /wp-content/plugins/wpforms-lite/assets/js jquery.tooltipster.min.js
2017.08.24 17:44 B C:\xampp\htdocs\projects\palmasettimiinc\wp-content\plugins\wpforms-lite\assets\js\jquery.validate.min.js <-- dev-palmasettimiinc /wp-content/plugins/wpforms-lite/assets/js jquery.validate.min.js
2017.08.24 17:44 B C:\xampp\htdocs\projects\palmasettimiinc\wp-content\plugins\wpforms-lite\assets\js\list.min.js <-- dev-palmasettimiinc /wp-content/plugins/wpforms-lite/assets/js list.min.js
2017.08.24 17:44 B C:\xampp\htdocs\projects\palmasettimiinc\wp-content\plugins\wpforms-lite\assets\js\wpforms-confirmation.js <-- dev-palmasettimiinc /wp-content/plugins/wpforms-lite/assets/js wpforms-confirmation.js
2017.08.24 17:44 B C:\xampp\htdocs\projects\palmasettimiinc\wp-content\plugins\wpforms-lite\assets\js\wpforms.js <-- dev-palmasettimiinc /wp-content/plugins/wpforms-lite/assets/js wpforms.js
