2017.08.24 17:46 A C:\xampp\htdocs\projects\palmasettimiinc\wp-includes\customize\class-wp-customize-background-image-control.php <-- dev-palmasettimiinc /wp-includes/customize class-wp-customize-background-image-control.php
2017.08.24 17:46 A C:\xampp\htdocs\projects\palmasettimiinc\wp-includes\customize\class-wp-customize-background-image-setting.php <-- dev-palmasettimiinc /wp-includes/customize class-wp-customize-background-image-setting.php
2017.08.24 17:46 A C:\xampp\htdocs\projects\palmasettimiinc\wp-includes\customize\class-wp-customize-background-position-control.php <-- dev-palmasettimiinc /wp-includes/customize class-wp-customize-background-position-control.php
2017.08.24 17:46 A C:\xampp\htdocs\projects\palmasettimiinc\wp-includes\customize\class-wp-customize-color-control.php <-- dev-palmasettimiinc /wp-includes/customize class-wp-customize-color-control.php
2017.08.24 17:46 A C:\xampp\htdocs\projects\palmasettimiinc\wp-includes\customize\class-wp-customize-cropped-image-control.php <-- dev-palmasettimiinc /wp-includes/customize class-wp-customize-cropped-image-control.php
2017.08.24 17:46 A C:\xampp\htdocs\projects\palmasettimiinc\wp-includes\customize\class-wp-customize-custom-css-setting.php <-- dev-palmasettimiinc /wp-includes/customize class-wp-customize-custom-css-setting.php
2017.08.24 17:46 A C:\xampp\htdocs\projects\palmasettimiinc\wp-includes\customize\class-wp-customize-filter-setting.php <-- dev-palmasettimiinc /wp-includes/customize class-wp-customize-filter-setting.php
2017.08.24 17:46 A C:\xampp\htdocs\projects\palmasettimiinc\wp-includes\customize\class-wp-customize-header-image-control.php <-- dev-palmasettimiinc /wp-includes/customize class-wp-customize-header-image-control.php
2017.08.24 17:46 A C:\xampp\htdocs\projects\palmasettimiinc\wp-includes\customize\class-wp-customize-header-image-setting.php <-- dev-palmasettimiinc /wp-includes/customize class-wp-customize-header-image-setting.php
2017.08.24 17:46 A C:\xampp\htdocs\projects\palmasettimiinc\wp-includes\customize\class-wp-customize-image-control.php <-- dev-palmasettimiinc /wp-includes/customize class-wp-customize-image-control.php
2017.08.24 17:46 A C:\xampp\htdocs\projects\palmasettimiinc\wp-includes\customize\class-wp-customize-media-control.php <-- dev-palmasettimiinc /wp-includes/customize class-wp-customize-media-control.php
2017.08.24 17:46 A C:\xampp\htdocs\projects\palmasettimiinc\wp-includes\customize\class-wp-customize-nav-menu-auto-add-control.php <-- dev-palmasettimiinc /wp-includes/customize class-wp-customize-nav-menu-auto-add-control.php
2017.08.24 17:46 A C:\xampp\htdocs\projects\palmasettimiinc\wp-includes\customize\class-wp-customize-nav-menu-control.php <-- dev-palmasettimiinc /wp-includes/customize class-wp-customize-nav-menu-control.php
2017.08.24 17:46 A C:\xampp\htdocs\projects\palmasettimiinc\wp-includes\customize\class-wp-customize-nav-menu-item-control.php <-- dev-palmasettimiinc /wp-includes/customize class-wp-customize-nav-menu-item-control.php
2017.08.24 17:46 A C:\xampp\htdocs\projects\palmasettimiinc\wp-includes\customize\class-wp-customize-nav-menu-item-setting.php <-- dev-palmasettimiinc /wp-includes/customize class-wp-customize-nav-menu-item-setting.php
2017.08.24 17:46 A C:\xampp\htdocs\projects\palmasettimiinc\wp-includes\customize\class-wp-customize-nav-menu-location-control.php <-- dev-palmasettimiinc /wp-includes/customize class-wp-customize-nav-menu-location-control.php
2017.08.24 17:46 A C:\xampp\htdocs\projects\palmasettimiinc\wp-includes\customize\class-wp-customize-nav-menu-name-control.php <-- dev-palmasettimiinc /wp-includes/customize class-wp-customize-nav-menu-name-control.php
2017.08.24 17:46 A C:\xampp\htdocs\projects\palmasettimiinc\wp-includes\customize\class-wp-customize-nav-menu-section.php <-- dev-palmasettimiinc /wp-includes/customize class-wp-customize-nav-menu-section.php
2017.08.24 17:46 A C:\xampp\htdocs\projects\palmasettimiinc\wp-includes\customize\class-wp-customize-nav-menu-setting.php <-- dev-palmasettimiinc /wp-includes/customize class-wp-customize-nav-menu-setting.php
2017.08.24 17:46 A C:\xampp\htdocs\projects\palmasettimiinc\wp-includes\customize\class-wp-customize-nav-menus-panel.php <-- dev-palmasettimiinc /wp-includes/customize class-wp-customize-nav-menus-panel.php
2017.08.24 17:46 A C:\xampp\htdocs\projects\palmasettimiinc\wp-includes\customize\class-wp-customize-new-menu-control.php <-- dev-palmasettimiinc /wp-includes/customize class-wp-customize-new-menu-control.php
2017.08.24 17:46 A C:\xampp\htdocs\projects\palmasettimiinc\wp-includes\customize\class-wp-customize-new-menu-section.php <-- dev-palmasettimiinc /wp-includes/customize class-wp-customize-new-menu-section.php
2017.08.24 17:46 A C:\xampp\htdocs\projects\palmasettimiinc\wp-includes\customize\class-wp-customize-partial.php <-- dev-palmasettimiinc /wp-includes/customize class-wp-customize-partial.php
2017.08.24 17:46 A C:\xampp\htdocs\projects\palmasettimiinc\wp-includes\customize\class-wp-customize-selective-refresh.php <-- dev-palmasettimiinc /wp-includes/customize class-wp-customize-selective-refresh.php
2017.08.24 17:46 A C:\xampp\htdocs\projects\palmasettimiinc\wp-includes\customize\class-wp-customize-sidebar-section.php <-- dev-palmasettimiinc /wp-includes/customize class-wp-customize-sidebar-section.php
2017.08.24 17:46 A C:\xampp\htdocs\projects\palmasettimiinc\wp-includes\customize\class-wp-customize-site-icon-control.php <-- dev-palmasettimiinc /wp-includes/customize class-wp-customize-site-icon-control.php
2017.08.24 17:46 A C:\xampp\htdocs\projects\palmasettimiinc\wp-includes\customize\class-wp-customize-theme-control.php <-- dev-palmasettimiinc /wp-includes/customize class-wp-customize-theme-control.php
2017.08.24 17:46 A C:\xampp\htdocs\projects\palmasettimiinc\wp-includes\customize\class-wp-customize-themes-section.php <-- dev-palmasettimiinc /wp-includes/customize class-wp-customize-themes-section.php
2017.08.24 17:46 A C:\xampp\htdocs\projects\palmasettimiinc\wp-includes\customize\class-wp-customize-upload-control.php <-- dev-palmasettimiinc /wp-includes/customize class-wp-customize-upload-control.php
2017.08.24 17:46 A C:\xampp\htdocs\projects\palmasettimiinc\wp-includes\customize\class-wp-widget-area-customize-control.php <-- dev-palmasettimiinc /wp-includes/customize class-wp-widget-area-customize-control.php
2017.08.24 17:46 A C:\xampp\htdocs\projects\palmasettimiinc\wp-includes\customize\class-wp-widget-form-customize-control.php <-- dev-palmasettimiinc /wp-includes/customize class-wp-widget-form-customize-control.php
