2017.08.24 17:29 B C:\xampp\htdocs\projects\palmasettimiinc\wp-content\plugins\jetpack\_inc\accessible-focus.js <-- dev-palmasettimiinc /wp-content/plugins/jetpack/_inc accessible-focus.js
2017.08.24 17:29 B C:\xampp\htdocs\projects\palmasettimiinc\wp-content\plugins\jetpack\_inc\facebook-embed.js <-- dev-palmasettimiinc /wp-content/plugins/jetpack/_inc facebook-embed.js
2017.08.24 17:29 B C:\xampp\htdocs\projects\palmasettimiinc\wp-content\plugins\jetpack\_inc\gallery-settings.js <-- dev-palmasettimiinc /wp-content/plugins/jetpack/_inc gallery-settings.js
2017.08.24 17:29 B C:\xampp\htdocs\projects\palmasettimiinc\wp-content\plugins\jetpack\_inc\idc-notice.js <-- dev-palmasettimiinc /wp-content/plugins/jetpack/_inc idc-notice.js
2017.08.24 17:29 B C:\xampp\htdocs\projects\palmasettimiinc\wp-content\plugins\jetpack\_inc\jetpack-admin.js <-- dev-palmasettimiinc /wp-content/plugins/jetpack/_inc jetpack-admin.js
2017.08.24 17:29 B C:\xampp\htdocs\projects\palmasettimiinc\wp-content\plugins\jetpack\_inc\jetpack-connection-banner.js <-- dev-palmasettimiinc /wp-content/plugins/jetpack/_inc jetpack-connection-banner.js
2017.08.24 17:29 B C:\xampp\htdocs\projects\palmasettimiinc\wp-content\plugins\jetpack\_inc\jetpack-jitm.js <-- dev-palmasettimiinc /wp-content/plugins/jetpack/_inc jetpack-jitm.js
2017.08.24 17:29 B C:\xampp\htdocs\projects\palmasettimiinc\wp-content\plugins\jetpack\_inc\jetpack-modules.js <-- dev-palmasettimiinc /wp-content/plugins/jetpack/_inc jetpack-modules.js
2017.08.24 17:29 B C:\xampp\htdocs\projects\palmasettimiinc\wp-content\plugins\jetpack\_inc\jetpack-modules.models.js <-- dev-palmasettimiinc /wp-content/plugins/jetpack/_inc jetpack-modules.models.js
2017.08.24 17:29 B C:\xampp\htdocs\projects\palmasettimiinc\wp-content\plugins\jetpack\_inc\jetpack-modules.views.js <-- dev-palmasettimiinc /wp-content/plugins/jetpack/_inc jetpack-modules.views.js
2017.08.24 17:29 B C:\xampp\htdocs\projects\palmasettimiinc\wp-content\plugins\jetpack\_inc\jquery.jetpack-resize.js <-- dev-palmasettimiinc /wp-content/plugins/jetpack/_inc jquery.jetpack-resize.js
2017.08.24 17:29 B C:\xampp\htdocs\projects\palmasettimiinc\wp-content\plugins\jetpack\_inc\jquery.spin.js <-- dev-palmasettimiinc /wp-content/plugins/jetpack/_inc jquery.spin.js
2017.08.24 17:29 B C:\xampp\htdocs\projects\palmasettimiinc\wp-content\plugins\jetpack\_inc\postmessage.js <-- dev-palmasettimiinc /wp-content/plugins/jetpack/_inc postmessage.js
2017.08.24 17:29 B C:\xampp\htdocs\projects\palmasettimiinc\wp-content\plugins\jetpack\_inc\spin.js <-- dev-palmasettimiinc /wp-content/plugins/jetpack/_inc spin.js
2017.08.24 17:29 B C:\xampp\htdocs\projects\palmasettimiinc\wp-content\plugins\jetpack\_inc\twitter-timeline.js <-- dev-palmasettimiinc /wp-content/plugins/jetpack/_inc twitter-timeline.js
2017.08.24 17:29 A C:\xampp\htdocs\projects\palmasettimiinc\wp-content\plugins\jetpack\_inc\footer.php <-- dev-palmasettimiinc /wp-content/plugins/jetpack/_inc footer.php
2017.08.24 17:29 A C:\xampp\htdocs\projects\palmasettimiinc\wp-content\plugins\jetpack\_inc\genericons.php <-- dev-palmasettimiinc /wp-content/plugins/jetpack/_inc genericons.php
2017.08.24 17:29 A C:\xampp\htdocs\projects\palmasettimiinc\wp-content\plugins\jetpack\_inc\header.php <-- dev-palmasettimiinc /wp-content/plugins/jetpack/_inc header.php
2017.08.24 17:29 A C:\xampp\htdocs\projects\palmasettimiinc\wp-content\plugins\jetpack\_inc\jetpack-strings.php <-- dev-palmasettimiinc /wp-content/plugins/jetpack/_inc jetpack-strings.php
2017.08.24 17:29 A C:\xampp\htdocs\projects\palmasettimiinc\wp-content\plugins\jetpack\_inc\social-logos.php <-- dev-palmasettimiinc /wp-content/plugins/jetpack/_inc social-logos.php
